[2020-07-07T08:53:15.217] [ERROR] app - { Error: insert into `user` (`created_by`, `id`, `name`, `user`) values (DEFAULT, '68779de2-b5e2-44d5-9305-bce8ad157db2', '33', '2345') - ER_DUP_ENTRY: Duplicate entry '2345' for key 'user_user_unique'
    at Query.Sequence._packetToError (C:\Users\BIM02\Desktop\ServerKT\node_modules\mysql\lib\protocol\sequences\Sequence.js:47:14)
    at Query.ErrorPacket (C:\Users\BIM02\Desktop\ServerKT\node_modules\mysql\lib\protocol\sequences\Query.js:79:18)
    at Protocol._parsePacket (C:\Users\BIM02\Desktop\ServerKT\node_modules\mysql\lib\protocol\Protocol.js:291:23)
    at Parser._parsePacket (C:\Users\BIM02\Desktop\ServerKT\node_modules\mysql\lib\protocol\Parser.js:433:10)
    at Parser.write (C:\Users\BIM02\Desktop\ServerKT\node_modules\mysql\lib\protocol\Parser.js:43:10)
    at Protocol.write (C:\Users\BIM02\Desktop\ServerKT\node_modules\mysql\lib\protocol\Protocol.js:38:16)
    at Socket.<anonymous> (C:\Users\BIM02\Desktop\ServerKT\node_modules\mysql\lib\Connection.js:88:28)
    at Socket.<anonymous> (C:\Users\BIM02\Desktop\ServerKT\node_modules\mysql\lib\Connection.js:526:10)
    at Socket.emit (events.js:182:13)
    at addChunk (_stream_readable.js:283:12)
    at readableAddChunk (_stream_readable.js:264:11)
    at Socket.Readable.push (_stream_readable.js:219:10)
    at TCP.onStreamRead [as onread] (internal/stream_base_commons.js:94:17)
    at Protocol._enqueue (C:\Users\BIM02\Desktop\ServerKT\node_modules\mysql\lib\protocol\Protocol.js:144:48)
    at Connection.query (C:\Users\BIM02\Desktop\ServerKT\node_modules\mysql\lib\Connection.js:198:25)
    at C:\Users\BIM02\Desktop\ServerKT\node_modules\knex\lib\dialects\mysql\index.js:135:18
    at new Promise (<anonymous>)
    at Client_MySQL._query (C:\Users\BIM02\Desktop\ServerKT\node_modules\knex\lib\dialects\mysql\index.js:129:12)
    at Client_MySQL.query (C:\Users\BIM02\Desktop\ServerKT\node_modules\knex\lib\client.js:169:17)
    at C:\Users\BIM02\Desktop\ServerKT\node_modules\knex\lib\transaction.js:321:24
    at new Promise (<anonymous>)
    at Client_MySQL.trxClient.query (C:\Users\BIM02\Desktop\ServerKT\node_modules\knex\lib\transaction.js:316:12)
    at Runner.query (C:\Users\BIM02\Desktop\ServerKT\node_modules\knex\lib\runner.js:134:36)
    at C:\Users\BIM02\Desktop\ServerKT\node_modules\knex\lib\runner.js:40:23
    at client.acquireConnection.catch.then (C:\Users\BIM02\Desktop\ServerKT\node_modules\knex\lib\runner.js:260:24)
From previous event:
    at Child.<anonymous> (C:\Users\BIM02\Desktop\ServerKT\node_modules\bookshelf\lib\model.js:1160:42)
From previous event:
    at Child.<anonymous> (C:\Users\BIM02\Desktop\ServerKT\node_modules\bookshelf\lib\model.js:1159:14)
    at runCallback (timers.js:694:18)
    at tryOnImmediate (timers.js:665:5)
    at processImmediate (timers.js:647:5)
From previous event:
    at Child.<anonymous> (C:\Users\BIM02\Desktop\ServerKT\node_modules\bookshelf\lib\model.js:1060:10)
From previous event:
    at B.transaction.trx (C:\Users\BIM02\Desktop\ServerKT\restful\v0\users.js:35:29)
    at init.then.then (C:\Users\BIM02\Desktop\ServerKT\node_modules\knex\lib\transaction.js:184:22)
    at process._tickCallback (internal/process/next_tick.js:68:7)
  code: 'ER_DUP_ENTRY',
  errno: 1062,
  sqlMessage: 'Duplicate entry \'2345\' for key \'user_user_unique\'',
  sqlState: '23000',
  index: 0,
  sql:
   'insert into `user` (`created_by`, `id`, `name`, `user`) values (DEFAULT, \'68779de2-b5e2-44d5-9305-bce8ad157db2\', \'33\', \'2345\')' }
[2020-07-07T08:53:35.551] [ERROR] app - { Error: insert into `user` (`created_by`, `id`, `name`, `user`) values (DEFAULT, '649d9b7d-60ad-4bd2-a157-619641ed2eb9', '33', '2345') - ER_DUP_ENTRY: Duplicate entry '2345' for key 'user_user_unique'
    at Query.Sequence._packetToError (C:\Users\BIM02\Desktop\ServerKT\node_modules\mysql\lib\protocol\sequences\Sequence.js:47:14)
    at Query.ErrorPacket (C:\Users\BIM02\Desktop\ServerKT\node_modules\mysql\lib\protocol\sequences\Query.js:79:18)
    at Protocol._parsePacket (C:\Users\BIM02\Desktop\ServerKT\node_modules\mysql\lib\protocol\Protocol.js:291:23)
    at Parser._parsePacket (C:\Users\BIM02\Desktop\ServerKT\node_modules\mysql\lib\protocol\Parser.js:433:10)
    at Parser.write (C:\Users\BIM02\Desktop\ServerKT\node_modules\mysql\lib\protocol\Parser.js:43:10)
    at Protocol.write (C:\Users\BIM02\Desktop\ServerKT\node_modules\mysql\lib\protocol\Protocol.js:38:16)
    at Socket.<anonymous> (C:\Users\BIM02\Desktop\ServerKT\node_modules\mysql\lib\Connection.js:88:28)
    at Socket.<anonymous> (C:\Users\BIM02\Desktop\ServerKT\node_modules\mysql\lib\Connection.js:526:10)
    at Socket.emit (events.js:182:13)
    at addChunk (_stream_readable.js:283:12)
    at readableAddChunk (_stream_readable.js:264:11)
    at Socket.Readable.push (_stream_readable.js:219:10)
    at TCP.onStreamRead [as onread] (internal/stream_base_commons.js:94:17)
    at Protocol._enqueue (C:\Users\BIM02\Desktop\ServerKT\node_modules\mysql\lib\protocol\Protocol.js:144:48)
    at Connection.query (C:\Users\BIM02\Desktop\ServerKT\node_modules\mysql\lib\Connection.js:198:25)
    at C:\Users\BIM02\Desktop\ServerKT\node_modules\knex\lib\dialects\mysql\index.js:135:18
    at new Promise (<anonymous>)
    at Client_MySQL._query (C:\Users\BIM02\Desktop\ServerKT\node_modules\knex\lib\dialects\mysql\index.js:129:12)
    at Client_MySQL.query (C:\Users\BIM02\Desktop\ServerKT\node_modules\knex\lib\client.js:169:17)
    at C:\Users\BIM02\Desktop\ServerKT\node_modules\knex\lib\transaction.js:321:24
    at new Promise (<anonymous>)
    at Client_MySQL.trxClient.query (C:\Users\BIM02\Desktop\ServerKT\node_modules\knex\lib\transaction.js:316:12)
    at Runner.query (C:\Users\BIM02\Desktop\ServerKT\node_modules\knex\lib\runner.js:134:36)
    at C:\Users\BIM02\Desktop\ServerKT\node_modules\knex\lib\runner.js:40:23
    at client.acquireConnection.catch.then (C:\Users\BIM02\Desktop\ServerKT\node_modules\knex\lib\runner.js:260:24)
From previous event:
    at Child.<anonymous> (C:\Users\BIM02\Desktop\ServerKT\node_modules\bookshelf\lib\model.js:1160:42)
From previous event:
    at Child.<anonymous> (C:\Users\BIM02\Desktop\ServerKT\node_modules\bookshelf\lib\model.js:1159:14)
    at runCallback (timers.js:694:18)
    at tryOnImmediate (timers.js:665:5)
    at processImmediate (timers.js:647:5)
From previous event:
    at Child.<anonymous> (C:\Users\BIM02\Desktop\ServerKT\node_modules\bookshelf\lib\model.js:1060:10)
From previous event:
    at B.transaction.trx (C:\Users\BIM02\Desktop\ServerKT\restful\v0\users.js:35:29)
    at init.then.then (C:\Users\BIM02\Desktop\ServerKT\node_modules\knex\lib\transaction.js:184:22)
    at process._tickCallback (internal/process/next_tick.js:68:7)
  code: 'ER_DUP_ENTRY',
  errno: 1062,
  sqlMessage: 'Duplicate entry \'2345\' for key \'user_user_unique\'',
  sqlState: '23000',
  index: 0,
  sql:
   'insert into `user` (`created_by`, `id`, `name`, `user`) values (DEFAULT, \'649d9b7d-60ad-4bd2-a157-619641ed2eb9\', \'33\', \'2345\')' }
[2020-07-07T08:53:43.913] [ERROR] app - { Error: insert into `user` (`created_by`, `id`, `name`, `user`) values (DEFAULT, '107c951d-56c1-44b9-a77e-0424579177fd', '33', '2345') - ER_DUP_ENTRY: Duplicate entry '2345' for key 'user_user_unique'
    at Query.Sequence._packetToError (C:\Users\BIM02\Desktop\ServerKT\node_modules\mysql\lib\protocol\sequences\Sequence.js:47:14)
    at Query.ErrorPacket (C:\Users\BIM02\Desktop\ServerKT\node_modules\mysql\lib\protocol\sequences\Query.js:79:18)
    at Protocol._parsePacket (C:\Users\BIM02\Desktop\ServerKT\node_modules\mysql\lib\protocol\Protocol.js:291:23)
    at Parser._parsePacket (C:\Users\BIM02\Desktop\ServerKT\node_modules\mysql\lib\protocol\Parser.js:433:10)
    at Parser.write (C:\Users\BIM02\Desktop\ServerKT\node_modules\mysql\lib\protocol\Parser.js:43:10)
    at Protocol.write (C:\Users\BIM02\Desktop\ServerKT\node_modules\mysql\lib\protocol\Protocol.js:38:16)
    at Socket.<anonymous> (C:\Users\BIM02\Desktop\ServerKT\node_modules\mysql\lib\Connection.js:88:28)
    at Socket.<anonymous> (C:\Users\BIM02\Desktop\ServerKT\node_modules\mysql\lib\Connection.js:526:10)
    at Socket.emit (events.js:182:13)
    at addChunk (_stream_readable.js:283:12)
    at readableAddChunk (_stream_readable.js:264:11)
    at Socket.Readable.push (_stream_readable.js:219:10)
    at TCP.onStreamRead [as onread] (internal/stream_base_commons.js:94:17)
    at Protocol._enqueue (C:\Users\BIM02\Desktop\ServerKT\node_modules\mysql\lib\protocol\Protocol.js:144:48)
    at Connection.query (C:\Users\BIM02\Desktop\ServerKT\node_modules\mysql\lib\Connection.js:198:25)
    at C:\Users\BIM02\Desktop\ServerKT\node_modules\knex\lib\dialects\mysql\index.js:135:18
    at new Promise (<anonymous>)
    at Client_MySQL._query (C:\Users\BIM02\Desktop\ServerKT\node_modules\knex\lib\dialects\mysql\index.js:129:12)
    at Client_MySQL.query (C:\Users\BIM02\Desktop\ServerKT\node_modules\knex\lib\client.js:169:17)
    at C:\Users\BIM02\Desktop\ServerKT\node_modules\knex\lib\transaction.js:321:24
    at new Promise (<anonymous>)
    at Client_MySQL.trxClient.query (C:\Users\BIM02\Desktop\ServerKT\node_modules\knex\lib\transaction.js:316:12)
    at Runner.query (C:\Users\BIM02\Desktop\ServerKT\node_modules\knex\lib\runner.js:134:36)
    at C:\Users\BIM02\Desktop\ServerKT\node_modules\knex\lib\runner.js:40:23
    at client.acquireConnection.catch.then (C:\Users\BIM02\Desktop\ServerKT\node_modules\knex\lib\runner.js:260:24)
From previous event:
    at Child.<anonymous> (C:\Users\BIM02\Desktop\ServerKT\node_modules\bookshelf\lib\model.js:1160:42)
From previous event:
    at Child.<anonymous> (C:\Users\BIM02\Desktop\ServerKT\node_modules\bookshelf\lib\model.js:1159:14)
    at runCallback (timers.js:694:18)
    at tryOnImmediate (timers.js:665:5)
    at processImmediate (timers.js:647:5)
From previous event:
    at Child.<anonymous> (C:\Users\BIM02\Desktop\ServerKT\node_modules\bookshelf\lib\model.js:1060:10)
From previous event:
    at B.transaction.trx (C:\Users\BIM02\Desktop\ServerKT\restful\v0\users.js:35:29)
    at init.then.then (C:\Users\BIM02\Desktop\ServerKT\node_modules\knex\lib\transaction.js:184:22)
    at process._tickCallback (internal/process/next_tick.js:68:7)
  code: 'ER_DUP_ENTRY',
  errno: 1062,
  sqlMessage: 'Duplicate entry \'2345\' for key \'user_user_unique\'',
  sqlState: '23000',
  index: 0,
  sql:
   'insert into `user` (`created_by`, `id`, `name`, `user`) values (DEFAULT, \'107c951d-56c1-44b9-a77e-0424579177fd\', \'33\', \'2345\')' }
[2020-07-07T08:53:56.077] [ERROR] app - { Error: insert into `user` (`created_by`, `id`, `name`, `user`) values (DEFAULT, '8c73cf29-9e5b-4394-a9c6-1cf8d2ea5f31', '33', '2345') - ER_DUP_ENTRY: Duplicate entry '2345' for key 'user_user_unique'
    at Query.Sequence._packetToError (C:\Users\BIM02\Desktop\ServerKT\node_modules\mysql\lib\protocol\sequences\Sequence.js:47:14)
    at Query.ErrorPacket (C:\Users\BIM02\Desktop\ServerKT\node_modules\mysql\lib\protocol\sequences\Query.js:79:18)
    at Protocol._parsePacket (C:\Users\BIM02\Desktop\ServerKT\node_modules\mysql\lib\protocol\Protocol.js:291:23)
    at Parser._parsePacket (C:\Users\BIM02\Desktop\ServerKT\node_modules\mysql\lib\protocol\Parser.js:433:10)
    at Parser.write (C:\Users\BIM02\Desktop\ServerKT\node_modules\mysql\lib\protocol\Parser.js:43:10)
    at Protocol.write (C:\Users\BIM02\Desktop\ServerKT\node_modules\mysql\lib\protocol\Protocol.js:38:16)
    at Socket.<anonymous> (C:\Users\BIM02\Desktop\ServerKT\node_modules\mysql\lib\Connection.js:88:28)
    at Socket.<anonymous> (C:\Users\BIM02\Desktop\ServerKT\node_modules\mysql\lib\Connection.js:526:10)
    at Socket.emit (events.js:182:13)
    at addChunk (_stream_readable.js:283:12)
    at readableAddChunk (_stream_readable.js:264:11)
    at Socket.Readable.push (_stream_readable.js:219:10)
    at TCP.onStreamRead [as onread] (internal/stream_base_commons.js:94:17)
    at Protocol._enqueue (C:\Users\BIM02\Desktop\ServerKT\node_modules\mysql\lib\protocol\Protocol.js:144:48)
    at Connection.query (C:\Users\BIM02\Desktop\ServerKT\node_modules\mysql\lib\Connection.js:198:25)
    at C:\Users\BIM02\Desktop\ServerKT\node_modules\knex\lib\dialects\mysql\index.js:135:18
    at new Promise (<anonymous>)
    at Client_MySQL._query (C:\Users\BIM02\Desktop\ServerKT\node_modules\knex\lib\dialects\mysql\index.js:129:12)
    at Client_MySQL.query (C:\Users\BIM02\Desktop\ServerKT\node_modules\knex\lib\client.js:169:17)
    at C:\Users\BIM02\Desktop\ServerKT\node_modules\knex\lib\transaction.js:321:24
    at new Promise (<anonymous>)
    at Client_MySQL.trxClient.query (C:\Users\BIM02\Desktop\ServerKT\node_modules\knex\lib\transaction.js:316:12)
    at Runner.query (C:\Users\BIM02\Desktop\ServerKT\node_modules\knex\lib\runner.js:134:36)
    at C:\Users\BIM02\Desktop\ServerKT\node_modules\knex\lib\runner.js:40:23
    at client.acquireConnection.catch.then (C:\Users\BIM02\Desktop\ServerKT\node_modules\knex\lib\runner.js:260:24)
From previous event:
    at Child.<anonymous> (C:\Users\BIM02\Desktop\ServerKT\node_modules\bookshelf\lib\model.js:1160:42)
From previous event:
    at Child.<anonymous> (C:\Users\BIM02\Desktop\ServerKT\node_modules\bookshelf\lib\model.js:1159:14)
    at runCallback (timers.js:694:18)
    at tryOnImmediate (timers.js:665:5)
    at processImmediate (timers.js:647:5)
From previous event:
    at Child.<anonymous> (C:\Users\BIM02\Desktop\ServerKT\node_modules\bookshelf\lib\model.js:1060:10)
From previous event:
    at B.transaction.trx (C:\Users\BIM02\Desktop\ServerKT\restful\v0\users.js:35:29)
    at init.then.then (C:\Users\BIM02\Desktop\ServerKT\node_modules\knex\lib\transaction.js:184:22)
    at process._tickCallback (internal/process/next_tick.js:68:7)
  code: 'ER_DUP_ENTRY',
  errno: 1062,
  sqlMessage: 'Duplicate entry \'2345\' for key \'user_user_unique\'',
  sqlState: '23000',
  index: 0,
  sql:
   'insert into `user` (`created_by`, `id`, `name`, `user`) values (DEFAULT, \'8c73cf29-9e5b-4394-a9c6-1cf8d2ea5f31\', \'33\', \'2345\')' }
[2020-07-07T08:54:12.790] [ERROR] app - { Error: insert into `user` (`created_by`, `id`, `name`, `user`) values (DEFAULT, 'b26e44fc-36e9-4fb8-a85a-5bc8888e1786', '33', '2345') - ER_DUP_ENTRY: Duplicate entry '2345' for key 'user_user_unique'
    at Query.Sequence._packetToError (C:\Users\BIM02\Desktop\ServerKT\node_modules\mysql\lib\protocol\sequences\Sequence.js:47:14)
    at Query.ErrorPacket (C:\Users\BIM02\Desktop\ServerKT\node_modules\mysql\lib\protocol\sequences\Query.js:79:18)
    at Protocol._parsePacket (C:\Users\BIM02\Desktop\ServerKT\node_modules\mysql\lib\protocol\Protocol.js:291:23)
    at Parser._parsePacket (C:\Users\BIM02\Desktop\ServerKT\node_modules\mysql\lib\protocol\Parser.js:433:10)
    at Parser.write (C:\Users\BIM02\Desktop\ServerKT\node_modules\mysql\lib\protocol\Parser.js:43:10)
    at Protocol.write (C:\Users\BIM02\Desktop\ServerKT\node_modules\mysql\lib\protocol\Protocol.js:38:16)
    at Socket.<anonymous> (C:\Users\BIM02\Desktop\ServerKT\node_modules\mysql\lib\Connection.js:88:28)
    at Socket.<anonymous> (C:\Users\BIM02\Desktop\ServerKT\node_modules\mysql\lib\Connection.js:526:10)
    at Socket.emit (events.js:182:13)
    at addChunk (_stream_readable.js:283:12)
    at readableAddChunk (_stream_readable.js:264:11)
    at Socket.Readable.push (_stream_readable.js:219:10)
    at TCP.onStreamRead [as onread] (internal/stream_base_commons.js:94:17)
    at Protocol._enqueue (C:\Users\BIM02\Desktop\ServerKT\node_modules\mysql\lib\protocol\Protocol.js:144:48)
    at Connection.query (C:\Users\BIM02\Desktop\ServerKT\node_modules\mysql\lib\Connection.js:198:25)
    at C:\Users\BIM02\Desktop\ServerKT\node_modules\knex\lib\dialects\mysql\index.js:135:18
    at new Promise (<anonymous>)
    at Client_MySQL._query (C:\Users\BIM02\Desktop\ServerKT\node_modules\knex\lib\dialects\mysql\index.js:129:12)
    at Client_MySQL.query (C:\Users\BIM02\Desktop\ServerKT\node_modules\knex\lib\client.js:169:17)
    at C:\Users\BIM02\Desktop\ServerKT\node_modules\knex\lib\transaction.js:321:24
    at new Promise (<anonymous>)
    at Client_MySQL.trxClient.query (C:\Users\BIM02\Desktop\ServerKT\node_modules\knex\lib\transaction.js:316:12)
    at Runner.query (C:\Users\BIM02\Desktop\ServerKT\node_modules\knex\lib\runner.js:134:36)
    at C:\Users\BIM02\Desktop\ServerKT\node_modules\knex\lib\runner.js:40:23
    at client.acquireConnection.catch.then (C:\Users\BIM02\Desktop\ServerKT\node_modules\knex\lib\runner.js:260:24)
From previous event:
    at Child.<anonymous> (C:\Users\BIM02\Desktop\ServerKT\node_modules\bookshelf\lib\model.js:1160:42)
From previous event:
    at Child.<anonymous> (C:\Users\BIM02\Desktop\ServerKT\node_modules\bookshelf\lib\model.js:1159:14)
    at runCallback (timers.js:694:18)
    at tryOnImmediate (timers.js:665:5)
    at processImmediate (timers.js:647:5)
From previous event:
    at Child.<anonymous> (C:\Users\BIM02\Desktop\ServerKT\node_modules\bookshelf\lib\model.js:1060:10)
From previous event:
    at B.transaction.trx (C:\Users\BIM02\Desktop\ServerKT\restful\v0\users.js:35:29)
    at init.then.then (C:\Users\BIM02\Desktop\ServerKT\node_modules\knex\lib\transaction.js:184:22)
    at process._tickCallback (internal/process/next_tick.js:68:7)
  code: 'ER_DUP_ENTRY',
  errno: 1062,
  sqlMessage: 'Duplicate entry \'2345\' for key \'user_user_unique\'',
  sqlState: '23000',
  index: 0,
  sql:
   'insert into `user` (`created_by`, `id`, `name`, `user`) values (DEFAULT, \'b26e44fc-36e9-4fb8-a85a-5bc8888e1786\', \'33\', \'2345\')' }
[2020-07-07T08:54:31.765] [ERROR] app - { Error: insert into `user` (`created_by`, `id`, `name`, `user`) values (DEFAULT, '74db3f08-be74-45fb-a459-11795f2b35c3', '32', '2345') - ER_DUP_ENTRY: Duplicate entry '2345' for key 'user_user_unique'
    at Query.Sequence._packetToError (C:\Users\BIM02\Desktop\ServerKT\node_modules\mysql\lib\protocol\sequences\Sequence.js:47:14)
    at Query.ErrorPacket (C:\Users\BIM02\Desktop\ServerKT\node_modules\mysql\lib\protocol\sequences\Query.js:79:18)
    at Protocol._parsePacket (C:\Users\BIM02\Desktop\ServerKT\node_modules\mysql\lib\protocol\Protocol.js:291:23)
    at Parser._parsePacket (C:\Users\BIM02\Desktop\ServerKT\node_modules\mysql\lib\protocol\Parser.js:433:10)
    at Parser.write (C:\Users\BIM02\Desktop\ServerKT\node_modules\mysql\lib\protocol\Parser.js:43:10)
    at Protocol.write (C:\Users\BIM02\Desktop\ServerKT\node_modules\mysql\lib\protocol\Protocol.js:38:16)
    at Socket.<anonymous> (C:\Users\BIM02\Desktop\ServerKT\node_modules\mysql\lib\Connection.js:88:28)
    at Socket.<anonymous> (C:\Users\BIM02\Desktop\ServerKT\node_modules\mysql\lib\Connection.js:526:10)
    at Socket.emit (events.js:182:13)
    at addChunk (_stream_readable.js:283:12)
    at readableAddChunk (_stream_readable.js:264:11)
    at Socket.Readable.push (_stream_readable.js:219:10)
    at TCP.onStreamRead [as onread] (internal/stream_base_commons.js:94:17)
    at Protocol._enqueue (C:\Users\BIM02\Desktop\ServerKT\node_modules\mysql\lib\protocol\Protocol.js:144:48)
    at Connection.query (C:\Users\BIM02\Desktop\ServerKT\node_modules\mysql\lib\Connection.js:198:25)
    at C:\Users\BIM02\Desktop\ServerKT\node_modules\knex\lib\dialects\mysql\index.js:135:18
    at new Promise (<anonymous>)
    at Client_MySQL._query (C:\Users\BIM02\Desktop\ServerKT\node_modules\knex\lib\dialects\mysql\index.js:129:12)
    at Client_MySQL.query (C:\Users\BIM02\Desktop\ServerKT\node_modules\knex\lib\client.js:169:17)
    at C:\Users\BIM02\Desktop\ServerKT\node_modules\knex\lib\transaction.js:321:24
    at new Promise (<anonymous>)
    at Client_MySQL.trxClient.query (C:\Users\BIM02\Desktop\ServerKT\node_modules\knex\lib\transaction.js:316:12)
    at Runner.query (C:\Users\BIM02\Desktop\ServerKT\node_modules\knex\lib\runner.js:134:36)
    at C:\Users\BIM02\Desktop\ServerKT\node_modules\knex\lib\runner.js:40:23
    at client.acquireConnection.catch.then (C:\Users\BIM02\Desktop\ServerKT\node_modules\knex\lib\runner.js:260:24)
From previous event:
    at Child.<anonymous> (C:\Users\BIM02\Desktop\ServerKT\node_modules\bookshelf\lib\model.js:1160:42)
From previous event:
    at Child.<anonymous> (C:\Users\BIM02\Desktop\ServerKT\node_modules\bookshelf\lib\model.js:1159:14)
    at runCallback (timers.js:694:18)
    at tryOnImmediate (timers.js:665:5)
    at processImmediate (timers.js:647:5)
From previous event:
    at Child.<anonymous> (C:\Users\BIM02\Desktop\ServerKT\node_modules\bookshelf\lib\model.js:1060:10)
From previous event:
    at B.transaction.trx (C:\Users\BIM02\Desktop\ServerKT\restful\v0\users.js:35:29)
    at init.then.then (C:\Users\BIM02\Desktop\ServerKT\node_modules\knex\lib\transaction.js:184:22)
    at process._tickCallback (internal/process/next_tick.js:68:7)
  code: 'ER_DUP_ENTRY',
  errno: 1062,
  sqlMessage: 'Duplicate entry \'2345\' for key \'user_user_unique\'',
  sqlState: '23000',
  index: 0,
  sql:
   'insert into `user` (`created_by`, `id`, `name`, `user`) values (DEFAULT, \'74db3f08-be74-45fb-a459-11795f2b35c3\', \'32\', \'2345\')' }
[2020-07-07T08:55:20.571] [ERROR] app - { Error: insert into `user` (`created_by`, `id`, `name`, `user`) values (DEFAULT, '9d5f7fe9-ab96-4443-815e-2e08e69b9a99', '33', '2345') - ER_DUP_ENTRY: Duplicate entry '2345' for key 'user_user_unique'
    at Query.Sequence._packetToError (C:\Users\BIM02\Desktop\ServerKT\node_modules\mysql\lib\protocol\sequences\Sequence.js:47:14)
    at Query.ErrorPacket (C:\Users\BIM02\Desktop\ServerKT\node_modules\mysql\lib\protocol\sequences\Query.js:79:18)
    at Protocol._parsePacket (C:\Users\BIM02\Desktop\ServerKT\node_modules\mysql\lib\protocol\Protocol.js:291:23)
    at Parser._parsePacket (C:\Users\BIM02\Desktop\ServerKT\node_modules\mysql\lib\protocol\Parser.js:433:10)
    at Parser.write (C:\Users\BIM02\Desktop\ServerKT\node_modules\mysql\lib\protocol\Parser.js:43:10)
    at Protocol.write (C:\Users\BIM02\Desktop\ServerKT\node_modules\mysql\lib\protocol\Protocol.js:38:16)
    at Socket.<anonymous> (C:\Users\BIM02\Desktop\ServerKT\node_modules\mysql\lib\Connection.js:88:28)
    at Socket.<anonymous> (C:\Users\BIM02\Desktop\ServerKT\node_modules\mysql\lib\Connection.js:526:10)
    at Socket.emit (events.js:182:13)
    at addChunk (_stream_readable.js:283:12)
    at readableAddChunk (_stream_readable.js:264:11)
    at Socket.Readable.push (_stream_readable.js:219:10)
    at TCP.onStreamRead [as onread] (internal/stream_base_commons.js:94:17)
    at Protocol._enqueue (C:\Users\BIM02\Desktop\ServerKT\node_modules\mysql\lib\protocol\Protocol.js:144:48)
    at Connection.query (C:\Users\BIM02\Desktop\ServerKT\node_modules\mysql\lib\Connection.js:198:25)
    at C:\Users\BIM02\Desktop\ServerKT\node_modules\knex\lib\dialects\mysql\index.js:135:18
    at new Promise (<anonymous>)
    at Client_MySQL._query (C:\Users\BIM02\Desktop\ServerKT\node_modules\knex\lib\dialects\mysql\index.js:129:12)
    at Client_MySQL.query (C:\Users\BIM02\Desktop\ServerKT\node_modules\knex\lib\client.js:169:17)
    at C:\Users\BIM02\Desktop\ServerKT\node_modules\knex\lib\transaction.js:321:24
    at new Promise (<anonymous>)
    at Client_MySQL.trxClient.query (C:\Users\BIM02\Desktop\ServerKT\node_modules\knex\lib\transaction.js:316:12)
    at Runner.query (C:\Users\BIM02\Desktop\ServerKT\node_modules\knex\lib\runner.js:134:36)
    at C:\Users\BIM02\Desktop\ServerKT\node_modules\knex\lib\runner.js:40:23
    at client.acquireConnection.catch.then (C:\Users\BIM02\Desktop\ServerKT\node_modules\knex\lib\runner.js:260:24)
From previous event:
    at Child.<anonymous> (C:\Users\BIM02\Desktop\ServerKT\node_modules\bookshelf\lib\model.js:1160:42)
From previous event:
    at Child.<anonymous> (C:\Users\BIM02\Desktop\ServerKT\node_modules\bookshelf\lib\model.js:1159:14)
    at runCallback (timers.js:694:18)
    at tryOnImmediate (timers.js:665:5)
    at processImmediate (timers.js:647:5)
From previous event:
    at Child.<anonymous> (C:\Users\BIM02\Desktop\ServerKT\node_modules\bookshelf\lib\model.js:1060:10)
From previous event:
    at B.transaction.trx (C:\Users\BIM02\Desktop\ServerKT\restful\v0\users.js:35:29)
    at init.then.then (C:\Users\BIM02\Desktop\ServerKT\node_modules\knex\lib\transaction.js:184:22)
    at process._tickCallback (internal/process/next_tick.js:68:7)
  code: 'ER_DUP_ENTRY',
  errno: 1062,
  sqlMessage: 'Duplicate entry \'2345\' for key \'user_user_unique\'',
  sqlState: '23000',
  index: 0,
  sql:
   'insert into `user` (`created_by`, `id`, `name`, `user`) values (DEFAULT, \'9d5f7fe9-ab96-4443-815e-2e08e69b9a99\', \'33\', \'2345\')' }
[2020-07-07T08:55:30.457] [ERROR] app - { Error: insert into `user` (`created_by`, `id`, `name`, `user`) values (DEFAULT, 'f167f36c-585e-4017-96d7-672f2842f690', '32', '2345') - ER_DUP_ENTRY: Duplicate entry '2345' for key 'user_user_unique'
    at Query.Sequence._packetToError (C:\Users\BIM02\Desktop\ServerKT\node_modules\mysql\lib\protocol\sequences\Sequence.js:47:14)
    at Query.ErrorPacket (C:\Users\BIM02\Desktop\ServerKT\node_modules\mysql\lib\protocol\sequences\Query.js:79:18)
    at Protocol._parsePacket (C:\Users\BIM02\Desktop\ServerKT\node_modules\mysql\lib\protocol\Protocol.js:291:23)
    at Parser._parsePacket (C:\Users\BIM02\Desktop\ServerKT\node_modules\mysql\lib\protocol\Parser.js:433:10)
    at Parser.write (C:\Users\BIM02\Desktop\ServerKT\node_modules\mysql\lib\protocol\Parser.js:43:10)
    at Protocol.write (C:\Users\BIM02\Desktop\ServerKT\node_modules\mysql\lib\protocol\Protocol.js:38:16)
    at Socket.<anonymous> (C:\Users\BIM02\Desktop\ServerKT\node_modules\mysql\lib\Connection.js:88:28)
    at Socket.<anonymous> (C:\Users\BIM02\Desktop\ServerKT\node_modules\mysql\lib\Connection.js:526:10)
    at Socket.emit (events.js:182:13)
    at addChunk (_stream_readable.js:283:12)
    at readableAddChunk (_stream_readable.js:264:11)
    at Socket.Readable.push (_stream_readable.js:219:10)
    at TCP.onStreamRead [as onread] (internal/stream_base_commons.js:94:17)
    at Protocol._enqueue (C:\Users\BIM02\Desktop\ServerKT\node_modules\mysql\lib\protocol\Protocol.js:144:48)
    at Connection.query (C:\Users\BIM02\Desktop\ServerKT\node_modules\mysql\lib\Connection.js:198:25)
    at C:\Users\BIM02\Desktop\ServerKT\node_modules\knex\lib\dialects\mysql\index.js:135:18
    at new Promise (<anonymous>)
    at Client_MySQL._query (C:\Users\BIM02\Desktop\ServerKT\node_modules\knex\lib\dialects\mysql\index.js:129:12)
    at Client_MySQL.query (C:\Users\BIM02\Desktop\ServerKT\node_modules\knex\lib\client.js:169:17)
    at C:\Users\BIM02\Desktop\ServerKT\node_modules\knex\lib\transaction.js:321:24
    at new Promise (<anonymous>)
    at Client_MySQL.trxClient.query (C:\Users\BIM02\Desktop\ServerKT\node_modules\knex\lib\transaction.js:316:12)
    at Runner.query (C:\Users\BIM02\Desktop\ServerKT\node_modules\knex\lib\runner.js:134:36)
    at C:\Users\BIM02\Desktop\ServerKT\node_modules\knex\lib\runner.js:40:23
    at client.acquireConnection.catch.then (C:\Users\BIM02\Desktop\ServerKT\node_modules\knex\lib\runner.js:260:24)
From previous event:
    at Child.<anonymous> (C:\Users\BIM02\Desktop\ServerKT\node_modules\bookshelf\lib\model.js:1160:42)
From previous event:
    at Child.<anonymous> (C:\Users\BIM02\Desktop\ServerKT\node_modules\bookshelf\lib\model.js:1159:14)
    at runCallback (timers.js:694:18)
    at tryOnImmediate (timers.js:665:5)
    at processImmediate (timers.js:647:5)
From previous event:
    at Child.<anonymous> (C:\Users\BIM02\Desktop\ServerKT\node_modules\bookshelf\lib\model.js:1060:10)
From previous event:
    at B.transaction.trx (C:\Users\BIM02\Desktop\ServerKT\restful\v0\users.js:35:29)
    at init.then.then (C:\Users\BIM02\Desktop\ServerKT\node_modules\knex\lib\transaction.js:184:22)
    at process._tickCallback (internal/process/next_tick.js:68:7)
  code: 'ER_DUP_ENTRY',
  errno: 1062,
  sqlMessage: 'Duplicate entry \'2345\' for key \'user_user_unique\'',
  sqlState: '23000',
  index: 0,
  sql:
   'insert into `user` (`created_by`, `id`, `name`, `user`) values (DEFAULT, \'f167f36c-585e-4017-96d7-672f2842f690\', \'32\', \'2345\')' }
[2020-07-07T08:55:50.439] [ERROR] app - { Error: insert into `user` (`created_by`, `id`, `name`, `user`) values (DEFAULT, 'aea63b42-4a04-4772-8f85-ee25a2eb616f', '32', '2345') - ER_DUP_ENTRY: Duplicate entry '2345' for key 'user_user_unique'
    at Query.Sequence._packetToError (C:\Users\BIM02\Desktop\ServerKT\node_modules\mysql\lib\protocol\sequences\Sequence.js:47:14)
    at Query.ErrorPacket (C:\Users\BIM02\Desktop\ServerKT\node_modules\mysql\lib\protocol\sequences\Query.js:79:18)
    at Protocol._parsePacket (C:\Users\BIM02\Desktop\ServerKT\node_modules\mysql\lib\protocol\Protocol.js:291:23)
    at Parser._parsePacket (C:\Users\BIM02\Desktop\ServerKT\node_modules\mysql\lib\protocol\Parser.js:433:10)
    at Parser.write (C:\Users\BIM02\Desktop\ServerKT\node_modules\mysql\lib\protocol\Parser.js:43:10)
    at Protocol.write (C:\Users\BIM02\Desktop\ServerKT\node_modules\mysql\lib\protocol\Protocol.js:38:16)
    at Socket.<anonymous> (C:\Users\BIM02\Desktop\ServerKT\node_modules\mysql\lib\Connection.js:88:28)
    at Socket.<anonymous> (C:\Users\BIM02\Desktop\ServerKT\node_modules\mysql\lib\Connection.js:526:10)
    at Socket.emit (events.js:182:13)
    at addChunk (_stream_readable.js:283:12)
    at readableAddChunk (_stream_readable.js:264:11)
    at Socket.Readable.push (_stream_readable.js:219:10)
    at TCP.onStreamRead [as onread] (internal/stream_base_commons.js:94:17)
    at Protocol._enqueue (C:\Users\BIM02\Desktop\ServerKT\node_modules\mysql\lib\protocol\Protocol.js:144:48)
    at Connection.query (C:\Users\BIM02\Desktop\ServerKT\node_modules\mysql\lib\Connection.js:198:25)
    at C:\Users\BIM02\Desktop\ServerKT\node_modules\knex\lib\dialects\mysql\index.js:135:18
    at new Promise (<anonymous>)
    at Client_MySQL._query (C:\Users\BIM02\Desktop\ServerKT\node_modules\knex\lib\dialects\mysql\index.js:129:12)
    at Client_MySQL.query (C:\Users\BIM02\Desktop\ServerKT\node_modules\knex\lib\client.js:169:17)
    at C:\Users\BIM02\Desktop\ServerKT\node_modules\knex\lib\transaction.js:321:24
    at new Promise (<anonymous>)
    at Client_MySQL.trxClient.query (C:\Users\BIM02\Desktop\ServerKT\node_modules\knex\lib\transaction.js:316:12)
    at Runner.query (C:\Users\BIM02\Desktop\ServerKT\node_modules\knex\lib\runner.js:134:36)
    at C:\Users\BIM02\Desktop\ServerKT\node_modules\knex\lib\runner.js:40:23
    at client.acquireConnection.catch.then (C:\Users\BIM02\Desktop\ServerKT\node_modules\knex\lib\runner.js:260:24)
From previous event:
    at Child.<anonymous> (C:\Users\BIM02\Desktop\ServerKT\node_modules\bookshelf\lib\model.js:1160:42)
From previous event:
    at Child.<anonymous> (C:\Users\BIM02\Desktop\ServerKT\node_modules\bookshelf\lib\model.js:1159:14)
    at runCallback (timers.js:694:18)
    at tryOnImmediate (timers.js:665:5)
    at processImmediate (timers.js:647:5)
From previous event:
    at Child.<anonymous> (C:\Users\BIM02\Desktop\ServerKT\node_modules\bookshelf\lib\model.js:1060:10)
From previous event:
    at B.transaction.trx (C:\Users\BIM02\Desktop\ServerKT\restful\v0\users.js:35:29)
    at init.then.then (C:\Users\BIM02\Desktop\ServerKT\node_modules\knex\lib\transaction.js:184:22)
    at process._tickCallback (internal/process/next_tick.js:68:7)
  code: 'ER_DUP_ENTRY',
  errno: 1062,
  sqlMessage: 'Duplicate entry \'2345\' for key \'user_user_unique\'',
  sqlState: '23000',
  index: 0,
  sql:
   'insert into `user` (`created_by`, `id`, `name`, `user`) values (DEFAULT, \'aea63b42-4a04-4772-8f85-ee25a2eb616f\', \'32\', \'2345\')' }
[2020-07-07T08:56:05.619] [ERROR] app - { Error: insert into `user` (`created_by`, `id`, `name`, `user`) values (DEFAULT, 'e6225176-ceff-453e-8617-d7e1c44bb108', '32', '2345') - ER_DUP_ENTRY: Duplicate entry '2345' for key 'user_user_unique'
    at Query.Sequence._packetToError (C:\Users\BIM02\Desktop\ServerKT\node_modules\mysql\lib\protocol\sequences\Sequence.js:47:14)
    at Query.ErrorPacket (C:\Users\BIM02\Desktop\ServerKT\node_modules\mysql\lib\protocol\sequences\Query.js:79:18)
    at Protocol._parsePacket (C:\Users\BIM02\Desktop\ServerKT\node_modules\mysql\lib\protocol\Protocol.js:291:23)
    at Parser._parsePacket (C:\Users\BIM02\Desktop\ServerKT\node_modules\mysql\lib\protocol\Parser.js:433:10)
    at Parser.write (C:\Users\BIM02\Desktop\ServerKT\node_modules\mysql\lib\protocol\Parser.js:43:10)
    at Protocol.write (C:\Users\BIM02\Desktop\ServerKT\node_modules\mysql\lib\protocol\Protocol.js:38:16)
    at Socket.<anonymous> (C:\Users\BIM02\Desktop\ServerKT\node_modules\mysql\lib\Connection.js:88:28)
    at Socket.<anonymous> (C:\Users\BIM02\Desktop\ServerKT\node_modules\mysql\lib\Connection.js:526:10)
    at Socket.emit (events.js:182:13)
    at addChunk (_stream_readable.js:283:12)
    at readableAddChunk (_stream_readable.js:264:11)
    at Socket.Readable.push (_stream_readable.js:219:10)
    at TCP.onStreamRead [as onread] (internal/stream_base_commons.js:94:17)
    at Protocol._enqueue (C:\Users\BIM02\Desktop\ServerKT\node_modules\mysql\lib\protocol\Protocol.js:144:48)
    at Connection.query (C:\Users\BIM02\Desktop\ServerKT\node_modules\mysql\lib\Connection.js:198:25)
    at C:\Users\BIM02\Desktop\ServerKT\node_modules\knex\lib\dialects\mysql\index.js:135:18
    at new Promise (<anonymous>)
    at Client_MySQL._query (C:\Users\BIM02\Desktop\ServerKT\node_modules\knex\lib\dialects\mysql\index.js:129:12)
    at Client_MySQL.query (C:\Users\BIM02\Desktop\ServerKT\node_modules\knex\lib\client.js:169:17)
    at C:\Users\BIM02\Desktop\ServerKT\node_modules\knex\lib\transaction.js:321:24
    at new Promise (<anonymous>)
    at Client_MySQL.trxClient.query (C:\Users\BIM02\Desktop\ServerKT\node_modules\knex\lib\transaction.js:316:12)
    at Runner.query (C:\Users\BIM02\Desktop\ServerKT\node_modules\knex\lib\runner.js:134:36)
    at C:\Users\BIM02\Desktop\ServerKT\node_modules\knex\lib\runner.js:40:23
    at client.acquireConnection.catch.then (C:\Users\BIM02\Desktop\ServerKT\node_modules\knex\lib\runner.js:260:24)
From previous event:
    at Child.<anonymous> (C:\Users\BIM02\Desktop\ServerKT\node_modules\bookshelf\lib\model.js:1160:42)
From previous event:
    at Child.<anonymous> (C:\Users\BIM02\Desktop\ServerKT\node_modules\bookshelf\lib\model.js:1159:14)
    at runCallback (timers.js:694:18)
    at tryOnImmediate (timers.js:665:5)
    at processImmediate (timers.js:647:5)
From previous event:
    at Child.<anonymous> (C:\Users\BIM02\Desktop\ServerKT\node_modules\bookshelf\lib\model.js:1060:10)
From previous event:
    at B.transaction.trx (C:\Users\BIM02\Desktop\ServerKT\restful\v0\users.js:35:29)
    at init.then.then (C:\Users\BIM02\Desktop\ServerKT\node_modules\knex\lib\transaction.js:184:22)
    at process._tickCallback (internal/process/next_tick.js:68:7)
  code: 'ER_DUP_ENTRY',
  errno: 1062,
  sqlMessage: 'Duplicate entry \'2345\' for key \'user_user_unique\'',
  sqlState: '23000',
  index: 0,
  sql:
   'insert into `user` (`created_by`, `id`, `name`, `user`) values (DEFAULT, \'e6225176-ceff-453e-8617-d7e1c44bb108\', \'32\', \'2345\')' }
[2020-07-07T08:57:14.362] [ERROR] app - { Error: insert into `user` (`created_by`, `id`, `name`, `user`) values (DEFAULT, '87d6d826-384d-481b-9f72-a3328461df2c', '324', '2345') - ER_DUP_ENTRY: Duplicate entry '2345' for key 'user_user_unique'
    at Query.Sequence._packetToError (C:\Users\BIM02\Desktop\ServerKT\node_modules\mysql\lib\protocol\sequences\Sequence.js:47:14)
    at Query.ErrorPacket (C:\Users\BIM02\Desktop\ServerKT\node_modules\mysql\lib\protocol\sequences\Query.js:79:18)
    at Protocol._parsePacket (C:\Users\BIM02\Desktop\ServerKT\node_modules\mysql\lib\protocol\Protocol.js:291:23)
    at Parser._parsePacket (C:\Users\BIM02\Desktop\ServerKT\node_modules\mysql\lib\protocol\Parser.js:433:10)
    at Parser.write (C:\Users\BIM02\Desktop\ServerKT\node_modules\mysql\lib\protocol\Parser.js:43:10)
    at Protocol.write (C:\Users\BIM02\Desktop\ServerKT\node_modules\mysql\lib\protocol\Protocol.js:38:16)
    at Socket.<anonymous> (C:\Users\BIM02\Desktop\ServerKT\node_modules\mysql\lib\Connection.js:88:28)
    at Socket.<anonymous> (C:\Users\BIM02\Desktop\ServerKT\node_modules\mysql\lib\Connection.js:526:10)
    at Socket.emit (events.js:182:13)
    at addChunk (_stream_readable.js:283:12)
    at readableAddChunk (_stream_readable.js:264:11)
    at Socket.Readable.push (_stream_readable.js:219:10)
    at TCP.onStreamRead [as onread] (internal/stream_base_commons.js:94:17)
    at Protocol._enqueue (C:\Users\BIM02\Desktop\ServerKT\node_modules\mysql\lib\protocol\Protocol.js:144:48)
    at Connection.query (C:\Users\BIM02\Desktop\ServerKT\node_modules\mysql\lib\Connection.js:198:25)
    at C:\Users\BIM02\Desktop\ServerKT\node_modules\knex\lib\dialects\mysql\index.js:135:18
    at new Promise (<anonymous>)
    at Client_MySQL._query (C:\Users\BIM02\Desktop\ServerKT\node_modules\knex\lib\dialects\mysql\index.js:129:12)
    at Client_MySQL.query (C:\Users\BIM02\Desktop\ServerKT\node_modules\knex\lib\client.js:169:17)
    at C:\Users\BIM02\Desktop\ServerKT\node_modules\knex\lib\transaction.js:321:24
    at new Promise (<anonymous>)
    at Client_MySQL.trxClient.query (C:\Users\BIM02\Desktop\ServerKT\node_modules\knex\lib\transaction.js:316:12)
    at Runner.query (C:\Users\BIM02\Desktop\ServerKT\node_modules\knex\lib\runner.js:134:36)
    at C:\Users\BIM02\Desktop\ServerKT\node_modules\knex\lib\runner.js:40:23
    at client.acquireConnection.catch.then (C:\Users\BIM02\Desktop\ServerKT\node_modules\knex\lib\runner.js:260:24)
From previous event:
    at Child.<anonymous> (C:\Users\BIM02\Desktop\ServerKT\node_modules\bookshelf\lib\model.js:1160:42)
From previous event:
    at Child.<anonymous> (C:\Users\BIM02\Desktop\ServerKT\node_modules\bookshelf\lib\model.js:1159:14)
    at runCallback (timers.js:694:18)
    at tryOnImmediate (timers.js:665:5)
    at processImmediate (timers.js:647:5)
From previous event:
    at Child.<anonymous> (C:\Users\BIM02\Desktop\ServerKT\node_modules\bookshelf\lib\model.js:1060:10)
From previous event:
    at B.transaction.trx (C:\Users\BIM02\Desktop\ServerKT\restful\v0\users.js:35:29)
    at init.then.then (C:\Users\BIM02\Desktop\ServerKT\node_modules\knex\lib\transaction.js:184:22)
    at process._tickCallback (internal/process/next_tick.js:68:7)
  code: 'ER_DUP_ENTRY',
  errno: 1062,
  sqlMessage: 'Duplicate entry \'2345\' for key \'user_user_unique\'',
  sqlState: '23000',
  index: 0,
  sql:
   'insert into `user` (`created_by`, `id`, `name`, `user`) values (DEFAULT, \'87d6d826-384d-481b-9f72-a3328461df2c\', \'324\', \'2345\')' }
[2020-07-07T08:58:22.788] [ERROR] app - { Error: insert into `user` (`created_by`, `id`, `name`, `user`) values (DEFAULT, 'eddc5518-4b32-44b6-93f1-a42c2109c952', '34', '2345') - ER_DUP_ENTRY: Duplicate entry '2345' for key 'user_user_unique'
    at Query.Sequence._packetToError (C:\Users\BIM02\Desktop\ServerKT\node_modules\mysql\lib\protocol\sequences\Sequence.js:47:14)
    at Query.ErrorPacket (C:\Users\BIM02\Desktop\ServerKT\node_modules\mysql\lib\protocol\sequences\Query.js:79:18)
    at Protocol._parsePacket (C:\Users\BIM02\Desktop\ServerKT\node_modules\mysql\lib\protocol\Protocol.js:291:23)
    at Parser._parsePacket (C:\Users\BIM02\Desktop\ServerKT\node_modules\mysql\lib\protocol\Parser.js:433:10)
    at Parser.write (C:\Users\BIM02\Desktop\ServerKT\node_modules\mysql\lib\protocol\Parser.js:43:10)
    at Protocol.write (C:\Users\BIM02\Desktop\ServerKT\node_modules\mysql\lib\protocol\Protocol.js:38:16)
    at Socket.<anonymous> (C:\Users\BIM02\Desktop\ServerKT\node_modules\mysql\lib\Connection.js:88:28)
    at Socket.<anonymous> (C:\Users\BIM02\Desktop\ServerKT\node_modules\mysql\lib\Connection.js:526:10)
    at Socket.emit (events.js:182:13)
    at addChunk (_stream_readable.js:283:12)
    at readableAddChunk (_stream_readable.js:264:11)
    at Socket.Readable.push (_stream_readable.js:219:10)
    at TCP.onStreamRead [as onread] (internal/stream_base_commons.js:94:17)
    at Protocol._enqueue (C:\Users\BIM02\Desktop\ServerKT\node_modules\mysql\lib\protocol\Protocol.js:144:48)
    at Connection.query (C:\Users\BIM02\Desktop\ServerKT\node_modules\mysql\lib\Connection.js:198:25)
    at C:\Users\BIM02\Desktop\ServerKT\node_modules\knex\lib\dialects\mysql\index.js:135:18
    at new Promise (<anonymous>)
    at Client_MySQL._query (C:\Users\BIM02\Desktop\ServerKT\node_modules\knex\lib\dialects\mysql\index.js:129:12)
    at Client_MySQL.query (C:\Users\BIM02\Desktop\ServerKT\node_modules\knex\lib\client.js:169:17)
    at C:\Users\BIM02\Desktop\ServerKT\node_modules\knex\lib\transaction.js:321:24
    at new Promise (<anonymous>)
    at Client_MySQL.trxClient.query (C:\Users\BIM02\Desktop\ServerKT\node_modules\knex\lib\transaction.js:316:12)
    at Runner.query (C:\Users\BIM02\Desktop\ServerKT\node_modules\knex\lib\runner.js:134:36)
    at C:\Users\BIM02\Desktop\ServerKT\node_modules\knex\lib\runner.js:40:23
    at client.acquireConnection.catch.then (C:\Users\BIM02\Desktop\ServerKT\node_modules\knex\lib\runner.js:260:24)
From previous event:
    at Child.<anonymous> (C:\Users\BIM02\Desktop\ServerKT\node_modules\bookshelf\lib\model.js:1160:42)
From previous event:
    at Child.<anonymous> (C:\Users\BIM02\Desktop\ServerKT\node_modules\bookshelf\lib\model.js:1159:14)
    at runCallback (timers.js:694:18)
    at tryOnImmediate (timers.js:665:5)
    at processImmediate (timers.js:647:5)
From previous event:
    at Child.<anonymous> (C:\Users\BIM02\Desktop\ServerKT\node_modules\bookshelf\lib\model.js:1060:10)
From previous event:
    at B.transaction.trx (C:\Users\BIM02\Desktop\ServerKT\restful\v0\users.js:35:29)
    at init.then.then (C:\Users\BIM02\Desktop\ServerKT\node_modules\knex\lib\transaction.js:184:22)
    at process._tickCallback (internal/process/next_tick.js:68:7)
  code: 'ER_DUP_ENTRY',
  errno: 1062,
  sqlMessage: 'Duplicate entry \'2345\' for key \'user_user_unique\'',
  sqlState: '23000',
  index: 0,
  sql:
   'insert into `user` (`created_by`, `id`, `name`, `user`) values (DEFAULT, \'eddc5518-4b32-44b6-93f1-a42c2109c952\', \'34\', \'2345\')' }
[2020-07-07T08:58:28.760] [ERROR] app - { Error: insert into `user` (`created_by`, `id`, `name`, `user`) values (DEFAULT, '95cdd8a1-316f-44e1-b834-de304e525cce', '3', '2345') - ER_DUP_ENTRY: Duplicate entry '2345' for key 'user_user_unique'
    at Query.Sequence._packetToError (C:\Users\BIM02\Desktop\ServerKT\node_modules\mysql\lib\protocol\sequences\Sequence.js:47:14)
    at Query.ErrorPacket (C:\Users\BIM02\Desktop\ServerKT\node_modules\mysql\lib\protocol\sequences\Query.js:79:18)
    at Protocol._parsePacket (C:\Users\BIM02\Desktop\ServerKT\node_modules\mysql\lib\protocol\Protocol.js:291:23)
    at Parser._parsePacket (C:\Users\BIM02\Desktop\ServerKT\node_modules\mysql\lib\protocol\Parser.js:433:10)
    at Parser.write (C:\Users\BIM02\Desktop\ServerKT\node_modules\mysql\lib\protocol\Parser.js:43:10)
    at Protocol.write (C:\Users\BIM02\Desktop\ServerKT\node_modules\mysql\lib\protocol\Protocol.js:38:16)
    at Socket.<anonymous> (C:\Users\BIM02\Desktop\ServerKT\node_modules\mysql\lib\Connection.js:88:28)
    at Socket.<anonymous> (C:\Users\BIM02\Desktop\ServerKT\node_modules\mysql\lib\Connection.js:526:10)
    at Socket.emit (events.js:182:13)
    at addChunk (_stream_readable.js:283:12)
    at readableAddChunk (_stream_readable.js:264:11)
    at Socket.Readable.push (_stream_readable.js:219:10)
    at TCP.onStreamRead [as onread] (internal/stream_base_commons.js:94:17)
    at Protocol._enqueue (C:\Users\BIM02\Desktop\ServerKT\node_modules\mysql\lib\protocol\Protocol.js:144:48)
    at Connection.query (C:\Users\BIM02\Desktop\ServerKT\node_modules\mysql\lib\Connection.js:198:25)
    at C:\Users\BIM02\Desktop\ServerKT\node_modules\knex\lib\dialects\mysql\index.js:135:18
    at new Promise (<anonymous>)
    at Client_MySQL._query (C:\Users\BIM02\Desktop\ServerKT\node_modules\knex\lib\dialects\mysql\index.js:129:12)
    at Client_MySQL.query (C:\Users\BIM02\Desktop\ServerKT\node_modules\knex\lib\client.js:169:17)
    at C:\Users\BIM02\Desktop\ServerKT\node_modules\knex\lib\transaction.js:321:24
    at new Promise (<anonymous>)
    at Client_MySQL.trxClient.query (C:\Users\BIM02\Desktop\ServerKT\node_modules\knex\lib\transaction.js:316:12)
    at Runner.query (C:\Users\BIM02\Desktop\ServerKT\node_modules\knex\lib\runner.js:134:36)
    at C:\Users\BIM02\Desktop\ServerKT\node_modules\knex\lib\runner.js:40:23
    at client.acquireConnection.catch.then (C:\Users\BIM02\Desktop\ServerKT\node_modules\knex\lib\runner.js:260:24)
From previous event:
    at Child.<anonymous> (C:\Users\BIM02\Desktop\ServerKT\node_modules\bookshelf\lib\model.js:1160:42)
From previous event:
    at Child.<anonymous> (C:\Users\BIM02\Desktop\ServerKT\node_modules\bookshelf\lib\model.js:1159:14)
    at runCallback (timers.js:694:18)
    at tryOnImmediate (timers.js:665:5)
    at processImmediate (timers.js:647:5)
From previous event:
    at Child.<anonymous> (C:\Users\BIM02\Desktop\ServerKT\node_modules\bookshelf\lib\model.js:1060:10)
From previous event:
    at B.transaction.trx (C:\Users\BIM02\Desktop\ServerKT\restful\v0\users.js:35:29)
    at init.then.then (C:\Users\BIM02\Desktop\ServerKT\node_modules\knex\lib\transaction.js:184:22)
    at process._tickCallback (internal/process/next_tick.js:68:7)
  code: 'ER_DUP_ENTRY',
  errno: 1062,
  sqlMessage: 'Duplicate entry \'2345\' for key \'user_user_unique\'',
  sqlState: '23000',
  index: 0,
  sql:
   'insert into `user` (`created_by`, `id`, `name`, `user`) values (DEFAULT, \'95cdd8a1-316f-44e1-b834-de304e525cce\', \'3\', \'2345\')' }
[2020-07-07T08:59:37.818] [ERROR] app - { Error: insert into `user` (`created_by`, `id`, `name`, `user`) values (DEFAULT, 'f7b237aa-2593-4acd-b600-868ee1c58d97', '3', '2345') - ER_DUP_ENTRY: Duplicate entry '2345' for key 'user_user_unique'
    at Query.Sequence._packetToError (C:\Users\BIM02\Desktop\ServerKT\node_modules\mysql\lib\protocol\sequences\Sequence.js:47:14)
    at Query.ErrorPacket (C:\Users\BIM02\Desktop\ServerKT\node_modules\mysql\lib\protocol\sequences\Query.js:79:18)
    at Protocol._parsePacket (C:\Users\BIM02\Desktop\ServerKT\node_modules\mysql\lib\protocol\Protocol.js:291:23)
    at Parser._parsePacket (C:\Users\BIM02\Desktop\ServerKT\node_modules\mysql\lib\protocol\Parser.js:433:10)
    at Parser.write (C:\Users\BIM02\Desktop\ServerKT\node_modules\mysql\lib\protocol\Parser.js:43:10)
    at Protocol.write (C:\Users\BIM02\Desktop\ServerKT\node_modules\mysql\lib\protocol\Protocol.js:38:16)
    at Socket.<anonymous> (C:\Users\BIM02\Desktop\ServerKT\node_modules\mysql\lib\Connection.js:88:28)
    at Socket.<anonymous> (C:\Users\BIM02\Desktop\ServerKT\node_modules\mysql\lib\Connection.js:526:10)
    at Socket.emit (events.js:182:13)
    at addChunk (_stream_readable.js:283:12)
    at readableAddChunk (_stream_readable.js:264:11)
    at Socket.Readable.push (_stream_readable.js:219:10)
    at TCP.onStreamRead [as onread] (internal/stream_base_commons.js:94:17)
    at Protocol._enqueue (C:\Users\BIM02\Desktop\ServerKT\node_modules\mysql\lib\protocol\Protocol.js:144:48)
    at Connection.query (C:\Users\BIM02\Desktop\ServerKT\node_modules\mysql\lib\Connection.js:198:25)
    at C:\Users\BIM02\Desktop\ServerKT\node_modules\knex\lib\dialects\mysql\index.js:135:18
    at new Promise (<anonymous>)
    at Client_MySQL._query (C:\Users\BIM02\Desktop\ServerKT\node_modules\knex\lib\dialects\mysql\index.js:129:12)
    at Client_MySQL.query (C:\Users\BIM02\Desktop\ServerKT\node_modules\knex\lib\client.js:169:17)
    at C:\Users\BIM02\Desktop\ServerKT\node_modules\knex\lib\transaction.js:321:24
    at new Promise (<anonymous>)
    at Client_MySQL.trxClient.query (C:\Users\BIM02\Desktop\ServerKT\node_modules\knex\lib\transaction.js:316:12)
    at Runner.query (C:\Users\BIM02\Desktop\ServerKT\node_modules\knex\lib\runner.js:134:36)
    at C:\Users\BIM02\Desktop\ServerKT\node_modules\knex\lib\runner.js:40:23
    at client.acquireConnection.catch.then (C:\Users\BIM02\Desktop\ServerKT\node_modules\knex\lib\runner.js:260:24)
From previous event:
    at Child.<anonymous> (C:\Users\BIM02\Desktop\ServerKT\node_modules\bookshelf\lib\model.js:1160:42)
From previous event:
    at Child.<anonymous> (C:\Users\BIM02\Desktop\ServerKT\node_modules\bookshelf\lib\model.js:1159:14)
    at runCallback (timers.js:694:18)
    at tryOnImmediate (timers.js:665:5)
    at processImmediate (timers.js:647:5)
From previous event:
    at Child.<anonymous> (C:\Users\BIM02\Desktop\ServerKT\node_modules\bookshelf\lib\model.js:1060:10)
From previous event:
    at B.transaction.trx (C:\Users\BIM02\Desktop\ServerKT\restful\v0\users.js:35:29)
    at init.then.then (C:\Users\BIM02\Desktop\ServerKT\node_modules\knex\lib\transaction.js:184:22)
    at process._tickCallback (internal/process/next_tick.js:68:7)
  code: 'ER_DUP_ENTRY',
  errno: 1062,
  sqlMessage: 'Duplicate entry \'2345\' for key \'user_user_unique\'',
  sqlState: '23000',
  index: 0,
  sql:
   'insert into `user` (`created_by`, `id`, `name`, `user`) values (DEFAULT, \'f7b237aa-2593-4acd-b600-868ee1c58d97\', \'3\', \'2345\')' }
[2020-07-07T09:00:02.687] [ERROR] app - { Error: insert into `user` (`created_by`, `id`, `name`, `user`) values (DEFAULT, '9bbee2ed-8d1b-42fe-8508-1d3d5e9b0f34', '3', '2345') - ER_DUP_ENTRY: Duplicate entry '2345' for key 'user_user_unique'
    at Query.Sequence._packetToError (C:\Users\BIM02\Desktop\ServerKT\node_modules\mysql\lib\protocol\sequences\Sequence.js:47:14)
    at Query.ErrorPacket (C:\Users\BIM02\Desktop\ServerKT\node_modules\mysql\lib\protocol\sequences\Query.js:79:18)
    at Protocol._parsePacket (C:\Users\BIM02\Desktop\ServerKT\node_modules\mysql\lib\protocol\Protocol.js:291:23)
    at Parser._parsePacket (C:\Users\BIM02\Desktop\ServerKT\node_modules\mysql\lib\protocol\Parser.js:433:10)
    at Parser.write (C:\Users\BIM02\Desktop\ServerKT\node_modules\mysql\lib\protocol\Parser.js:43:10)
    at Protocol.write (C:\Users\BIM02\Desktop\ServerKT\node_modules\mysql\lib\protocol\Protocol.js:38:16)
    at Socket.<anonymous> (C:\Users\BIM02\Desktop\ServerKT\node_modules\mysql\lib\Connection.js:88:28)
    at Socket.<anonymous> (C:\Users\BIM02\Desktop\ServerKT\node_modules\mysql\lib\Connection.js:526:10)
    at Socket.emit (events.js:182:13)
    at addChunk (_stream_readable.js:283:12)
    at readableAddChunk (_stream_readable.js:264:11)
    at Socket.Readable.push (_stream_readable.js:219:10)
    at TCP.onStreamRead [as onread] (internal/stream_base_commons.js:94:17)
    at Protocol._enqueue (C:\Users\BIM02\Desktop\ServerKT\node_modules\mysql\lib\protocol\Protocol.js:144:48)
    at Connection.query (C:\Users\BIM02\Desktop\ServerKT\node_modules\mysql\lib\Connection.js:198:25)
    at C:\Users\BIM02\Desktop\ServerKT\node_modules\knex\lib\dialects\mysql\index.js:135:18
    at new Promise (<anonymous>)
    at Client_MySQL._query (C:\Users\BIM02\Desktop\ServerKT\node_modules\knex\lib\dialects\mysql\index.js:129:12)
    at Client_MySQL.query (C:\Users\BIM02\Desktop\ServerKT\node_modules\knex\lib\client.js:169:17)
    at C:\Users\BIM02\Desktop\ServerKT\node_modules\knex\lib\transaction.js:321:24
    at new Promise (<anonymous>)
    at Client_MySQL.trxClient.query (C:\Users\BIM02\Desktop\ServerKT\node_modules\knex\lib\transaction.js:316:12)
    at Runner.query (C:\Users\BIM02\Desktop\ServerKT\node_modules\knex\lib\runner.js:134:36)
    at C:\Users\BIM02\Desktop\ServerKT\node_modules\knex\lib\runner.js:40:23
    at client.acquireConnection.catch.then (C:\Users\BIM02\Desktop\ServerKT\node_modules\knex\lib\runner.js:260:24)
From previous event:
    at Child.<anonymous> (C:\Users\BIM02\Desktop\ServerKT\node_modules\bookshelf\lib\model.js:1160:42)
From previous event:
    at Child.<anonymous> (C:\Users\BIM02\Desktop\ServerKT\node_modules\bookshelf\lib\model.js:1159:14)
    at runCallback (timers.js:694:18)
    at tryOnImmediate (timers.js:665:5)
    at processImmediate (timers.js:647:5)
From previous event:
    at Child.<anonymous> (C:\Users\BIM02\Desktop\ServerKT\node_modules\bookshelf\lib\model.js:1060:10)
From previous event:
    at B.transaction.trx (C:\Users\BIM02\Desktop\ServerKT\restful\v0\users.js:35:29)
    at init.then.then (C:\Users\BIM02\Desktop\ServerKT\node_modules\knex\lib\transaction.js:184:22)
    at process._tickCallback (internal/process/next_tick.js:68:7)
  code: 'ER_DUP_ENTRY',
  errno: 1062,
  sqlMessage: 'Duplicate entry \'2345\' for key \'user_user_unique\'',
  sqlState: '23000',
  index: 0,
  sql:
   'insert into `user` (`created_by`, `id`, `name`, `user`) values (DEFAULT, \'9bbee2ed-8d1b-42fe-8508-1d3d5e9b0f34\', \'3\', \'2345\')' }
[2020-07-07T09:01:07.677] [ERROR] app - { Error: insert into `user` (`created_by`, `id`, `name`, `user`) values (DEFAULT, 'f08ac7af-7693-4ddb-b5c3-cd93416c079a', '32', '2345') - ER_DUP_ENTRY: Duplicate entry '2345' for key 'user_user_unique'
    at Query.Sequence._packetToError (C:\Users\BIM02\Desktop\ServerKT\node_modules\mysql\lib\protocol\sequences\Sequence.js:47:14)
    at Query.ErrorPacket (C:\Users\BIM02\Desktop\ServerKT\node_modules\mysql\lib\protocol\sequences\Query.js:79:18)
    at Protocol._parsePacket (C:\Users\BIM02\Desktop\ServerKT\node_modules\mysql\lib\protocol\Protocol.js:291:23)
    at Parser._parsePacket (C:\Users\BIM02\Desktop\ServerKT\node_modules\mysql\lib\protocol\Parser.js:433:10)
    at Parser.write (C:\Users\BIM02\Desktop\ServerKT\node_modules\mysql\lib\protocol\Parser.js:43:10)
    at Protocol.write (C:\Users\BIM02\Desktop\ServerKT\node_modules\mysql\lib\protocol\Protocol.js:38:16)
    at Socket.<anonymous> (C:\Users\BIM02\Desktop\ServerKT\node_modules\mysql\lib\Connection.js:88:28)
    at Socket.<anonymous> (C:\Users\BIM02\Desktop\ServerKT\node_modules\mysql\lib\Connection.js:526:10)
    at Socket.emit (events.js:182:13)
    at addChunk (_stream_readable.js:283:12)
    at readableAddChunk (_stream_readable.js:264:11)
    at Socket.Readable.push (_stream_readable.js:219:10)
    at TCP.onStreamRead [as onread] (internal/stream_base_commons.js:94:17)
    at Protocol._enqueue (C:\Users\BIM02\Desktop\ServerKT\node_modules\mysql\lib\protocol\Protocol.js:144:48)
    at Connection.query (C:\Users\BIM02\Desktop\ServerKT\node_modules\mysql\lib\Connection.js:198:25)
    at C:\Users\BIM02\Desktop\ServerKT\node_modules\knex\lib\dialects\mysql\index.js:135:18
    at new Promise (<anonymous>)
    at Client_MySQL._query (C:\Users\BIM02\Desktop\ServerKT\node_modules\knex\lib\dialects\mysql\index.js:129:12)
    at Client_MySQL.query (C:\Users\BIM02\Desktop\ServerKT\node_modules\knex\lib\client.js:169:17)
    at C:\Users\BIM02\Desktop\ServerKT\node_modules\knex\lib\transaction.js:321:24
    at new Promise (<anonymous>)
    at Client_MySQL.trxClient.query (C:\Users\BIM02\Desktop\ServerKT\node_modules\knex\lib\transaction.js:316:12)
    at Runner.query (C:\Users\BIM02\Desktop\ServerKT\node_modules\knex\lib\runner.js:134:36)
    at C:\Users\BIM02\Desktop\ServerKT\node_modules\knex\lib\runner.js:40:23
    at client.acquireConnection.catch.then (C:\Users\BIM02\Desktop\ServerKT\node_modules\knex\lib\runner.js:260:24)
From previous event:
    at Child.<anonymous> (C:\Users\BIM02\Desktop\ServerKT\node_modules\bookshelf\lib\model.js:1160:42)
From previous event:
    at Child.<anonymous> (C:\Users\BIM02\Desktop\ServerKT\node_modules\bookshelf\lib\model.js:1159:14)
    at runCallback (timers.js:694:18)
    at tryOnImmediate (timers.js:665:5)
    at processImmediate (timers.js:647:5)
From previous event:
    at Child.<anonymous> (C:\Users\BIM02\Desktop\ServerKT\node_modules\bookshelf\lib\model.js:1060:10)
From previous event:
    at B.transaction.trx (C:\Users\BIM02\Desktop\ServerKT\restful\v0\users.js:35:29)
    at init.then.then (C:\Users\BIM02\Desktop\ServerKT\node_modules\knex\lib\transaction.js:184:22)
    at process._tickCallback (internal/process/next_tick.js:68:7)
  code: 'ER_DUP_ENTRY',
  errno: 1062,
  sqlMessage: 'Duplicate entry \'2345\' for key \'user_user_unique\'',
  sqlState: '23000',
  index: 0,
  sql:
   'insert into `user` (`created_by`, `id`, `name`, `user`) values (DEFAULT, \'f08ac7af-7693-4ddb-b5c3-cd93416c079a\', \'32\', \'2345\')' }
[2020-07-07T09:01:25.324] [ERROR] app - { Error: insert into `user` (`created_by`, `id`, `name`, `user`) values (DEFAULT, 'bfcf8443-7fd2-44fb-be03-e0b9851c4e39', '32', '2345') - ER_DUP_ENTRY: Duplicate entry '2345' for key 'user_user_unique'
    at Query.Sequence._packetToError (C:\Users\BIM02\Desktop\ServerKT\node_modules\mysql\lib\protocol\sequences\Sequence.js:47:14)
    at Query.ErrorPacket (C:\Users\BIM02\Desktop\ServerKT\node_modules\mysql\lib\protocol\sequences\Query.js:79:18)
    at Protocol._parsePacket (C:\Users\BIM02\Desktop\ServerKT\node_modules\mysql\lib\protocol\Protocol.js:291:23)
    at Parser._parsePacket (C:\Users\BIM02\Desktop\ServerKT\node_modules\mysql\lib\protocol\Parser.js:433:10)
    at Parser.write (C:\Users\BIM02\Desktop\ServerKT\node_modules\mysql\lib\protocol\Parser.js:43:10)
    at Protocol.write (C:\Users\BIM02\Desktop\ServerKT\node_modules\mysql\lib\protocol\Protocol.js:38:16)
    at Socket.<anonymous> (C:\Users\BIM02\Desktop\ServerKT\node_modules\mysql\lib\Connection.js:88:28)
    at Socket.<anonymous> (C:\Users\BIM02\Desktop\ServerKT\node_modules\mysql\lib\Connection.js:526:10)
    at Socket.emit (events.js:182:13)
    at addChunk (_stream_readable.js:283:12)
    at readableAddChunk (_stream_readable.js:264:11)
    at Socket.Readable.push (_stream_readable.js:219:10)
    at TCP.onStreamRead [as onread] (internal/stream_base_commons.js:94:17)
    at Protocol._enqueue (C:\Users\BIM02\Desktop\ServerKT\node_modules\mysql\lib\protocol\Protocol.js:144:48)
    at Connection.query (C:\Users\BIM02\Desktop\ServerKT\node_modules\mysql\lib\Connection.js:198:25)
    at C:\Users\BIM02\Desktop\ServerKT\node_modules\knex\lib\dialects\mysql\index.js:135:18
    at new Promise (<anonymous>)
    at Client_MySQL._query (C:\Users\BIM02\Desktop\ServerKT\node_modules\knex\lib\dialects\mysql\index.js:129:12)
    at Client_MySQL.query (C:\Users\BIM02\Desktop\ServerKT\node_modules\knex\lib\client.js:169:17)
    at C:\Users\BIM02\Desktop\ServerKT\node_modules\knex\lib\transaction.js:321:24
    at new Promise (<anonymous>)
    at Client_MySQL.trxClient.query (C:\Users\BIM02\Desktop\ServerKT\node_modules\knex\lib\transaction.js:316:12)
    at Runner.query (C:\Users\BIM02\Desktop\ServerKT\node_modules\knex\lib\runner.js:134:36)
    at C:\Users\BIM02\Desktop\ServerKT\node_modules\knex\lib\runner.js:40:23
    at client.acquireConnection.catch.then (C:\Users\BIM02\Desktop\ServerKT\node_modules\knex\lib\runner.js:260:24)
From previous event:
    at Child.<anonymous> (C:\Users\BIM02\Desktop\ServerKT\node_modules\bookshelf\lib\model.js:1160:42)
From previous event:
    at Child.<anonymous> (C:\Users\BIM02\Desktop\ServerKT\node_modules\bookshelf\lib\model.js:1159:14)
    at runCallback (timers.js:694:18)
    at tryOnImmediate (timers.js:665:5)
    at processImmediate (timers.js:647:5)
From previous event:
    at Child.<anonymous> (C:\Users\BIM02\Desktop\ServerKT\node_modules\bookshelf\lib\model.js:1060:10)
From previous event:
    at B.transaction.trx (C:\Users\BIM02\Desktop\ServerKT\restful\v0\users.js:35:29)
    at init.then.then (C:\Users\BIM02\Desktop\ServerKT\node_modules\knex\lib\transaction.js:184:22)
    at process._tickCallback (internal/process/next_tick.js:68:7)
  code: 'ER_DUP_ENTRY',
  errno: 1062,
  sqlMessage: 'Duplicate entry \'2345\' for key \'user_user_unique\'',
  sqlState: '23000',
  index: 0,
  sql:
   'insert into `user` (`created_by`, `id`, `name`, `user`) values (DEFAULT, \'bfcf8443-7fd2-44fb-be03-e0b9851c4e39\', \'32\', \'2345\')' }
[2020-07-07T09:01:43.154] [ERROR] app - { Error: insert into `user` (`created_by`, `id`, `name`, `user`) values (DEFAULT, 'c4f0cb56-49c3-42b3-9673-515a3dbc13a9', '32', '2345') - ER_DUP_ENTRY: Duplicate entry '2345' for key 'user_user_unique'
    at Query.Sequence._packetToError (C:\Users\BIM02\Desktop\ServerKT\node_modules\mysql\lib\protocol\sequences\Sequence.js:47:14)
    at Query.ErrorPacket (C:\Users\BIM02\Desktop\ServerKT\node_modules\mysql\lib\protocol\sequences\Query.js:79:18)
    at Protocol._parsePacket (C:\Users\BIM02\Desktop\ServerKT\node_modules\mysql\lib\protocol\Protocol.js:291:23)
    at Parser._parsePacket (C:\Users\BIM02\Desktop\ServerKT\node_modules\mysql\lib\protocol\Parser.js:433:10)
    at Parser.write (C:\Users\BIM02\Desktop\ServerKT\node_modules\mysql\lib\protocol\Parser.js:43:10)
    at Protocol.write (C:\Users\BIM02\Desktop\ServerKT\node_modules\mysql\lib\protocol\Protocol.js:38:16)
    at Socket.<anonymous> (C:\Users\BIM02\Desktop\ServerKT\node_modules\mysql\lib\Connection.js:88:28)
    at Socket.<anonymous> (C:\Users\BIM02\Desktop\ServerKT\node_modules\mysql\lib\Connection.js:526:10)
    at Socket.emit (events.js:182:13)
    at addChunk (_stream_readable.js:283:12)
    at readableAddChunk (_stream_readable.js:264:11)
    at Socket.Readable.push (_stream_readable.js:219:10)
    at TCP.onStreamRead [as onread] (internal/stream_base_commons.js:94:17)
    at Protocol._enqueue (C:\Users\BIM02\Desktop\ServerKT\node_modules\mysql\lib\protocol\Protocol.js:144:48)
    at Connection.query (C:\Users\BIM02\Desktop\ServerKT\node_modules\mysql\lib\Connection.js:198:25)
    at C:\Users\BIM02\Desktop\ServerKT\node_modules\knex\lib\dialects\mysql\index.js:135:18
    at new Promise (<anonymous>)
    at Client_MySQL._query (C:\Users\BIM02\Desktop\ServerKT\node_modules\knex\lib\dialects\mysql\index.js:129:12)
    at Client_MySQL.query (C:\Users\BIM02\Desktop\ServerKT\node_modules\knex\lib\client.js:169:17)
    at C:\Users\BIM02\Desktop\ServerKT\node_modules\knex\lib\transaction.js:321:24
    at new Promise (<anonymous>)
    at Client_MySQL.trxClient.query (C:\Users\BIM02\Desktop\ServerKT\node_modules\knex\lib\transaction.js:316:12)
    at Runner.query (C:\Users\BIM02\Desktop\ServerKT\node_modules\knex\lib\runner.js:134:36)
    at C:\Users\BIM02\Desktop\ServerKT\node_modules\knex\lib\runner.js:40:23
    at client.acquireConnection.catch.then (C:\Users\BIM02\Desktop\ServerKT\node_modules\knex\lib\runner.js:260:24)
From previous event:
    at Child.<anonymous> (C:\Users\BIM02\Desktop\ServerKT\node_modules\bookshelf\lib\model.js:1160:42)
From previous event:
    at Child.<anonymous> (C:\Users\BIM02\Desktop\ServerKT\node_modules\bookshelf\lib\model.js:1159:14)
    at runCallback (timers.js:694:18)
    at tryOnImmediate (timers.js:665:5)
    at processImmediate (timers.js:647:5)
From previous event:
    at Child.<anonymous> (C:\Users\BIM02\Desktop\ServerKT\node_modules\bookshelf\lib\model.js:1060:10)
From previous event:
    at B.transaction.trx (C:\Users\BIM02\Desktop\ServerKT\restful\v0\users.js:35:29)
    at init.then.then (C:\Users\BIM02\Desktop\ServerKT\node_modules\knex\lib\transaction.js:184:22)
    at process._tickCallback (internal/process/next_tick.js:68:7)
  code: 'ER_DUP_ENTRY',
  errno: 1062,
  sqlMessage: 'Duplicate entry \'2345\' for key \'user_user_unique\'',
  sqlState: '23000',
  index: 0,
  sql:
   'insert into `user` (`created_by`, `id`, `name`, `user`) values (DEFAULT, \'c4f0cb56-49c3-42b3-9673-515a3dbc13a9\', \'32\', \'2345\')' }
[2020-07-07T09:02:06.996] [ERROR] app - { Error: insert into `user` (`created_by`, `id`, `name`, `user`) values (DEFAULT, '133fe15b-d99a-47a8-bb6c-9d918edecdbb', '32', '2345') - ER_DUP_ENTRY: Duplicate entry '2345' for key 'user_user_unique'
    at Query.Sequence._packetToError (C:\Users\BIM02\Desktop\ServerKT\node_modules\mysql\lib\protocol\sequences\Sequence.js:47:14)
    at Query.ErrorPacket (C:\Users\BIM02\Desktop\ServerKT\node_modules\mysql\lib\protocol\sequences\Query.js:79:18)
    at Protocol._parsePacket (C:\Users\BIM02\Desktop\ServerKT\node_modules\mysql\lib\protocol\Protocol.js:291:23)
    at Parser._parsePacket (C:\Users\BIM02\Desktop\ServerKT\node_modules\mysql\lib\protocol\Parser.js:433:10)
    at Parser.write (C:\Users\BIM02\Desktop\ServerKT\node_modules\mysql\lib\protocol\Parser.js:43:10)
    at Protocol.write (C:\Users\BIM02\Desktop\ServerKT\node_modules\mysql\lib\protocol\Protocol.js:38:16)
    at Socket.<anonymous> (C:\Users\BIM02\Desktop\ServerKT\node_modules\mysql\lib\Connection.js:88:28)
    at Socket.<anonymous> (C:\Users\BIM02\Desktop\ServerKT\node_modules\mysql\lib\Connection.js:526:10)
    at Socket.emit (events.js:182:13)
    at addChunk (_stream_readable.js:283:12)
    at readableAddChunk (_stream_readable.js:264:11)
    at Socket.Readable.push (_stream_readable.js:219:10)
    at TCP.onStreamRead [as onread] (internal/stream_base_commons.js:94:17)
    at Protocol._enqueue (C:\Users\BIM02\Desktop\ServerKT\node_modules\mysql\lib\protocol\Protocol.js:144:48)
    at Connection.query (C:\Users\BIM02\Desktop\ServerKT\node_modules\mysql\lib\Connection.js:198:25)
    at C:\Users\BIM02\Desktop\ServerKT\node_modules\knex\lib\dialects\mysql\index.js:135:18
    at new Promise (<anonymous>)
    at Client_MySQL._query (C:\Users\BIM02\Desktop\ServerKT\node_modules\knex\lib\dialects\mysql\index.js:129:12)
    at Client_MySQL.query (C:\Users\BIM02\Desktop\ServerKT\node_modules\knex\lib\client.js:169:17)
    at C:\Users\BIM02\Desktop\ServerKT\node_modules\knex\lib\transaction.js:321:24
    at new Promise (<anonymous>)
    at Client_MySQL.trxClient.query (C:\Users\BIM02\Desktop\ServerKT\node_modules\knex\lib\transaction.js:316:12)
    at Runner.query (C:\Users\BIM02\Desktop\ServerKT\node_modules\knex\lib\runner.js:134:36)
    at C:\Users\BIM02\Desktop\ServerKT\node_modules\knex\lib\runner.js:40:23
    at client.acquireConnection.catch.then (C:\Users\BIM02\Desktop\ServerKT\node_modules\knex\lib\runner.js:260:24)
From previous event:
    at Child.<anonymous> (C:\Users\BIM02\Desktop\ServerKT\node_modules\bookshelf\lib\model.js:1160:42)
From previous event:
    at Child.<anonymous> (C:\Users\BIM02\Desktop\ServerKT\node_modules\bookshelf\lib\model.js:1159:14)
    at runCallback (timers.js:694:18)
    at tryOnImmediate (timers.js:665:5)
    at processImmediate (timers.js:647:5)
From previous event:
    at Child.<anonymous> (C:\Users\BIM02\Desktop\ServerKT\node_modules\bookshelf\lib\model.js:1060:10)
From previous event:
    at B.transaction.trx (C:\Users\BIM02\Desktop\ServerKT\restful\v0\users.js:35:29)
    at init.then.then (C:\Users\BIM02\Desktop\ServerKT\node_modules\knex\lib\transaction.js:184:22)
    at process._tickCallback (internal/process/next_tick.js:68:7)
  code: 'ER_DUP_ENTRY',
  errno: 1062,
  sqlMessage: 'Duplicate entry \'2345\' for key \'user_user_unique\'',
  sqlState: '23000',
  index: 0,
  sql:
   'insert into `user` (`created_by`, `id`, `name`, `user`) values (DEFAULT, \'133fe15b-d99a-47a8-bb6c-9d918edecdbb\', \'32\', \'2345\')' }
[2020-07-07T09:02:15.996] [ERROR] app - { Error: insert into `user` (`created_by`, `id`, `name`, `user`) values (DEFAULT, '57eceecc-1ddc-42c9-b77f-48f4e184680c', '32', '2345') - ER_DUP_ENTRY: Duplicate entry '2345' for key 'user_user_unique'
    at Query.Sequence._packetToError (C:\Users\BIM02\Desktop\ServerKT\node_modules\mysql\lib\protocol\sequences\Sequence.js:47:14)
    at Query.ErrorPacket (C:\Users\BIM02\Desktop\ServerKT\node_modules\mysql\lib\protocol\sequences\Query.js:79:18)
    at Protocol._parsePacket (C:\Users\BIM02\Desktop\ServerKT\node_modules\mysql\lib\protocol\Protocol.js:291:23)
    at Parser._parsePacket (C:\Users\BIM02\Desktop\ServerKT\node_modules\mysql\lib\protocol\Parser.js:433:10)
    at Parser.write (C:\Users\BIM02\Desktop\ServerKT\node_modules\mysql\lib\protocol\Parser.js:43:10)
    at Protocol.write (C:\Users\BIM02\Desktop\ServerKT\node_modules\mysql\lib\protocol\Protocol.js:38:16)
    at Socket.<anonymous> (C:\Users\BIM02\Desktop\ServerKT\node_modules\mysql\lib\Connection.js:88:28)
    at Socket.<anonymous> (C:\Users\BIM02\Desktop\ServerKT\node_modules\mysql\lib\Connection.js:526:10)
    at Socket.emit (events.js:182:13)
    at addChunk (_stream_readable.js:283:12)
    at readableAddChunk (_stream_readable.js:264:11)
    at Socket.Readable.push (_stream_readable.js:219:10)
    at TCP.onStreamRead [as onread] (internal/stream_base_commons.js:94:17)
    at Protocol._enqueue (C:\Users\BIM02\Desktop\ServerKT\node_modules\mysql\lib\protocol\Protocol.js:144:48)
    at Connection.query (C:\Users\BIM02\Desktop\ServerKT\node_modules\mysql\lib\Connection.js:198:25)
    at C:\Users\BIM02\Desktop\ServerKT\node_modules\knex\lib\dialects\mysql\index.js:135:18
    at new Promise (<anonymous>)
    at Client_MySQL._query (C:\Users\BIM02\Desktop\ServerKT\node_modules\knex\lib\dialects\mysql\index.js:129:12)
    at Client_MySQL.query (C:\Users\BIM02\Desktop\ServerKT\node_modules\knex\lib\client.js:169:17)
    at C:\Users\BIM02\Desktop\ServerKT\node_modules\knex\lib\transaction.js:321:24
    at new Promise (<anonymous>)
    at Client_MySQL.trxClient.query (C:\Users\BIM02\Desktop\ServerKT\node_modules\knex\lib\transaction.js:316:12)
    at Runner.query (C:\Users\BIM02\Desktop\ServerKT\node_modules\knex\lib\runner.js:134:36)
    at C:\Users\BIM02\Desktop\ServerKT\node_modules\knex\lib\runner.js:40:23
    at client.acquireConnection.catch.then (C:\Users\BIM02\Desktop\ServerKT\node_modules\knex\lib\runner.js:260:24)
From previous event:
    at Child.<anonymous> (C:\Users\BIM02\Desktop\ServerKT\node_modules\bookshelf\lib\model.js:1160:42)
From previous event:
    at Child.<anonymous> (C:\Users\BIM02\Desktop\ServerKT\node_modules\bookshelf\lib\model.js:1159:14)
    at runCallback (timers.js:694:18)
    at tryOnImmediate (timers.js:665:5)
    at processImmediate (timers.js:647:5)
From previous event:
    at Child.<anonymous> (C:\Users\BIM02\Desktop\ServerKT\node_modules\bookshelf\lib\model.js:1060:10)
From previous event:
    at B.transaction.trx (C:\Users\BIM02\Desktop\ServerKT\restful\v0\users.js:35:29)
    at init.then.then (C:\Users\BIM02\Desktop\ServerKT\node_modules\knex\lib\transaction.js:184:22)
    at process._tickCallback (internal/process/next_tick.js:68:7)
  code: 'ER_DUP_ENTRY',
  errno: 1062,
  sqlMessage: 'Duplicate entry \'2345\' for key \'user_user_unique\'',
  sqlState: '23000',
  index: 0,
  sql:
   'insert into `user` (`created_by`, `id`, `name`, `user`) values (DEFAULT, \'57eceecc-1ddc-42c9-b77f-48f4e184680c\', \'32\', \'2345\')' }
[2020-07-07T09:02:35.844] [ERROR] app - { Error: insert into `user` (`created_by`, `id`, `name`, `user`) values (DEFAULT, 'd109b693-68ff-41cd-bc17-d49bbc4f3f85', '324', '2345') - ER_DUP_ENTRY: Duplicate entry '2345' for key 'user_user_unique'
    at Query.Sequence._packetToError (C:\Users\BIM02\Desktop\ServerKT\node_modules\mysql\lib\protocol\sequences\Sequence.js:47:14)
    at Query.ErrorPacket (C:\Users\BIM02\Desktop\ServerKT\node_modules\mysql\lib\protocol\sequences\Query.js:79:18)
    at Protocol._parsePacket (C:\Users\BIM02\Desktop\ServerKT\node_modules\mysql\lib\protocol\Protocol.js:291:23)
    at Parser._parsePacket (C:\Users\BIM02\Desktop\ServerKT\node_modules\mysql\lib\protocol\Parser.js:433:10)
    at Parser.write (C:\Users\BIM02\Desktop\ServerKT\node_modules\mysql\lib\protocol\Parser.js:43:10)
    at Protocol.write (C:\Users\BIM02\Desktop\ServerKT\node_modules\mysql\lib\protocol\Protocol.js:38:16)
    at Socket.<anonymous> (C:\Users\BIM02\Desktop\ServerKT\node_modules\mysql\lib\Connection.js:88:28)
    at Socket.<anonymous> (C:\Users\BIM02\Desktop\ServerKT\node_modules\mysql\lib\Connection.js:526:10)
    at Socket.emit (events.js:182:13)
    at addChunk (_stream_readable.js:283:12)
    at readableAddChunk (_stream_readable.js:264:11)
    at Socket.Readable.push (_stream_readable.js:219:10)
    at TCP.onStreamRead [as onread] (internal/stream_base_commons.js:94:17)
    at Protocol._enqueue (C:\Users\BIM02\Desktop\ServerKT\node_modules\mysql\lib\protocol\Protocol.js:144:48)
    at Connection.query (C:\Users\BIM02\Desktop\ServerKT\node_modules\mysql\lib\Connection.js:198:25)
    at C:\Users\BIM02\Desktop\ServerKT\node_modules\knex\lib\dialects\mysql\index.js:135:18
    at new Promise (<anonymous>)
    at Client_MySQL._query (C:\Users\BIM02\Desktop\ServerKT\node_modules\knex\lib\dialects\mysql\index.js:129:12)
    at Client_MySQL.query (C:\Users\BIM02\Desktop\ServerKT\node_modules\knex\lib\client.js:169:17)
    at C:\Users\BIM02\Desktop\ServerKT\node_modules\knex\lib\transaction.js:321:24
    at new Promise (<anonymous>)
    at Client_MySQL.trxClient.query (C:\Users\BIM02\Desktop\ServerKT\node_modules\knex\lib\transaction.js:316:12)
    at Runner.query (C:\Users\BIM02\Desktop\ServerKT\node_modules\knex\lib\runner.js:134:36)
    at C:\Users\BIM02\Desktop\ServerKT\node_modules\knex\lib\runner.js:40:23
    at client.acquireConnection.catch.then (C:\Users\BIM02\Desktop\ServerKT\node_modules\knex\lib\runner.js:260:24)
From previous event:
    at Child.<anonymous> (C:\Users\BIM02\Desktop\ServerKT\node_modules\bookshelf\lib\model.js:1160:42)
From previous event:
    at Child.<anonymous> (C:\Users\BIM02\Desktop\ServerKT\node_modules\bookshelf\lib\model.js:1159:14)
    at runCallback (timers.js:694:18)
    at tryOnImmediate (timers.js:665:5)
    at processImmediate (timers.js:647:5)
From previous event:
    at Child.<anonymous> (C:\Users\BIM02\Desktop\ServerKT\node_modules\bookshelf\lib\model.js:1060:10)
From previous event:
    at B.transaction.trx (C:\Users\BIM02\Desktop\ServerKT\restful\v0\users.js:35:29)
    at init.then.then (C:\Users\BIM02\Desktop\ServerKT\node_modules\knex\lib\transaction.js:184:22)
    at process._tickCallback (internal/process/next_tick.js:68:7)
  code: 'ER_DUP_ENTRY',
  errno: 1062,
  sqlMessage: 'Duplicate entry \'2345\' for key \'user_user_unique\'',
  sqlState: '23000',
  index: 0,
  sql:
   'insert into `user` (`created_by`, `id`, `name`, `user`) values (DEFAULT, \'d109b693-68ff-41cd-bc17-d49bbc4f3f85\', \'324\', \'2345\')' }
[2020-07-07T09:04:07.056] [ERROR] app - Error: Transaction query already complete, run with DEBUG=knex:tx for more info
    at completedError (C:\Users\BIM02\Desktop\ServerKT\node_modules\knex\lib\transaction.js:354:9)
    at C:\Users\BIM02\Desktop\ServerKT\node_modules\knex\lib\transaction.js:320:24
    at new Promise (<anonymous>)
    at Client_MySQL.trxClient.query (C:\Users\BIM02\Desktop\ServerKT\node_modules\knex\lib\transaction.js:316:12)
    at Transaction_MySQL.query (C:\Users\BIM02\Desktop\ServerKT\node_modules\knex\lib\dialects\mysql\transaction.js:12:8)
    at Transaction_MySQL.commit (C:\Users\BIM02\Desktop\ServerKT\node_modules\knex\lib\transaction.js:90:17)
    at Function.transactor.commit (C:\Users\BIM02\Desktop\ServerKT\node_modules\knex\lib\transaction.js:277:40)
    at Child.result.then (C:\Users\BIM02\Desktop\ServerKT\node_modules\knex\lib\transaction.js:191:35)
    at Child.tryCatcher (C:\Users\BIM02\Desktop\ServerKT\node_modules\bookshelf\node_modules\bluebird\js\release\util.js:16:23)
    at Promise._settlePromiseFromHandler (C:\Users\BIM02\Desktop\ServerKT\node_modules\bookshelf\node_modules\bluebird\js\release\promise.js:547:31)
    at Promise._settlePromise (C:\Users\BIM02\Desktop\ServerKT\node_modules\bookshelf\node_modules\bluebird\js\release\promise.js:604:18)
    at Promise._settlePromise0 (C:\Users\BIM02\Desktop\ServerKT\node_modules\bookshelf\node_modules\bluebird\js\release\promise.js:649:10)
    at Promise._settlePromises (C:\Users\BIM02\Desktop\ServerKT\node_modules\bookshelf\node_modules\bluebird\js\release\promise.js:729:18)
    at _drainQueueStep (C:\Users\BIM02\Desktop\ServerKT\node_modules\bookshelf\node_modules\bluebird\js\release\async.js:93:12)
    at _drainQueue (C:\Users\BIM02\Desktop\ServerKT\node_modules\bookshelf\node_modules\bluebird\js\release\async.js:86:9)
    at Async._drainQueues (C:\Users\BIM02\Desktop\ServerKT\node_modules\bookshelf\node_modules\bluebird\js\release\async.js:102:5)
[2020-07-07T09:04:30.577] [ERROR] app - Error: Transaction query already complete, run with DEBUG=knex:tx for more info
    at completedError (C:\Users\BIM02\Desktop\ServerKT\node_modules\knex\lib\transaction.js:354:9)
    at C:\Users\BIM02\Desktop\ServerKT\node_modules\knex\lib\transaction.js:320:24
    at new Promise (<anonymous>)
    at Client_MySQL.trxClient.query (C:\Users\BIM02\Desktop\ServerKT\node_modules\knex\lib\transaction.js:316:12)
    at Transaction_MySQL.query (C:\Users\BIM02\Desktop\ServerKT\node_modules\knex\lib\dialects\mysql\transaction.js:12:8)
    at Transaction_MySQL.commit (C:\Users\BIM02\Desktop\ServerKT\node_modules\knex\lib\transaction.js:90:17)
    at Function.transactor.commit (C:\Users\BIM02\Desktop\ServerKT\node_modules\knex\lib\transaction.js:277:40)
    at Child.result.then (C:\Users\BIM02\Desktop\ServerKT\node_modules\knex\lib\transaction.js:191:35)
    at Child.tryCatcher (C:\Users\BIM02\Desktop\ServerKT\node_modules\bookshelf\node_modules\bluebird\js\release\util.js:16:23)
    at Promise._settlePromiseFromHandler (C:\Users\BIM02\Desktop\ServerKT\node_modules\bookshelf\node_modules\bluebird\js\release\promise.js:547:31)
    at Promise._settlePromise (C:\Users\BIM02\Desktop\ServerKT\node_modules\bookshelf\node_modules\bluebird\js\release\promise.js:604:18)
    at Promise._settlePromise0 (C:\Users\BIM02\Desktop\ServerKT\node_modules\bookshelf\node_modules\bluebird\js\release\promise.js:649:10)
    at Promise._settlePromises (C:\Users\BIM02\Desktop\ServerKT\node_modules\bookshelf\node_modules\bluebird\js\release\promise.js:729:18)
    at _drainQueueStep (C:\Users\BIM02\Desktop\ServerKT\node_modules\bookshelf\node_modules\bluebird\js\release\async.js:93:12)
    at _drainQueue (C:\Users\BIM02\Desktop\ServerKT\node_modules\bookshelf\node_modules\bluebird\js\release\async.js:86:9)
    at Async._drainQueues (C:\Users\BIM02\Desktop\ServerKT\node_modules\bookshelf\node_modules\bluebird\js\release\async.js:102:5)
[2020-07-07T09:04:58.925] [ERROR] app - Error: Transaction query already complete, run with DEBUG=knex:tx for more info
    at completedError (C:\Users\BIM02\Desktop\ServerKT\node_modules\knex\lib\transaction.js:354:9)
    at C:\Users\BIM02\Desktop\ServerKT\node_modules\knex\lib\transaction.js:320:24
    at new Promise (<anonymous>)
    at Client_MySQL.trxClient.query (C:\Users\BIM02\Desktop\ServerKT\node_modules\knex\lib\transaction.js:316:12)
    at Transaction_MySQL.query (C:\Users\BIM02\Desktop\ServerKT\node_modules\knex\lib\dialects\mysql\transaction.js:12:8)
    at Transaction_MySQL.commit (C:\Users\BIM02\Desktop\ServerKT\node_modules\knex\lib\transaction.js:90:17)
    at Function.transactor.commit (C:\Users\BIM02\Desktop\ServerKT\node_modules\knex\lib\transaction.js:277:40)
    at Child.result.then (C:\Users\BIM02\Desktop\ServerKT\node_modules\knex\lib\transaction.js:191:35)
    at Child.tryCatcher (C:\Users\BIM02\Desktop\ServerKT\node_modules\bookshelf\node_modules\bluebird\js\release\util.js:16:23)
    at Promise._settlePromiseFromHandler (C:\Users\BIM02\Desktop\ServerKT\node_modules\bookshelf\node_modules\bluebird\js\release\promise.js:547:31)
    at Promise._settlePromise (C:\Users\BIM02\Desktop\ServerKT\node_modules\bookshelf\node_modules\bluebird\js\release\promise.js:604:18)
    at Promise._settlePromise0 (C:\Users\BIM02\Desktop\ServerKT\node_modules\bookshelf\node_modules\bluebird\js\release\promise.js:649:10)
    at Promise._settlePromises (C:\Users\BIM02\Desktop\ServerKT\node_modules\bookshelf\node_modules\bluebird\js\release\promise.js:729:18)
    at _drainQueueStep (C:\Users\BIM02\Desktop\ServerKT\node_modules\bookshelf\node_modules\bluebird\js\release\async.js:93:12)
    at _drainQueue (C:\Users\BIM02\Desktop\ServerKT\node_modules\bookshelf\node_modules\bluebird\js\release\async.js:86:9)
    at Async._drainQueues (C:\Users\BIM02\Desktop\ServerKT\node_modules\bookshelf\node_modules\bluebird\js\release\async.js:102:5)
[2020-07-07T09:05:21.243] [ERROR] app - Error: Transaction query already complete, run with DEBUG=knex:tx for more info
    at completedError (C:\Users\BIM02\Desktop\ServerKT\node_modules\knex\lib\transaction.js:354:9)
    at C:\Users\BIM02\Desktop\ServerKT\node_modules\knex\lib\transaction.js:320:24
    at new Promise (<anonymous>)
    at Client_MySQL.trxClient.query (C:\Users\BIM02\Desktop\ServerKT\node_modules\knex\lib\transaction.js:316:12)
    at Transaction_MySQL.query (C:\Users\BIM02\Desktop\ServerKT\node_modules\knex\lib\dialects\mysql\transaction.js:12:8)
    at Transaction_MySQL.commit (C:\Users\BIM02\Desktop\ServerKT\node_modules\knex\lib\transaction.js:90:17)
    at Function.transactor.commit (C:\Users\BIM02\Desktop\ServerKT\node_modules\knex\lib\transaction.js:277:40)
    at Child.result.then (C:\Users\BIM02\Desktop\ServerKT\node_modules\knex\lib\transaction.js:191:35)
    at Child.tryCatcher (C:\Users\BIM02\Desktop\ServerKT\node_modules\bookshelf\node_modules\bluebird\js\release\util.js:16:23)
    at Promise._settlePromiseFromHandler (C:\Users\BIM02\Desktop\ServerKT\node_modules\bookshelf\node_modules\bluebird\js\release\promise.js:547:31)
    at Promise._settlePromise (C:\Users\BIM02\Desktop\ServerKT\node_modules\bookshelf\node_modules\bluebird\js\release\promise.js:604:18)
    at Promise._settlePromise0 (C:\Users\BIM02\Desktop\ServerKT\node_modules\bookshelf\node_modules\bluebird\js\release\promise.js:649:10)
    at Promise._settlePromises (C:\Users\BIM02\Desktop\ServerKT\node_modules\bookshelf\node_modules\bluebird\js\release\promise.js:729:18)
    at _drainQueueStep (C:\Users\BIM02\Desktop\ServerKT\node_modules\bookshelf\node_modules\bluebird\js\release\async.js:93:12)
    at _drainQueue (C:\Users\BIM02\Desktop\ServerKT\node_modules\bookshelf\node_modules\bluebird\js\release\async.js:86:9)
    at Async._drainQueues (C:\Users\BIM02\Desktop\ServerKT\node_modules\bookshelf\node_modules\bluebird\js\release\async.js:102:5)
[2020-07-07T09:06:07.274] [ERROR] app - Error: Transaction query already complete, run with DEBUG=knex:tx for more info
    at completedError (C:\Users\BIM02\Desktop\ServerKT\node_modules\knex\lib\transaction.js:354:9)
    at C:\Users\BIM02\Desktop\ServerKT\node_modules\knex\lib\transaction.js:320:24
    at new Promise (<anonymous>)
    at Client_MySQL.trxClient.query (C:\Users\BIM02\Desktop\ServerKT\node_modules\knex\lib\transaction.js:316:12)
    at Transaction_MySQL.query (C:\Users\BIM02\Desktop\ServerKT\node_modules\knex\lib\dialects\mysql\transaction.js:12:8)
    at Transaction_MySQL.rollback (C:\Users\BIM02\Desktop\ServerKT\node_modules\knex\lib\transaction.js:98:25)
    at Function.transactor.rollback (C:\Users\BIM02\Desktop\ServerKT\node_modules\knex\lib\transaction.js:278:42)
    at Child.result.then.catch (C:\Users\BIM02\Desktop\ServerKT\node_modules\knex\lib\transaction.js:194:35)
    at Child.tryCatcher (C:\Users\BIM02\Desktop\ServerKT\node_modules\bookshelf\node_modules\bluebird\js\release\util.js:16:23)
    at Promise._settlePromiseFromHandler (C:\Users\BIM02\Desktop\ServerKT\node_modules\bookshelf\node_modules\bluebird\js\release\promise.js:547:31)
    at Promise._settlePromise (C:\Users\BIM02\Desktop\ServerKT\node_modules\bookshelf\node_modules\bluebird\js\release\promise.js:604:18)
    at Promise._settlePromise0 (C:\Users\BIM02\Desktop\ServerKT\node_modules\bookshelf\node_modules\bluebird\js\release\promise.js:649:10)
    at Promise._settlePromises (C:\Users\BIM02\Desktop\ServerKT\node_modules\bookshelf\node_modules\bluebird\js\release\promise.js:725:18)
    at _drainQueueStep (C:\Users\BIM02\Desktop\ServerKT\node_modules\bookshelf\node_modules\bluebird\js\release\async.js:93:12)
    at _drainQueue (C:\Users\BIM02\Desktop\ServerKT\node_modules\bookshelf\node_modules\bluebird\js\release\async.js:86:9)
    at Async._drainQueues (C:\Users\BIM02\Desktop\ServerKT\node_modules\bookshelf\node_modules\bluebird\js\release\async.js:102:5)
[2020-07-07T09:06:25.331] [ERROR] app - Error: Transaction query already complete, run with DEBUG=knex:tx for more info
    at completedError (C:\Users\BIM02\Desktop\ServerKT\node_modules\knex\lib\transaction.js:354:9)
    at C:\Users\BIM02\Desktop\ServerKT\node_modules\knex\lib\transaction.js:320:24
    at new Promise (<anonymous>)
    at Client_MySQL.trxClient.query (C:\Users\BIM02\Desktop\ServerKT\node_modules\knex\lib\transaction.js:316:12)
    at Transaction_MySQL.query (C:\Users\BIM02\Desktop\ServerKT\node_modules\knex\lib\dialects\mysql\transaction.js:12:8)
    at Transaction_MySQL.rollback (C:\Users\BIM02\Desktop\ServerKT\node_modules\knex\lib\transaction.js:98:25)
    at Function.transactor.rollback (C:\Users\BIM02\Desktop\ServerKT\node_modules\knex\lib\transaction.js:278:42)
    at Child.result.then.catch (C:\Users\BIM02\Desktop\ServerKT\node_modules\knex\lib\transaction.js:194:35)
    at Child.tryCatcher (C:\Users\BIM02\Desktop\ServerKT\node_modules\bookshelf\node_modules\bluebird\js\release\util.js:16:23)
    at Promise._settlePromiseFromHandler (C:\Users\BIM02\Desktop\ServerKT\node_modules\bookshelf\node_modules\bluebird\js\release\promise.js:547:31)
    at Promise._settlePromise (C:\Users\BIM02\Desktop\ServerKT\node_modules\bookshelf\node_modules\bluebird\js\release\promise.js:604:18)
    at Promise._settlePromise0 (C:\Users\BIM02\Desktop\ServerKT\node_modules\bookshelf\node_modules\bluebird\js\release\promise.js:649:10)
    at Promise._settlePromises (C:\Users\BIM02\Desktop\ServerKT\node_modules\bookshelf\node_modules\bluebird\js\release\promise.js:725:18)
    at _drainQueueStep (C:\Users\BIM02\Desktop\ServerKT\node_modules\bookshelf\node_modules\bluebird\js\release\async.js:93:12)
    at _drainQueue (C:\Users\BIM02\Desktop\ServerKT\node_modules\bookshelf\node_modules\bluebird\js\release\async.js:86:9)
    at Async._drainQueues (C:\Users\BIM02\Desktop\ServerKT\node_modules\bookshelf\node_modules\bluebird\js\release\async.js:102:5)
[2020-07-07T09:06:32.338] [ERROR] app - ER_DUP_ENTRY
[2020-07-07T09:07:03.712] [ERROR] app - Error: Transaction query already complete, run with DEBUG=knex:tx for more info
    at completedError (C:\Users\BIM02\Desktop\ServerKT\node_modules\knex\lib\transaction.js:354:9)
    at C:\Users\BIM02\Desktop\ServerKT\node_modules\knex\lib\transaction.js:320:24
    at new Promise (<anonymous>)
    at Client_MySQL.trxClient.query (C:\Users\BIM02\Desktop\ServerKT\node_modules\knex\lib\transaction.js:316:12)
    at Transaction_MySQL.query (C:\Users\BIM02\Desktop\ServerKT\node_modules\knex\lib\dialects\mysql\transaction.js:12:8)
    at Transaction_MySQL.commit (C:\Users\BIM02\Desktop\ServerKT\node_modules\knex\lib\transaction.js:90:17)
    at Function.transactor.commit (C:\Users\BIM02\Desktop\ServerKT\node_modules\knex\lib\transaction.js:277:40)
    at Child.result.then (C:\Users\BIM02\Desktop\ServerKT\node_modules\knex\lib\transaction.js:191:35)
    at Child.tryCatcher (C:\Users\BIM02\Desktop\ServerKT\node_modules\bookshelf\node_modules\bluebird\js\release\util.js:16:23)
    at Promise._settlePromiseFromHandler (C:\Users\BIM02\Desktop\ServerKT\node_modules\bookshelf\node_modules\bluebird\js\release\promise.js:547:31)
    at Promise._settlePromise (C:\Users\BIM02\Desktop\ServerKT\node_modules\bookshelf\node_modules\bluebird\js\release\promise.js:604:18)
    at Promise._settlePromise0 (C:\Users\BIM02\Desktop\ServerKT\node_modules\bookshelf\node_modules\bluebird\js\release\promise.js:649:10)
    at Promise._settlePromises (C:\Users\BIM02\Desktop\ServerKT\node_modules\bookshelf\node_modules\bluebird\js\release\promise.js:729:18)
    at _drainQueueStep (C:\Users\BIM02\Desktop\ServerKT\node_modules\bookshelf\node_modules\bluebird\js\release\async.js:93:12)
    at _drainQueue (C:\Users\BIM02\Desktop\ServerKT\node_modules\bookshelf\node_modules\bluebird\js\release\async.js:86:9)
    at Async._drainQueues (C:\Users\BIM02\Desktop\ServerKT\node_modules\bookshelf\node_modules\bluebird\js\release\async.js:102:5)
[2020-07-07T09:07:26.393] [ERROR] app - Error: Transaction query already complete, run with DEBUG=knex:tx for more info
    at completedError (C:\Users\BIM02\Desktop\ServerKT\node_modules\knex\lib\transaction.js:354:9)
    at C:\Users\BIM02\Desktop\ServerKT\node_modules\knex\lib\transaction.js:320:24
    at new Promise (<anonymous>)
    at Client_MySQL.trxClient.query (C:\Users\BIM02\Desktop\ServerKT\node_modules\knex\lib\transaction.js:316:12)
    at Transaction_MySQL.query (C:\Users\BIM02\Desktop\ServerKT\node_modules\knex\lib\dialects\mysql\transaction.js:12:8)
    at Transaction_MySQL.commit (C:\Users\BIM02\Desktop\ServerKT\node_modules\knex\lib\transaction.js:90:17)
    at Function.transactor.commit (C:\Users\BIM02\Desktop\ServerKT\node_modules\knex\lib\transaction.js:277:40)
    at Child.result.then (C:\Users\BIM02\Desktop\ServerKT\node_modules\knex\lib\transaction.js:191:35)
    at Child.tryCatcher (C:\Users\BIM02\Desktop\ServerKT\node_modules\bookshelf\node_modules\bluebird\js\release\util.js:16:23)
    at Promise._settlePromiseFromHandler (C:\Users\BIM02\Desktop\ServerKT\node_modules\bookshelf\node_modules\bluebird\js\release\promise.js:547:31)
    at Promise._settlePromise (C:\Users\BIM02\Desktop\ServerKT\node_modules\bookshelf\node_modules\bluebird\js\release\promise.js:604:18)
    at Promise._settlePromise0 (C:\Users\BIM02\Desktop\ServerKT\node_modules\bookshelf\node_modules\bluebird\js\release\promise.js:649:10)
    at Promise._settlePromises (C:\Users\BIM02\Desktop\ServerKT\node_modules\bookshelf\node_modules\bluebird\js\release\promise.js:729:18)
    at _drainQueueStep (C:\Users\BIM02\Desktop\ServerKT\node_modules\bookshelf\node_modules\bluebird\js\release\async.js:93:12)
    at _drainQueue (C:\Users\BIM02\Desktop\ServerKT\node_modules\bookshelf\node_modules\bluebird\js\release\async.js:86:9)
    at Async._drainQueues (C:\Users\BIM02\Desktop\ServerKT\node_modules\bookshelf\node_modules\bluebird\js\release\async.js:102:5)
[2020-07-07T09:07:48.296] [ERROR] app - Error: Transaction query already complete, run with DEBUG=knex:tx for more info
    at completedError (C:\Users\BIM02\Desktop\ServerKT\node_modules\knex\lib\transaction.js:354:9)
    at C:\Users\BIM02\Desktop\ServerKT\node_modules\knex\lib\transaction.js:320:24
    at new Promise (<anonymous>)
    at Client_MySQL.trxClient.query (C:\Users\BIM02\Desktop\ServerKT\node_modules\knex\lib\transaction.js:316:12)
    at Transaction_MySQL.query (C:\Users\BIM02\Desktop\ServerKT\node_modules\knex\lib\dialects\mysql\transaction.js:12:8)
    at Transaction_MySQL.commit (C:\Users\BIM02\Desktop\ServerKT\node_modules\knex\lib\transaction.js:90:17)
    at Function.transactor.commit (C:\Users\BIM02\Desktop\ServerKT\node_modules\knex\lib\transaction.js:277:40)
    at Child.result.then (C:\Users\BIM02\Desktop\ServerKT\node_modules\knex\lib\transaction.js:191:35)
    at Child.tryCatcher (C:\Users\BIM02\Desktop\ServerKT\node_modules\bookshelf\node_modules\bluebird\js\release\util.js:16:23)
    at Promise._settlePromiseFromHandler (C:\Users\BIM02\Desktop\ServerKT\node_modules\bookshelf\node_modules\bluebird\js\release\promise.js:547:31)
    at Promise._settlePromise (C:\Users\BIM02\Desktop\ServerKT\node_modules\bookshelf\node_modules\bluebird\js\release\promise.js:604:18)
    at Promise._settlePromise0 (C:\Users\BIM02\Desktop\ServerKT\node_modules\bookshelf\node_modules\bluebird\js\release\promise.js:649:10)
    at Promise._settlePromises (C:\Users\BIM02\Desktop\ServerKT\node_modules\bookshelf\node_modules\bluebird\js\release\promise.js:729:18)
    at _drainQueueStep (C:\Users\BIM02\Desktop\ServerKT\node_modules\bookshelf\node_modules\bluebird\js\release\async.js:93:12)
    at _drainQueue (C:\Users\BIM02\Desktop\ServerKT\node_modules\bookshelf\node_modules\bluebird\js\release\async.js:86:9)
    at Async._drainQueues (C:\Users\BIM02\Desktop\ServerKT\node_modules\bookshelf\node_modules\bluebird\js\release\async.js:102:5)
[2020-07-07T09:08:34.198] [ERROR] app - Error: Transaction query already complete, run with DEBUG=knex:tx for more info
    at completedError (C:\Users\BIM02\Desktop\ServerKT\node_modules\knex\lib\transaction.js:354:9)
    at C:\Users\BIM02\Desktop\ServerKT\node_modules\knex\lib\transaction.js:320:24
    at new Promise (<anonymous>)
    at Client_MySQL.trxClient.query (C:\Users\BIM02\Desktop\ServerKT\node_modules\knex\lib\transaction.js:316:12)
    at Transaction_MySQL.query (C:\Users\BIM02\Desktop\ServerKT\node_modules\knex\lib\dialects\mysql\transaction.js:12:8)
    at Transaction_MySQL.commit (C:\Users\BIM02\Desktop\ServerKT\node_modules\knex\lib\transaction.js:90:17)
    at Function.transactor.commit (C:\Users\BIM02\Desktop\ServerKT\node_modules\knex\lib\transaction.js:277:40)
    at Child.result.then (C:\Users\BIM02\Desktop\ServerKT\node_modules\knex\lib\transaction.js:191:35)
    at Child.tryCatcher (C:\Users\BIM02\Desktop\ServerKT\node_modules\bookshelf\node_modules\bluebird\js\release\util.js:16:23)
    at Promise._settlePromiseFromHandler (C:\Users\BIM02\Desktop\ServerKT\node_modules\bookshelf\node_modules\bluebird\js\release\promise.js:547:31)
    at Promise._settlePromise (C:\Users\BIM02\Desktop\ServerKT\node_modules\bookshelf\node_modules\bluebird\js\release\promise.js:604:18)
    at Promise._settlePromise0 (C:\Users\BIM02\Desktop\ServerKT\node_modules\bookshelf\node_modules\bluebird\js\release\promise.js:649:10)
    at Promise._settlePromises (C:\Users\BIM02\Desktop\ServerKT\node_modules\bookshelf\node_modules\bluebird\js\release\promise.js:729:18)
    at _drainQueueStep (C:\Users\BIM02\Desktop\ServerKT\node_modules\bookshelf\node_modules\bluebird\js\release\async.js:93:12)
    at _drainQueue (C:\Users\BIM02\Desktop\ServerKT\node_modules\bookshelf\node_modules\bluebird\js\release\async.js:86:9)
    at Async._drainQueues (C:\Users\BIM02\Desktop\ServerKT\node_modules\bookshelf\node_modules\bluebird\js\release\async.js:102:5)
[2020-07-07T09:08:42.591] [ERROR] app - Error: Transaction query already complete, run with DEBUG=knex:tx for more info
    at completedError (C:\Users\BIM02\Desktop\ServerKT\node_modules\knex\lib\transaction.js:354:9)
    at C:\Users\BIM02\Desktop\ServerKT\node_modules\knex\lib\transaction.js:320:24
    at new Promise (<anonymous>)
    at Client_MySQL.trxClient.query (C:\Users\BIM02\Desktop\ServerKT\node_modules\knex\lib\transaction.js:316:12)
    at Transaction_MySQL.query (C:\Users\BIM02\Desktop\ServerKT\node_modules\knex\lib\dialects\mysql\transaction.js:12:8)
    at Transaction_MySQL.commit (C:\Users\BIM02\Desktop\ServerKT\node_modules\knex\lib\transaction.js:90:17)
    at Function.transactor.commit (C:\Users\BIM02\Desktop\ServerKT\node_modules\knex\lib\transaction.js:277:40)
    at Child.result.then (C:\Users\BIM02\Desktop\ServerKT\node_modules\knex\lib\transaction.js:191:35)
    at Child.tryCatcher (C:\Users\BIM02\Desktop\ServerKT\node_modules\bookshelf\node_modules\bluebird\js\release\util.js:16:23)
    at Promise._settlePromiseFromHandler (C:\Users\BIM02\Desktop\ServerKT\node_modules\bookshelf\node_modules\bluebird\js\release\promise.js:547:31)
    at Promise._settlePromise (C:\Users\BIM02\Desktop\ServerKT\node_modules\bookshelf\node_modules\bluebird\js\release\promise.js:604:18)
    at Promise._settlePromise0 (C:\Users\BIM02\Desktop\ServerKT\node_modules\bookshelf\node_modules\bluebird\js\release\promise.js:649:10)
    at Promise._settlePromises (C:\Users\BIM02\Desktop\ServerKT\node_modules\bookshelf\node_modules\bluebird\js\release\promise.js:729:18)
    at _drainQueueStep (C:\Users\BIM02\Desktop\ServerKT\node_modules\bookshelf\node_modules\bluebird\js\release\async.js:93:12)
    at _drainQueue (C:\Users\BIM02\Desktop\ServerKT\node_modules\bookshelf\node_modules\bluebird\js\release\async.js:86:9)
    at Async._drainQueues (C:\Users\BIM02\Desktop\ServerKT\node_modules\bookshelf\node_modules\bluebird\js\release\async.js:102:5)
[2020-07-07T09:10:06.822] [ERROR] app - Error: Transaction query already complete, run with DEBUG=knex:tx for more info
    at completedError (C:\Users\BIM02\Desktop\ServerKT\node_modules\knex\lib\transaction.js:354:9)
    at C:\Users\BIM02\Desktop\ServerKT\node_modules\knex\lib\transaction.js:320:24
    at new Promise (<anonymous>)
    at Client_MySQL.trxClient.query (C:\Users\BIM02\Desktop\ServerKT\node_modules\knex\lib\transaction.js:316:12)
    at Transaction_MySQL.query (C:\Users\BIM02\Desktop\ServerKT\node_modules\knex\lib\dialects\mysql\transaction.js:12:8)
    at Transaction_MySQL.commit (C:\Users\BIM02\Desktop\ServerKT\node_modules\knex\lib\transaction.js:90:17)
    at Function.transactor.commit (C:\Users\BIM02\Desktop\ServerKT\node_modules\knex\lib\transaction.js:277:40)
    at Child.result.then (C:\Users\BIM02\Desktop\ServerKT\node_modules\knex\lib\transaction.js:191:35)
    at Child.tryCatcher (C:\Users\BIM02\Desktop\ServerKT\node_modules\bookshelf\node_modules\bluebird\js\release\util.js:16:23)
    at Promise._settlePromiseFromHandler (C:\Users\BIM02\Desktop\ServerKT\node_modules\bookshelf\node_modules\bluebird\js\release\promise.js:547:31)
    at Promise._settlePromise (C:\Users\BIM02\Desktop\ServerKT\node_modules\bookshelf\node_modules\bluebird\js\release\promise.js:604:18)
    at Promise._settlePromise0 (C:\Users\BIM02\Desktop\ServerKT\node_modules\bookshelf\node_modules\bluebird\js\release\promise.js:649:10)
    at Promise._settlePromises (C:\Users\BIM02\Desktop\ServerKT\node_modules\bookshelf\node_modules\bluebird\js\release\promise.js:729:18)
    at _drainQueueStep (C:\Users\BIM02\Desktop\ServerKT\node_modules\bookshelf\node_modules\bluebird\js\release\async.js:93:12)
    at _drainQueue (C:\Users\BIM02\Desktop\ServerKT\node_modules\bookshelf\node_modules\bluebird\js\release\async.js:86:9)
    at Async._drainQueues (C:\Users\BIM02\Desktop\ServerKT\node_modules\bookshelf\node_modules\bluebird\js\release\async.js:102:5)
[2020-07-07T09:11:25.704] [ERROR] app - 
[2020-07-07T09:13:06.218] [ERROR] app - { key: 'user', error: '' }
[2020-07-07T09:13:34.224] [ERROR] app - { key: 'user', error: '' }
[2020-07-07T09:13:55.629] [ERROR] app - { key: 'phone', error: '' }
[2020-07-07T09:14:01.646] [ERROR] app - { key: 'phone', error: '' }
[2020-07-07T09:15:13.994] [ERROR] app - { key: 'phone', error: '' }
[2020-07-07T09:17:27.595] [ERROR] app - { key: 'user', error: '' }
[2020-07-07T09:17:39.619] [ERROR] app - { key: 'user', error: '' }
[2020-07-07T09:18:00.705] [ERROR] app - { key: 'phone', error: '' }
[2020-07-07T09:18:12.411] [ERROR] app - { key: 'user', error: '' }
[2020-07-07T09:18:19.132] [ERROR] app - { key: 'phone', error: '' }
[2020-07-07T09:20:16.791] [ERROR] app - { key: 'phone', error: '' }
[2020-07-07T09:20:30.534] [ERROR] app - { key: 'phone', error: '' }
[2020-07-07T09:21:25.372] [ERROR] app - { key: 'phone', error: '' }
[2020-07-07T09:21:29.315] [ERROR] app - { key: 'phone', error: '' }
[2020-07-07T09:23:01.363] [ERROR] app - { key: 'phone', error: '' }
[2020-07-07T10:04:15.552] [ERROR] app - { key: 'phone', error: '' }
[2020-07-07T10:21:48.361] [ERROR] app - Error: Undefined binding(s) detected when compiling SELECT. Undefined column(s): [user.id] query: select `avatar`, `phone`, `name` from `user` where `user`.`id` = ? limit ?
    at QueryCompiler_MySQL.toSQL (C:\Users\BIM02\Desktop\ServerKT\node_modules\knex\lib\query\compiler.js:99:13)
    at Builder.toSQL (C:\Users\BIM02\Desktop\ServerKT\node_modules\knex\lib\query\builder.js:72:44)
    at C:\Users\BIM02\Desktop\ServerKT\node_modules\knex\lib\runner.js:31:36
    at client.acquireConnection.catch.then (C:\Users\BIM02\Desktop\ServerKT\node_modules\knex\lib\runner.js:260:24)
    at process._tickCallback (internal/process/next_tick.js:68:7)
From previous event:
    at runCallback (timers.js:694:18)
    at tryOnImmediate (timers.js:665:5)
    at processImmediate (timers.js:647:5)
From previous event:
    at Sync.<anonymous> (C:\Users\BIM02\Desktop\ServerKT\node_modules\bookshelf\lib\sync.js:204:8)
    at Sync.<anonymous> (C:\Users\BIM02\Desktop\ServerKT\node_modules\bookshelf\lib\sync.js:66:17)
    at Child.<anonymous> (C:\Users\BIM02\Desktop\ServerKT\node_modules\bookshelf\lib\model.js:713:12)
    at Child.fetch (C:\Users\BIM02\Desktop\ServerKT\node_modules\bookshelf\lib\model.js:702:19)
    at Object.out.Get (C:\Users\BIM02\Desktop\ServerKT\restful\v0\sessions.js:158:8)
    at RestfulAPIMethods.(anonymous function) (C:\Users\BIM02\Desktop\ServerKT\routes\restful.js:32:60)
    at dispatch (C:\Users\BIM02\Desktop\ServerKT\node_modules\koa-router\node_modules\koa-compose\index.js:44:32)
    at next (C:\Users\BIM02\Desktop\ServerKT\node_modules\koa-router\node_modules\koa-compose\index.js:45:18)
    at C:\Users\BIM02\Desktop\ServerKT\node_modules\koa-router\lib\router.js:346:16
    at dispatch (C:\Users\BIM02\Desktop\ServerKT\node_modules\koa-router\node_modules\koa-compose\index.js:44:32)
    at next (C:\Users\BIM02\Desktop\ServerKT\node_modules\koa-router\node_modules\koa-compose\index.js:45:18)
    at route.use (C:\Users\BIM02\Desktop\ServerKT\routes\restful.js:97:19)
From previous event:
    at Sync.<anonymous> (C:\Users\BIM02\Desktop\ServerKT\node_modules\bookshelf\lib\sync.js:66:17)
From previous event:
    at Child.<anonymous> (C:\Users\BIM02\Desktop\ServerKT\node_modules\bookshelf\lib\model.js:713:12)
From previous event:
    at Child.fetch (C:\Users\BIM02\Desktop\ServerKT\node_modules\bookshelf\lib\model.js:702:19)
    at Object.out.Get (C:\Users\BIM02\Desktop\ServerKT\restful\v0\sessions.js:158:8)
    at RestfulAPIMethods.(anonymous function) (C:\Users\BIM02\Desktop\ServerKT\routes\restful.js:32:60)
    at dispatch (C:\Users\BIM02\Desktop\ServerKT\node_modules\koa-router\node_modules\koa-compose\index.js:44:32)
    at next (C:\Users\BIM02\Desktop\ServerKT\node_modules\koa-router\node_modules\koa-compose\index.js:45:18)
    at C:\Users\BIM02\Desktop\ServerKT\node_modules\koa-router\lib\router.js:346:16
    at dispatch (C:\Users\BIM02\Desktop\ServerKT\node_modules\koa-router\node_modules\koa-compose\index.js:44:32)
    at next (C:\Users\BIM02\Desktop\ServerKT\node_modules\koa-router\node_modules\koa-compose\index.js:45:18)
    at route.use (C:\Users\BIM02\Desktop\ServerKT\routes\restful.js:97:19)
    at dispatch (C:\Users\BIM02\Desktop\ServerKT\node_modules\koa-router\node_modules\koa-compose\index.js:44:32)
    at next (C:\Users\BIM02\Desktop\ServerKT\node_modules\koa-router\node_modules\koa-compose\index.js:45:18)
    at C:\Users\BIM02\Desktop\ServerKT\node_modules\koa-router\lib\router.js:346:16
    at dispatch (C:\Users\BIM02\Desktop\ServerKT\node_modules\koa-router\node_modules\koa-compose\index.js:44:32)
    at C:\Users\BIM02\Desktop\ServerKT\node_modules\koa-router\node_modules\koa-compose\index.js:36:12
    at dispatch (C:\Users\BIM02\Desktop\ServerKT\node_modules\koa-router\lib\router.js:351:31)
    at dispatch (C:\Users\BIM02\Desktop\ServerKT\node_modules\koa-compose\index.js:42:32)
    at parseBody.then.body (C:\Users\BIM02\Desktop\ServerKT\node_modules\koa-bodyparser\index.js:74:14)
    at process._tickCallback (internal/process/next_tick.js:68:7)
[2020-07-07T10:25:06.098] [ERROR] app - Error: Undefined binding(s) detected when compiling SELECT. Undefined column(s): [user.id] query: select `avatar`, `phone`, `name` from `user` where `user`.`id` = ? limit ?
    at QueryCompiler_MySQL.toSQL (C:\Users\BIM02\Desktop\ServerKT\node_modules\knex\lib\query\compiler.js:99:13)
    at Builder.toSQL (C:\Users\BIM02\Desktop\ServerKT\node_modules\knex\lib\query\builder.js:72:44)
    at C:\Users\BIM02\Desktop\ServerKT\node_modules\knex\lib\runner.js:31:36
    at client.acquireConnection.catch.then (C:\Users\BIM02\Desktop\ServerKT\node_modules\knex\lib\runner.js:260:24)
    at process._tickCallback (internal/process/next_tick.js:68:7)
From previous event:
    at runCallback (timers.js:694:18)
    at tryOnImmediate (timers.js:665:5)
    at processImmediate (timers.js:647:5)
From previous event:
    at Sync.<anonymous> (C:\Users\BIM02\Desktop\ServerKT\node_modules\bookshelf\lib\sync.js:204:8)
    at Sync.<anonymous> (C:\Users\BIM02\Desktop\ServerKT\node_modules\bookshelf\lib\sync.js:66:17)
    at Child.<anonymous> (C:\Users\BIM02\Desktop\ServerKT\node_modules\bookshelf\lib\model.js:713:12)
    at Child.fetch (C:\Users\BIM02\Desktop\ServerKT\node_modules\bookshelf\lib\model.js:702:19)
    at Object.out.Get (C:\Users\BIM02\Desktop\ServerKT\restful\v0\sessions.js:158:8)
    at RestfulAPIMethods.(anonymous function) (C:\Users\BIM02\Desktop\ServerKT\routes\restful.js:32:60)
    at dispatch (C:\Users\BIM02\Desktop\ServerKT\node_modules\koa-router\node_modules\koa-compose\index.js:44:32)
    at next (C:\Users\BIM02\Desktop\ServerKT\node_modules\koa-router\node_modules\koa-compose\index.js:45:18)
    at C:\Users\BIM02\Desktop\ServerKT\node_modules\koa-router\lib\router.js:346:16
    at dispatch (C:\Users\BIM02\Desktop\ServerKT\node_modules\koa-router\node_modules\koa-compose\index.js:44:32)
    at next (C:\Users\BIM02\Desktop\ServerKT\node_modules\koa-router\node_modules\koa-compose\index.js:45:18)
    at route.use (C:\Users\BIM02\Desktop\ServerKT\routes\restful.js:97:19)
From previous event:
    at Sync.<anonymous> (C:\Users\BIM02\Desktop\ServerKT\node_modules\bookshelf\lib\sync.js:66:17)
From previous event:
    at Child.<anonymous> (C:\Users\BIM02\Desktop\ServerKT\node_modules\bookshelf\lib\model.js:713:12)
From previous event:
    at Child.fetch (C:\Users\BIM02\Desktop\ServerKT\node_modules\bookshelf\lib\model.js:702:19)
    at Object.out.Get (C:\Users\BIM02\Desktop\ServerKT\restful\v0\sessions.js:158:8)
    at RestfulAPIMethods.(anonymous function) (C:\Users\BIM02\Desktop\ServerKT\routes\restful.js:32:60)
    at dispatch (C:\Users\BIM02\Desktop\ServerKT\node_modules\koa-router\node_modules\koa-compose\index.js:44:32)
    at next (C:\Users\BIM02\Desktop\ServerKT\node_modules\koa-router\node_modules\koa-compose\index.js:45:18)
    at C:\Users\BIM02\Desktop\ServerKT\node_modules\koa-router\lib\router.js:346:16
    at dispatch (C:\Users\BIM02\Desktop\ServerKT\node_modules\koa-router\node_modules\koa-compose\index.js:44:32)
    at next (C:\Users\BIM02\Desktop\ServerKT\node_modules\koa-router\node_modules\koa-compose\index.js:45:18)
    at route.use (C:\Users\BIM02\Desktop\ServerKT\routes\restful.js:97:19)
    at dispatch (C:\Users\BIM02\Desktop\ServerKT\node_modules\koa-router\node_modules\koa-compose\index.js:44:32)
    at next (C:\Users\BIM02\Desktop\ServerKT\node_modules\koa-router\node_modules\koa-compose\index.js:45:18)
    at C:\Users\BIM02\Desktop\ServerKT\node_modules\koa-router\lib\router.js:346:16
    at dispatch (C:\Users\BIM02\Desktop\ServerKT\node_modules\koa-router\node_modules\koa-compose\index.js:44:32)
    at C:\Users\BIM02\Desktop\ServerKT\node_modules\koa-router\node_modules\koa-compose\index.js:36:12
    at dispatch (C:\Users\BIM02\Desktop\ServerKT\node_modules\koa-router\lib\router.js:351:31)
    at dispatch (C:\Users\BIM02\Desktop\ServerKT\node_modules\koa-compose\index.js:42:32)
    at parseBody.then.body (C:\Users\BIM02\Desktop\ServerKT\node_modules\koa-bodyparser\index.js:74:14)
    at process._tickCallback (internal/process/next_tick.js:68:7)
[2020-07-07T10:27:50.523] [ERROR] app - Error: Undefined binding(s) detected when compiling SELECT. Undefined column(s): [user.id] query: select `avatar`, `phone`, `name` from `user` where `user`.`id` = ? limit ?
    at QueryCompiler_MySQL.toSQL (C:\Users\BIM02\Desktop\ServerKT\node_modules\knex\lib\query\compiler.js:99:13)
    at Builder.toSQL (C:\Users\BIM02\Desktop\ServerKT\node_modules\knex\lib\query\builder.js:72:44)
    at C:\Users\BIM02\Desktop\ServerKT\node_modules\knex\lib\runner.js:31:36
    at client.acquireConnection.catch.then (C:\Users\BIM02\Desktop\ServerKT\node_modules\knex\lib\runner.js:260:24)
    at process._tickCallback (internal/process/next_tick.js:68:7)
From previous event:
    at runCallback (timers.js:694:18)
    at tryOnImmediate (timers.js:665:5)
    at processImmediate (timers.js:647:5)
From previous event:
    at Sync.<anonymous> (C:\Users\BIM02\Desktop\ServerKT\node_modules\bookshelf\lib\sync.js:204:8)
    at Sync.<anonymous> (C:\Users\BIM02\Desktop\ServerKT\node_modules\bookshelf\lib\sync.js:66:17)
    at Child.<anonymous> (C:\Users\BIM02\Desktop\ServerKT\node_modules\bookshelf\lib\model.js:713:12)
    at Child.fetch (C:\Users\BIM02\Desktop\ServerKT\node_modules\bookshelf\lib\model.js:702:19)
    at Object.out.Get (C:\Users\BIM02\Desktop\ServerKT\restful\v0\sessions.js:158:8)
    at RestfulAPIMethods.(anonymous function) (C:\Users\BIM02\Desktop\ServerKT\routes\restful.js:32:60)
    at dispatch (C:\Users\BIM02\Desktop\ServerKT\node_modules\koa-router\node_modules\koa-compose\index.js:44:32)
    at next (C:\Users\BIM02\Desktop\ServerKT\node_modules\koa-router\node_modules\koa-compose\index.js:45:18)
    at C:\Users\BIM02\Desktop\ServerKT\node_modules\koa-router\lib\router.js:346:16
    at dispatch (C:\Users\BIM02\Desktop\ServerKT\node_modules\koa-router\node_modules\koa-compose\index.js:44:32)
    at next (C:\Users\BIM02\Desktop\ServerKT\node_modules\koa-router\node_modules\koa-compose\index.js:45:18)
    at route.use (C:\Users\BIM02\Desktop\ServerKT\routes\restful.js:97:19)
From previous event:
    at Sync.<anonymous> (C:\Users\BIM02\Desktop\ServerKT\node_modules\bookshelf\lib\sync.js:66:17)
From previous event:
    at Child.<anonymous> (C:\Users\BIM02\Desktop\ServerKT\node_modules\bookshelf\lib\model.js:713:12)
From previous event:
    at Child.fetch (C:\Users\BIM02\Desktop\ServerKT\node_modules\bookshelf\lib\model.js:702:19)
    at Object.out.Get (C:\Users\BIM02\Desktop\ServerKT\restful\v0\sessions.js:158:8)
    at RestfulAPIMethods.(anonymous function) (C:\Users\BIM02\Desktop\ServerKT\routes\restful.js:32:60)
    at dispatch (C:\Users\BIM02\Desktop\ServerKT\node_modules\koa-router\node_modules\koa-compose\index.js:44:32)
    at next (C:\Users\BIM02\Desktop\ServerKT\node_modules\koa-router\node_modules\koa-compose\index.js:45:18)
    at C:\Users\BIM02\Desktop\ServerKT\node_modules\koa-router\lib\router.js:346:16
    at dispatch (C:\Users\BIM02\Desktop\ServerKT\node_modules\koa-router\node_modules\koa-compose\index.js:44:32)
    at next (C:\Users\BIM02\Desktop\ServerKT\node_modules\koa-router\node_modules\koa-compose\index.js:45:18)
    at route.use (C:\Users\BIM02\Desktop\ServerKT\routes\restful.js:97:19)
    at dispatch (C:\Users\BIM02\Desktop\ServerKT\node_modules\koa-router\node_modules\koa-compose\index.js:44:32)
    at next (C:\Users\BIM02\Desktop\ServerKT\node_modules\koa-router\node_modules\koa-compose\index.js:45:18)
    at C:\Users\BIM02\Desktop\ServerKT\node_modules\koa-router\lib\router.js:346:16
    at dispatch (C:\Users\BIM02\Desktop\ServerKT\node_modules\koa-router\node_modules\koa-compose\index.js:44:32)
    at C:\Users\BIM02\Desktop\ServerKT\node_modules\koa-router\node_modules\koa-compose\index.js:36:12
    at dispatch (C:\Users\BIM02\Desktop\ServerKT\node_modules\koa-router\lib\router.js:351:31)
    at dispatch (C:\Users\BIM02\Desktop\ServerKT\node_modules\koa-compose\index.js:42:32)
    at parseBody.then.body (C:\Users\BIM02\Desktop\ServerKT\node_modules\koa-bodyparser\index.js:74:14)
    at process._tickCallback (internal/process/next_tick.js:68:7)
[2020-07-07T10:27:55.548] [ERROR] app - Error: Undefined binding(s) detected when compiling SELECT. Undefined column(s): [user.id] query: select `avatar`, `phone`, `name` from `user` where `user`.`id` = ? limit ?
    at QueryCompiler_MySQL.toSQL (C:\Users\BIM02\Desktop\ServerKT\node_modules\knex\lib\query\compiler.js:99:13)
    at Builder.toSQL (C:\Users\BIM02\Desktop\ServerKT\node_modules\knex\lib\query\builder.js:72:44)
    at C:\Users\BIM02\Desktop\ServerKT\node_modules\knex\lib\runner.js:31:36
    at client.acquireConnection.catch.then (C:\Users\BIM02\Desktop\ServerKT\node_modules\knex\lib\runner.js:260:24)
From previous event:
    at runCallback (timers.js:694:18)
    at tryOnImmediate (timers.js:665:5)
    at processImmediate (timers.js:647:5)
From previous event:
    at Sync.<anonymous> (C:\Users\BIM02\Desktop\ServerKT\node_modules\bookshelf\lib\sync.js:204:8)
    at Sync.<anonymous> (C:\Users\BIM02\Desktop\ServerKT\node_modules\bookshelf\lib\sync.js:66:17)
    at Child.<anonymous> (C:\Users\BIM02\Desktop\ServerKT\node_modules\bookshelf\lib\model.js:713:12)
    at Child.fetch (C:\Users\BIM02\Desktop\ServerKT\node_modules\bookshelf\lib\model.js:702:19)
    at Object.out.Get (C:\Users\BIM02\Desktop\ServerKT\restful\v0\sessions.js:158:8)
    at RestfulAPIMethods.(anonymous function) (C:\Users\BIM02\Desktop\ServerKT\routes\restful.js:32:60)
    at dispatch (C:\Users\BIM02\Desktop\ServerKT\node_modules\koa-router\node_modules\koa-compose\index.js:44:32)
    at next (C:\Users\BIM02\Desktop\ServerKT\node_modules\koa-router\node_modules\koa-compose\index.js:45:18)
    at C:\Users\BIM02\Desktop\ServerKT\node_modules\koa-router\lib\router.js:346:16
    at dispatch (C:\Users\BIM02\Desktop\ServerKT\node_modules\koa-router\node_modules\koa-compose\index.js:44:32)
    at next (C:\Users\BIM02\Desktop\ServerKT\node_modules\koa-router\node_modules\koa-compose\index.js:45:18)
    at route.use (C:\Users\BIM02\Desktop\ServerKT\routes\restful.js:97:19)
From previous event:
    at Sync.<anonymous> (C:\Users\BIM02\Desktop\ServerKT\node_modules\bookshelf\lib\sync.js:66:17)
From previous event:
    at Child.<anonymous> (C:\Users\BIM02\Desktop\ServerKT\node_modules\bookshelf\lib\model.js:713:12)
From previous event:
    at Child.fetch (C:\Users\BIM02\Desktop\ServerKT\node_modules\bookshelf\lib\model.js:702:19)
    at Object.out.Get (C:\Users\BIM02\Desktop\ServerKT\restful\v0\sessions.js:158:8)
    at RestfulAPIMethods.(anonymous function) (C:\Users\BIM02\Desktop\ServerKT\routes\restful.js:32:60)
    at dispatch (C:\Users\BIM02\Desktop\ServerKT\node_modules\koa-router\node_modules\koa-compose\index.js:44:32)
    at next (C:\Users\BIM02\Desktop\ServerKT\node_modules\koa-router\node_modules\koa-compose\index.js:45:18)
    at C:\Users\BIM02\Desktop\ServerKT\node_modules\koa-router\lib\router.js:346:16
    at dispatch (C:\Users\BIM02\Desktop\ServerKT\node_modules\koa-router\node_modules\koa-compose\index.js:44:32)
    at next (C:\Users\BIM02\Desktop\ServerKT\node_modules\koa-router\node_modules\koa-compose\index.js:45:18)
    at route.use (C:\Users\BIM02\Desktop\ServerKT\routes\restful.js:97:19)
    at dispatch (C:\Users\BIM02\Desktop\ServerKT\node_modules\koa-router\node_modules\koa-compose\index.js:44:32)
    at next (C:\Users\BIM02\Desktop\ServerKT\node_modules\koa-router\node_modules\koa-compose\index.js:45:18)
    at C:\Users\BIM02\Desktop\ServerKT\node_modules\koa-router\lib\router.js:346:16
    at dispatch (C:\Users\BIM02\Desktop\ServerKT\node_modules\koa-router\node_modules\koa-compose\index.js:44:32)
    at C:\Users\BIM02\Desktop\ServerKT\node_modules\koa-router\node_modules\koa-compose\index.js:36:12
    at dispatch (C:\Users\BIM02\Desktop\ServerKT\node_modules\koa-router\lib\router.js:351:31)
    at dispatch (C:\Users\BIM02\Desktop\ServerKT\node_modules\koa-compose\index.js:42:32)
    at parseBody.then.body (C:\Users\BIM02\Desktop\ServerKT\node_modules\koa-bodyparser\index.js:74:14)
    at process._tickCallback (internal/process/next_tick.js:68:7)
[2020-07-07T10:29:22.857] [ERROR] app - Error: Undefined binding(s) detected when compiling SELECT. Undefined column(s): [user.id] query: select `avatar`, `phone`, `name` from `user` where `user`.`id` = ? limit ?
    at QueryCompiler_MySQL.toSQL (C:\Users\BIM02\Desktop\ServerKT\node_modules\knex\lib\query\compiler.js:99:13)
    at Builder.toSQL (C:\Users\BIM02\Desktop\ServerKT\node_modules\knex\lib\query\builder.js:72:44)
    at C:\Users\BIM02\Desktop\ServerKT\node_modules\knex\lib\runner.js:31:36
    at client.acquireConnection.catch.then (C:\Users\BIM02\Desktop\ServerKT\node_modules\knex\lib\runner.js:260:24)
From previous event:
    at runCallback (timers.js:694:18)
    at tryOnImmediate (timers.js:665:5)
    at processImmediate (timers.js:647:5)
From previous event:
    at Sync.<anonymous> (C:\Users\BIM02\Desktop\ServerKT\node_modules\bookshelf\lib\sync.js:204:8)
    at Sync.<anonymous> (C:\Users\BIM02\Desktop\ServerKT\node_modules\bookshelf\lib\sync.js:66:17)
    at Child.<anonymous> (C:\Users\BIM02\Desktop\ServerKT\node_modules\bookshelf\lib\model.js:713:12)
    at Child.fetch (C:\Users\BIM02\Desktop\ServerKT\node_modules\bookshelf\lib\model.js:702:19)
    at Object.out.Get (C:\Users\BIM02\Desktop\ServerKT\restful\v0\sessions.js:158:8)
    at RestfulAPIMethods.(anonymous function) (C:\Users\BIM02\Desktop\ServerKT\routes\restful.js:32:60)
    at dispatch (C:\Users\BIM02\Desktop\ServerKT\node_modules\koa-router\node_modules\koa-compose\index.js:44:32)
    at next (C:\Users\BIM02\Desktop\ServerKT\node_modules\koa-router\node_modules\koa-compose\index.js:45:18)
    at C:\Users\BIM02\Desktop\ServerKT\node_modules\koa-router\lib\router.js:346:16
    at dispatch (C:\Users\BIM02\Desktop\ServerKT\node_modules\koa-router\node_modules\koa-compose\index.js:44:32)
    at next (C:\Users\BIM02\Desktop\ServerKT\node_modules\koa-router\node_modules\koa-compose\index.js:45:18)
    at route.use (C:\Users\BIM02\Desktop\ServerKT\routes\restful.js:97:19)
From previous event:
    at Sync.<anonymous> (C:\Users\BIM02\Desktop\ServerKT\node_modules\bookshelf\lib\sync.js:66:17)
From previous event:
    at Child.<anonymous> (C:\Users\BIM02\Desktop\ServerKT\node_modules\bookshelf\lib\model.js:713:12)
From previous event:
    at Child.fetch (C:\Users\BIM02\Desktop\ServerKT\node_modules\bookshelf\lib\model.js:702:19)
    at Object.out.Get (C:\Users\BIM02\Desktop\ServerKT\restful\v0\sessions.js:158:8)
    at RestfulAPIMethods.(anonymous function) (C:\Users\BIM02\Desktop\ServerKT\routes\restful.js:32:60)
    at dispatch (C:\Users\BIM02\Desktop\ServerKT\node_modules\koa-router\node_modules\koa-compose\index.js:44:32)
    at next (C:\Users\BIM02\Desktop\ServerKT\node_modules\koa-router\node_modules\koa-compose\index.js:45:18)
    at C:\Users\BIM02\Desktop\ServerKT\node_modules\koa-router\lib\router.js:346:16
    at dispatch (C:\Users\BIM02\Desktop\ServerKT\node_modules\koa-router\node_modules\koa-compose\index.js:44:32)
    at next (C:\Users\BIM02\Desktop\ServerKT\node_modules\koa-router\node_modules\koa-compose\index.js:45:18)
    at route.use (C:\Users\BIM02\Desktop\ServerKT\routes\restful.js:97:19)
    at dispatch (C:\Users\BIM02\Desktop\ServerKT\node_modules\koa-router\node_modules\koa-compose\index.js:44:32)
    at next (C:\Users\BIM02\Desktop\ServerKT\node_modules\koa-router\node_modules\koa-compose\index.js:45:18)
    at C:\Users\BIM02\Desktop\ServerKT\node_modules\koa-router\lib\router.js:346:16
    at dispatch (C:\Users\BIM02\Desktop\ServerKT\node_modules\koa-router\node_modules\koa-compose\index.js:44:32)
    at C:\Users\BIM02\Desktop\ServerKT\node_modules\koa-router\node_modules\koa-compose\index.js:36:12
    at dispatch (C:\Users\BIM02\Desktop\ServerKT\node_modules\koa-router\lib\router.js:351:31)
    at dispatch (C:\Users\BIM02\Desktop\ServerKT\node_modules\koa-compose\index.js:42:32)
    at parseBody.then.body (C:\Users\BIM02\Desktop\ServerKT\node_modules\koa-bodyparser\index.js:74:14)
    at process._tickCallback (internal/process/next_tick.js:68:7)
[2020-07-07T10:29:27.502] [ERROR] app - Error: Undefined binding(s) detected when compiling SELECT. Undefined column(s): [user.id] query: select `avatar`, `phone`, `name` from `user` where `user`.`id` = ? limit ?
    at QueryCompiler_MySQL.toSQL (C:\Users\BIM02\Desktop\ServerKT\node_modules\knex\lib\query\compiler.js:99:13)
    at Builder.toSQL (C:\Users\BIM02\Desktop\ServerKT\node_modules\knex\lib\query\builder.js:72:44)
    at C:\Users\BIM02\Desktop\ServerKT\node_modules\knex\lib\runner.js:31:36
    at client.acquireConnection.catch.then (C:\Users\BIM02\Desktop\ServerKT\node_modules\knex\lib\runner.js:260:24)
From previous event:
    at runCallback (timers.js:694:18)
    at tryOnImmediate (timers.js:665:5)
    at processImmediate (timers.js:647:5)
From previous event:
    at Sync.<anonymous> (C:\Users\BIM02\Desktop\ServerKT\node_modules\bookshelf\lib\sync.js:204:8)
    at Sync.<anonymous> (C:\Users\BIM02\Desktop\ServerKT\node_modules\bookshelf\lib\sync.js:66:17)
    at Child.<anonymous> (C:\Users\BIM02\Desktop\ServerKT\node_modules\bookshelf\lib\model.js:713:12)
    at Child.fetch (C:\Users\BIM02\Desktop\ServerKT\node_modules\bookshelf\lib\model.js:702:19)
    at Object.out.Get (C:\Users\BIM02\Desktop\ServerKT\restful\v0\sessions.js:158:8)
    at RestfulAPIMethods.(anonymous function) (C:\Users\BIM02\Desktop\ServerKT\routes\restful.js:32:60)
    at dispatch (C:\Users\BIM02\Desktop\ServerKT\node_modules\koa-router\node_modules\koa-compose\index.js:44:32)
    at next (C:\Users\BIM02\Desktop\ServerKT\node_modules\koa-router\node_modules\koa-compose\index.js:45:18)
    at C:\Users\BIM02\Desktop\ServerKT\node_modules\koa-router\lib\router.js:346:16
    at dispatch (C:\Users\BIM02\Desktop\ServerKT\node_modules\koa-router\node_modules\koa-compose\index.js:44:32)
    at next (C:\Users\BIM02\Desktop\ServerKT\node_modules\koa-router\node_modules\koa-compose\index.js:45:18)
    at route.use (C:\Users\BIM02\Desktop\ServerKT\routes\restful.js:97:19)
From previous event:
    at Sync.<anonymous> (C:\Users\BIM02\Desktop\ServerKT\node_modules\bookshelf\lib\sync.js:66:17)
From previous event:
    at Child.<anonymous> (C:\Users\BIM02\Desktop\ServerKT\node_modules\bookshelf\lib\model.js:713:12)
From previous event:
    at Child.fetch (C:\Users\BIM02\Desktop\ServerKT\node_modules\bookshelf\lib\model.js:702:19)
    at Object.out.Get (C:\Users\BIM02\Desktop\ServerKT\restful\v0\sessions.js:158:8)
    at RestfulAPIMethods.(anonymous function) (C:\Users\BIM02\Desktop\ServerKT\routes\restful.js:32:60)
    at dispatch (C:\Users\BIM02\Desktop\ServerKT\node_modules\koa-router\node_modules\koa-compose\index.js:44:32)
    at next (C:\Users\BIM02\Desktop\ServerKT\node_modules\koa-router\node_modules\koa-compose\index.js:45:18)
    at C:\Users\BIM02\Desktop\ServerKT\node_modules\koa-router\lib\router.js:346:16
    at dispatch (C:\Users\BIM02\Desktop\ServerKT\node_modules\koa-router\node_modules\koa-compose\index.js:44:32)
    at next (C:\Users\BIM02\Desktop\ServerKT\node_modules\koa-router\node_modules\koa-compose\index.js:45:18)
    at route.use (C:\Users\BIM02\Desktop\ServerKT\routes\restful.js:97:19)
    at dispatch (C:\Users\BIM02\Desktop\ServerKT\node_modules\koa-router\node_modules\koa-compose\index.js:44:32)
    at next (C:\Users\BIM02\Desktop\ServerKT\node_modules\koa-router\node_modules\koa-compose\index.js:45:18)
    at C:\Users\BIM02\Desktop\ServerKT\node_modules\koa-router\lib\router.js:346:16
    at dispatch (C:\Users\BIM02\Desktop\ServerKT\node_modules\koa-router\node_modules\koa-compose\index.js:44:32)
    at C:\Users\BIM02\Desktop\ServerKT\node_modules\koa-router\node_modules\koa-compose\index.js:36:12
    at dispatch (C:\Users\BIM02\Desktop\ServerKT\node_modules\koa-router\lib\router.js:351:31)
    at dispatch (C:\Users\BIM02\Desktop\ServerKT\node_modules\koa-compose\index.js:42:32)
    at parseBody.then.body (C:\Users\BIM02\Desktop\ServerKT\node_modules\koa-bodyparser\index.js:74:14)
    at process._tickCallback (internal/process/next_tick.js:68:7)
[2020-07-07T10:29:57.666] [ERROR] app - Error: Undefined binding(s) detected when compiling SELECT. Undefined column(s): [user.id] query: select `avatar`, `phone`, `name` from `user` where `user`.`id` = ? limit ?
    at QueryCompiler_MySQL.toSQL (C:\Users\BIM02\Desktop\ServerKT\node_modules\knex\lib\query\compiler.js:99:13)
    at Builder.toSQL (C:\Users\BIM02\Desktop\ServerKT\node_modules\knex\lib\query\builder.js:72:44)
    at C:\Users\BIM02\Desktop\ServerKT\node_modules\knex\lib\runner.js:31:36
    at client.acquireConnection.catch.then (C:\Users\BIM02\Desktop\ServerKT\node_modules\knex\lib\runner.js:260:24)
From previous event:
    at runCallback (timers.js:694:18)
    at tryOnImmediate (timers.js:665:5)
    at processImmediate (timers.js:647:5)
From previous event:
    at Sync.<anonymous> (C:\Users\BIM02\Desktop\ServerKT\node_modules\bookshelf\lib\sync.js:204:8)
    at Sync.<anonymous> (C:\Users\BIM02\Desktop\ServerKT\node_modules\bookshelf\lib\sync.js:66:17)
    at Child.<anonymous> (C:\Users\BIM02\Desktop\ServerKT\node_modules\bookshelf\lib\model.js:713:12)
    at Child.fetch (C:\Users\BIM02\Desktop\ServerKT\node_modules\bookshelf\lib\model.js:702:19)
    at Object.out.Get (C:\Users\BIM02\Desktop\ServerKT\restful\v0\sessions.js:158:8)
    at RestfulAPIMethods.(anonymous function) (C:\Users\BIM02\Desktop\ServerKT\routes\restful.js:32:60)
    at dispatch (C:\Users\BIM02\Desktop\ServerKT\node_modules\koa-router\node_modules\koa-compose\index.js:44:32)
    at next (C:\Users\BIM02\Desktop\ServerKT\node_modules\koa-router\node_modules\koa-compose\index.js:45:18)
    at C:\Users\BIM02\Desktop\ServerKT\node_modules\koa-router\lib\router.js:346:16
    at dispatch (C:\Users\BIM02\Desktop\ServerKT\node_modules\koa-router\node_modules\koa-compose\index.js:44:32)
    at next (C:\Users\BIM02\Desktop\ServerKT\node_modules\koa-router\node_modules\koa-compose\index.js:45:18)
    at route.use (C:\Users\BIM02\Desktop\ServerKT\routes\restful.js:97:19)
From previous event:
    at Sync.<anonymous> (C:\Users\BIM02\Desktop\ServerKT\node_modules\bookshelf\lib\sync.js:66:17)
From previous event:
    at Child.<anonymous> (C:\Users\BIM02\Desktop\ServerKT\node_modules\bookshelf\lib\model.js:713:12)
From previous event:
    at Child.fetch (C:\Users\BIM02\Desktop\ServerKT\node_modules\bookshelf\lib\model.js:702:19)
    at Object.out.Get (C:\Users\BIM02\Desktop\ServerKT\restful\v0\sessions.js:158:8)
    at RestfulAPIMethods.(anonymous function) (C:\Users\BIM02\Desktop\ServerKT\routes\restful.js:32:60)
    at dispatch (C:\Users\BIM02\Desktop\ServerKT\node_modules\koa-router\node_modules\koa-compose\index.js:44:32)
    at next (C:\Users\BIM02\Desktop\ServerKT\node_modules\koa-router\node_modules\koa-compose\index.js:45:18)
    at C:\Users\BIM02\Desktop\ServerKT\node_modules\koa-router\lib\router.js:346:16
    at dispatch (C:\Users\BIM02\Desktop\ServerKT\node_modules\koa-router\node_modules\koa-compose\index.js:44:32)
    at next (C:\Users\BIM02\Desktop\ServerKT\node_modules\koa-router\node_modules\koa-compose\index.js:45:18)
    at route.use (C:\Users\BIM02\Desktop\ServerKT\routes\restful.js:97:19)
    at dispatch (C:\Users\BIM02\Desktop\ServerKT\node_modules\koa-router\node_modules\koa-compose\index.js:44:32)
    at next (C:\Users\BIM02\Desktop\ServerKT\node_modules\koa-router\node_modules\koa-compose\index.js:45:18)
    at C:\Users\BIM02\Desktop\ServerKT\node_modules\koa-router\lib\router.js:346:16
    at dispatch (C:\Users\BIM02\Desktop\ServerKT\node_modules\koa-router\node_modules\koa-compose\index.js:44:32)
    at C:\Users\BIM02\Desktop\ServerKT\node_modules\koa-router\node_modules\koa-compose\index.js:36:12
    at dispatch (C:\Users\BIM02\Desktop\ServerKT\node_modules\koa-router\lib\router.js:351:31)
    at dispatch (C:\Users\BIM02\Desktop\ServerKT\node_modules\koa-compose\index.js:42:32)
    at parseBody.then.body (C:\Users\BIM02\Desktop\ServerKT\node_modules\koa-bodyparser\index.js:74:14)
    at process._tickCallback (internal/process/next_tick.js:68:7)
[2020-07-07T10:31:27.338] [ERROR] app - Error: Undefined binding(s) detected when compiling SELECT. Undefined column(s): [user.id] query: select `avatar`, `phone`, `name` from `user` where `user`.`id` = ? limit ?
    at QueryCompiler_MySQL.toSQL (C:\Users\BIM02\Desktop\ServerKT\node_modules\knex\lib\query\compiler.js:99:13)
    at Builder.toSQL (C:\Users\BIM02\Desktop\ServerKT\node_modules\knex\lib\query\builder.js:72:44)
    at C:\Users\BIM02\Desktop\ServerKT\node_modules\knex\lib\runner.js:31:36
    at client.acquireConnection.catch.then (C:\Users\BIM02\Desktop\ServerKT\node_modules\knex\lib\runner.js:260:24)
    at process._tickCallback (internal/process/next_tick.js:68:7)
From previous event:
    at runCallback (timers.js:694:18)
    at tryOnImmediate (timers.js:665:5)
    at processImmediate (timers.js:647:5)
From previous event:
    at Sync.<anonymous> (C:\Users\BIM02\Desktop\ServerKT\node_modules\bookshelf\lib\sync.js:204:8)
    at Sync.<anonymous> (C:\Users\BIM02\Desktop\ServerKT\node_modules\bookshelf\lib\sync.js:66:17)
    at Child.<anonymous> (C:\Users\BIM02\Desktop\ServerKT\node_modules\bookshelf\lib\model.js:713:12)
    at Child.fetch (C:\Users\BIM02\Desktop\ServerKT\node_modules\bookshelf\lib\model.js:702:19)
    at Object.out.Get (C:\Users\BIM02\Desktop\ServerKT\restful\v0\sessions.js:158:8)
    at RestfulAPIMethods.(anonymous function) (C:\Users\BIM02\Desktop\ServerKT\routes\restful.js:32:60)
    at dispatch (C:\Users\BIM02\Desktop\ServerKT\node_modules\koa-router\node_modules\koa-compose\index.js:44:32)
    at next (C:\Users\BIM02\Desktop\ServerKT\node_modules\koa-router\node_modules\koa-compose\index.js:45:18)
    at C:\Users\BIM02\Desktop\ServerKT\node_modules\koa-router\lib\router.js:346:16
    at dispatch (C:\Users\BIM02\Desktop\ServerKT\node_modules\koa-router\node_modules\koa-compose\index.js:44:32)
    at next (C:\Users\BIM02\Desktop\ServerKT\node_modules\koa-router\node_modules\koa-compose\index.js:45:18)
    at route.use (C:\Users\BIM02\Desktop\ServerKT\routes\restful.js:97:19)
From previous event:
    at Sync.<anonymous> (C:\Users\BIM02\Desktop\ServerKT\node_modules\bookshelf\lib\sync.js:66:17)
From previous event:
    at Child.<anonymous> (C:\Users\BIM02\Desktop\ServerKT\node_modules\bookshelf\lib\model.js:713:12)
From previous event:
    at Child.fetch (C:\Users\BIM02\Desktop\ServerKT\node_modules\bookshelf\lib\model.js:702:19)
    at Object.out.Get (C:\Users\BIM02\Desktop\ServerKT\restful\v0\sessions.js:158:8)
    at RestfulAPIMethods.(anonymous function) (C:\Users\BIM02\Desktop\ServerKT\routes\restful.js:32:60)
    at dispatch (C:\Users\BIM02\Desktop\ServerKT\node_modules\koa-router\node_modules\koa-compose\index.js:44:32)
    at next (C:\Users\BIM02\Desktop\ServerKT\node_modules\koa-router\node_modules\koa-compose\index.js:45:18)
    at C:\Users\BIM02\Desktop\ServerKT\node_modules\koa-router\lib\router.js:346:16
    at dispatch (C:\Users\BIM02\Desktop\ServerKT\node_modules\koa-router\node_modules\koa-compose\index.js:44:32)
    at next (C:\Users\BIM02\Desktop\ServerKT\node_modules\koa-router\node_modules\koa-compose\index.js:45:18)
    at route.use (C:\Users\BIM02\Desktop\ServerKT\routes\restful.js:97:19)
    at dispatch (C:\Users\BIM02\Desktop\ServerKT\node_modules\koa-router\node_modules\koa-compose\index.js:44:32)
    at next (C:\Users\BIM02\Desktop\ServerKT\node_modules\koa-router\node_modules\koa-compose\index.js:45:18)
    at C:\Users\BIM02\Desktop\ServerKT\node_modules\koa-router\lib\router.js:346:16
    at dispatch (C:\Users\BIM02\Desktop\ServerKT\node_modules\koa-router\node_modules\koa-compose\index.js:44:32)
    at C:\Users\BIM02\Desktop\ServerKT\node_modules\koa-router\node_modules\koa-compose\index.js:36:12
    at dispatch (C:\Users\BIM02\Desktop\ServerKT\node_modules\koa-router\lib\router.js:351:31)
    at dispatch (C:\Users\BIM02\Desktop\ServerKT\node_modules\koa-compose\index.js:42:32)
    at parseBody.then.body (C:\Users\BIM02\Desktop\ServerKT\node_modules\koa-bodyparser\index.js:74:14)
    at process._tickCallback (internal/process/next_tick.js:68:7)
[2020-07-07T10:31:45.660] [ERROR] app - Error: Undefined binding(s) detected when compiling SELECT. Undefined column(s): [user.id] query: select `avatar`, `phone`, `name` from `user` where `user`.`id` = ? limit ?
    at QueryCompiler_MySQL.toSQL (C:\Users\BIM02\Desktop\ServerKT\node_modules\knex\lib\query\compiler.js:99:13)
    at Builder.toSQL (C:\Users\BIM02\Desktop\ServerKT\node_modules\knex\lib\query\builder.js:72:44)
    at C:\Users\BIM02\Desktop\ServerKT\node_modules\knex\lib\runner.js:31:36
    at client.acquireConnection.catch.then (C:\Users\BIM02\Desktop\ServerKT\node_modules\knex\lib\runner.js:260:24)
From previous event:
    at runCallback (timers.js:694:18)
    at tryOnImmediate (timers.js:665:5)
    at processImmediate (timers.js:647:5)
From previous event:
    at Sync.<anonymous> (C:\Users\BIM02\Desktop\ServerKT\node_modules\bookshelf\lib\sync.js:204:8)
    at Sync.<anonymous> (C:\Users\BIM02\Desktop\ServerKT\node_modules\bookshelf\lib\sync.js:66:17)
    at Child.<anonymous> (C:\Users\BIM02\Desktop\ServerKT\node_modules\bookshelf\lib\model.js:713:12)
    at Child.fetch (C:\Users\BIM02\Desktop\ServerKT\node_modules\bookshelf\lib\model.js:702:19)
    at Object.out.Get (C:\Users\BIM02\Desktop\ServerKT\restful\v0\sessions.js:158:8)
    at RestfulAPIMethods.(anonymous function) (C:\Users\BIM02\Desktop\ServerKT\routes\restful.js:32:60)
    at dispatch (C:\Users\BIM02\Desktop\ServerKT\node_modules\koa-router\node_modules\koa-compose\index.js:44:32)
    at next (C:\Users\BIM02\Desktop\ServerKT\node_modules\koa-router\node_modules\koa-compose\index.js:45:18)
    at C:\Users\BIM02\Desktop\ServerKT\node_modules\koa-router\lib\router.js:346:16
    at dispatch (C:\Users\BIM02\Desktop\ServerKT\node_modules\koa-router\node_modules\koa-compose\index.js:44:32)
    at next (C:\Users\BIM02\Desktop\ServerKT\node_modules\koa-router\node_modules\koa-compose\index.js:45:18)
    at route.use (C:\Users\BIM02\Desktop\ServerKT\routes\restful.js:97:19)
From previous event:
    at Sync.<anonymous> (C:\Users\BIM02\Desktop\ServerKT\node_modules\bookshelf\lib\sync.js:66:17)
From previous event:
    at Child.<anonymous> (C:\Users\BIM02\Desktop\ServerKT\node_modules\bookshelf\lib\model.js:713:12)
From previous event:
    at Child.fetch (C:\Users\BIM02\Desktop\ServerKT\node_modules\bookshelf\lib\model.js:702:19)
    at Object.out.Get (C:\Users\BIM02\Desktop\ServerKT\restful\v0\sessions.js:158:8)
    at RestfulAPIMethods.(anonymous function) (C:\Users\BIM02\Desktop\ServerKT\routes\restful.js:32:60)
    at dispatch (C:\Users\BIM02\Desktop\ServerKT\node_modules\koa-router\node_modules\koa-compose\index.js:44:32)
    at next (C:\Users\BIM02\Desktop\ServerKT\node_modules\koa-router\node_modules\koa-compose\index.js:45:18)
    at C:\Users\BIM02\Desktop\ServerKT\node_modules\koa-router\lib\router.js:346:16
    at dispatch (C:\Users\BIM02\Desktop\ServerKT\node_modules\koa-router\node_modules\koa-compose\index.js:44:32)
    at next (C:\Users\BIM02\Desktop\ServerKT\node_modules\koa-router\node_modules\koa-compose\index.js:45:18)
    at route.use (C:\Users\BIM02\Desktop\ServerKT\routes\restful.js:97:19)
    at dispatch (C:\Users\BIM02\Desktop\ServerKT\node_modules\koa-router\node_modules\koa-compose\index.js:44:32)
    at next (C:\Users\BIM02\Desktop\ServerKT\node_modules\koa-router\node_modules\koa-compose\index.js:45:18)
    at C:\Users\BIM02\Desktop\ServerKT\node_modules\koa-router\lib\router.js:346:16
    at dispatch (C:\Users\BIM02\Desktop\ServerKT\node_modules\koa-router\node_modules\koa-compose\index.js:44:32)
    at C:\Users\BIM02\Desktop\ServerKT\node_modules\koa-router\node_modules\koa-compose\index.js:36:12
    at dispatch (C:\Users\BIM02\Desktop\ServerKT\node_modules\koa-router\lib\router.js:351:31)
    at dispatch (C:\Users\BIM02\Desktop\ServerKT\node_modules\koa-compose\index.js:42:32)
    at parseBody.then.body (C:\Users\BIM02\Desktop\ServerKT\node_modules\koa-bodyparser\index.js:74:14)
    at process._tickCallback (internal/process/next_tick.js:68:7)
[2020-07-07T10:32:20.234] [ERROR] app - Error: Undefined binding(s) detected when compiling SELECT. Undefined column(s): [user.id] query: select `avatar`, `phone`, `name` from `user` where `user`.`id` = ? limit ?
    at QueryCompiler_MySQL.toSQL (C:\Users\BIM02\Desktop\ServerKT\node_modules\knex\lib\query\compiler.js:99:13)
    at Builder.toSQL (C:\Users\BIM02\Desktop\ServerKT\node_modules\knex\lib\query\builder.js:72:44)
    at C:\Users\BIM02\Desktop\ServerKT\node_modules\knex\lib\runner.js:31:36
    at client.acquireConnection.catch.then (C:\Users\BIM02\Desktop\ServerKT\node_modules\knex\lib\runner.js:260:24)
    at process._tickCallback (internal/process/next_tick.js:68:7)
From previous event:
    at runCallback (timers.js:694:18)
    at tryOnImmediate (timers.js:665:5)
    at processImmediate (timers.js:647:5)
From previous event:
    at Sync.<anonymous> (C:\Users\BIM02\Desktop\ServerKT\node_modules\bookshelf\lib\sync.js:204:8)
    at Sync.<anonymous> (C:\Users\BIM02\Desktop\ServerKT\node_modules\bookshelf\lib\sync.js:66:17)
    at Child.<anonymous> (C:\Users\BIM02\Desktop\ServerKT\node_modules\bookshelf\lib\model.js:713:12)
    at Child.fetch (C:\Users\BIM02\Desktop\ServerKT\node_modules\bookshelf\lib\model.js:702:19)
    at Object.out.Get (C:\Users\BIM02\Desktop\ServerKT\restful\v0\sessions.js:158:8)
    at RestfulAPIMethods.(anonymous function) (C:\Users\BIM02\Desktop\ServerKT\routes\restful.js:32:60)
    at dispatch (C:\Users\BIM02\Desktop\ServerKT\node_modules\koa-router\node_modules\koa-compose\index.js:44:32)
    at next (C:\Users\BIM02\Desktop\ServerKT\node_modules\koa-router\node_modules\koa-compose\index.js:45:18)
    at C:\Users\BIM02\Desktop\ServerKT\node_modules\koa-router\lib\router.js:346:16
    at dispatch (C:\Users\BIM02\Desktop\ServerKT\node_modules\koa-router\node_modules\koa-compose\index.js:44:32)
    at next (C:\Users\BIM02\Desktop\ServerKT\node_modules\koa-router\node_modules\koa-compose\index.js:45:18)
    at route.use (C:\Users\BIM02\Desktop\ServerKT\routes\restful.js:97:19)
From previous event:
    at Sync.<anonymous> (C:\Users\BIM02\Desktop\ServerKT\node_modules\bookshelf\lib\sync.js:66:17)
From previous event:
    at Child.<anonymous> (C:\Users\BIM02\Desktop\ServerKT\node_modules\bookshelf\lib\model.js:713:12)
From previous event:
    at Child.fetch (C:\Users\BIM02\Desktop\ServerKT\node_modules\bookshelf\lib\model.js:702:19)
    at Object.out.Get (C:\Users\BIM02\Desktop\ServerKT\restful\v0\sessions.js:158:8)
    at RestfulAPIMethods.(anonymous function) (C:\Users\BIM02\Desktop\ServerKT\routes\restful.js:32:60)
    at dispatch (C:\Users\BIM02\Desktop\ServerKT\node_modules\koa-router\node_modules\koa-compose\index.js:44:32)
    at next (C:\Users\BIM02\Desktop\ServerKT\node_modules\koa-router\node_modules\koa-compose\index.js:45:18)
    at C:\Users\BIM02\Desktop\ServerKT\node_modules\koa-router\lib\router.js:346:16
    at dispatch (C:\Users\BIM02\Desktop\ServerKT\node_modules\koa-router\node_modules\koa-compose\index.js:44:32)
    at next (C:\Users\BIM02\Desktop\ServerKT\node_modules\koa-router\node_modules\koa-compose\index.js:45:18)
    at route.use (C:\Users\BIM02\Desktop\ServerKT\routes\restful.js:97:19)
    at dispatch (C:\Users\BIM02\Desktop\ServerKT\node_modules\koa-router\node_modules\koa-compose\index.js:44:32)
    at next (C:\Users\BIM02\Desktop\ServerKT\node_modules\koa-router\node_modules\koa-compose\index.js:45:18)
    at C:\Users\BIM02\Desktop\ServerKT\node_modules\koa-router\lib\router.js:346:16
    at dispatch (C:\Users\BIM02\Desktop\ServerKT\node_modules\koa-router\node_modules\koa-compose\index.js:44:32)
    at C:\Users\BIM02\Desktop\ServerKT\node_modules\koa-router\node_modules\koa-compose\index.js:36:12
    at dispatch (C:\Users\BIM02\Desktop\ServerKT\node_modules\koa-router\lib\router.js:351:31)
    at dispatch (C:\Users\BIM02\Desktop\ServerKT\node_modules\koa-compose\index.js:42:32)
    at parseBody.then.body (C:\Users\BIM02\Desktop\ServerKT\node_modules\koa-bodyparser\index.js:74:14)
    at process._tickCallback (internal/process/next_tick.js:68:7)
[2020-07-07T10:32:45.793] [ERROR] app - Error: Undefined binding(s) detected when compiling SELECT. Undefined column(s): [user.id] query: select `avatar`, `phone`, `name` from `user` where `user`.`id` = ? limit ?
    at QueryCompiler_MySQL.toSQL (C:\Users\BIM02\Desktop\ServerKT\node_modules\knex\lib\query\compiler.js:99:13)
    at Builder.toSQL (C:\Users\BIM02\Desktop\ServerKT\node_modules\knex\lib\query\builder.js:72:44)
    at C:\Users\BIM02\Desktop\ServerKT\node_modules\knex\lib\runner.js:31:36
    at client.acquireConnection.catch.then (C:\Users\BIM02\Desktop\ServerKT\node_modules\knex\lib\runner.js:260:24)
From previous event:
    at runCallback (timers.js:694:18)
    at tryOnImmediate (timers.js:665:5)
    at processImmediate (timers.js:647:5)
From previous event:
    at Sync.<anonymous> (C:\Users\BIM02\Desktop\ServerKT\node_modules\bookshelf\lib\sync.js:204:8)
    at Sync.<anonymous> (C:\Users\BIM02\Desktop\ServerKT\node_modules\bookshelf\lib\sync.js:66:17)
    at Child.<anonymous> (C:\Users\BIM02\Desktop\ServerKT\node_modules\bookshelf\lib\model.js:713:12)
    at Child.fetch (C:\Users\BIM02\Desktop\ServerKT\node_modules\bookshelf\lib\model.js:702:19)
    at Object.out.Get (C:\Users\BIM02\Desktop\ServerKT\restful\v0\sessions.js:158:8)
    at RestfulAPIMethods.(anonymous function) (C:\Users\BIM02\Desktop\ServerKT\routes\restful.js:32:60)
    at dispatch (C:\Users\BIM02\Desktop\ServerKT\node_modules\koa-router\node_modules\koa-compose\index.js:44:32)
    at next (C:\Users\BIM02\Desktop\ServerKT\node_modules\koa-router\node_modules\koa-compose\index.js:45:18)
    at C:\Users\BIM02\Desktop\ServerKT\node_modules\koa-router\lib\router.js:346:16
    at dispatch (C:\Users\BIM02\Desktop\ServerKT\node_modules\koa-router\node_modules\koa-compose\index.js:44:32)
    at next (C:\Users\BIM02\Desktop\ServerKT\node_modules\koa-router\node_modules\koa-compose\index.js:45:18)
    at route.use (C:\Users\BIM02\Desktop\ServerKT\routes\restful.js:97:19)
From previous event:
    at Sync.<anonymous> (C:\Users\BIM02\Desktop\ServerKT\node_modules\bookshelf\lib\sync.js:66:17)
From previous event:
    at Child.<anonymous> (C:\Users\BIM02\Desktop\ServerKT\node_modules\bookshelf\lib\model.js:713:12)
From previous event:
    at Child.fetch (C:\Users\BIM02\Desktop\ServerKT\node_modules\bookshelf\lib\model.js:702:19)
    at Object.out.Get (C:\Users\BIM02\Desktop\ServerKT\restful\v0\sessions.js:158:8)
    at RestfulAPIMethods.(anonymous function) (C:\Users\BIM02\Desktop\ServerKT\routes\restful.js:32:60)
    at dispatch (C:\Users\BIM02\Desktop\ServerKT\node_modules\koa-router\node_modules\koa-compose\index.js:44:32)
    at next (C:\Users\BIM02\Desktop\ServerKT\node_modules\koa-router\node_modules\koa-compose\index.js:45:18)
    at C:\Users\BIM02\Desktop\ServerKT\node_modules\koa-router\lib\router.js:346:16
    at dispatch (C:\Users\BIM02\Desktop\ServerKT\node_modules\koa-router\node_modules\koa-compose\index.js:44:32)
    at next (C:\Users\BIM02\Desktop\ServerKT\node_modules\koa-router\node_modules\koa-compose\index.js:45:18)
    at route.use (C:\Users\BIM02\Desktop\ServerKT\routes\restful.js:97:19)
    at dispatch (C:\Users\BIM02\Desktop\ServerKT\node_modules\koa-router\node_modules\koa-compose\index.js:44:32)
    at next (C:\Users\BIM02\Desktop\ServerKT\node_modules\koa-router\node_modules\koa-compose\index.js:45:18)
    at C:\Users\BIM02\Desktop\ServerKT\node_modules\koa-router\lib\router.js:346:16
    at dispatch (C:\Users\BIM02\Desktop\ServerKT\node_modules\koa-router\node_modules\koa-compose\index.js:44:32)
    at C:\Users\BIM02\Desktop\ServerKT\node_modules\koa-router\node_modules\koa-compose\index.js:36:12
    at dispatch (C:\Users\BIM02\Desktop\ServerKT\node_modules\koa-router\lib\router.js:351:31)
    at dispatch (C:\Users\BIM02\Desktop\ServerKT\node_modules\koa-compose\index.js:42:32)
    at parseBody.then.body (C:\Users\BIM02\Desktop\ServerKT\node_modules\koa-bodyparser\index.js:74:14)
    at process._tickCallback (internal/process/next_tick.js:68:7)
[2020-07-07T10:33:29.809] [ERROR] app - Error: Undefined binding(s) detected when compiling SELECT. Undefined column(s): [user.id] query: select `avatar`, `phone`, `name` from `user` where `user`.`id` = ? limit ?
    at QueryCompiler_MySQL.toSQL (C:\Users\BIM02\Desktop\ServerKT\node_modules\knex\lib\query\compiler.js:99:13)
    at Builder.toSQL (C:\Users\BIM02\Desktop\ServerKT\node_modules\knex\lib\query\builder.js:72:44)
    at C:\Users\BIM02\Desktop\ServerKT\node_modules\knex\lib\runner.js:31:36
    at client.acquireConnection.catch.then (C:\Users\BIM02\Desktop\ServerKT\node_modules\knex\lib\runner.js:260:24)
    at process._tickCallback (internal/process/next_tick.js:68:7)
From previous event:
    at runCallback (timers.js:694:18)
    at tryOnImmediate (timers.js:665:5)
    at processImmediate (timers.js:647:5)
From previous event:
    at Sync.<anonymous> (C:\Users\BIM02\Desktop\ServerKT\node_modules\bookshelf\lib\sync.js:204:8)
    at Sync.<anonymous> (C:\Users\BIM02\Desktop\ServerKT\node_modules\bookshelf\lib\sync.js:66:17)
    at Child.<anonymous> (C:\Users\BIM02\Desktop\ServerKT\node_modules\bookshelf\lib\model.js:713:12)
    at Child.fetch (C:\Users\BIM02\Desktop\ServerKT\node_modules\bookshelf\lib\model.js:702:19)
    at Object.out.Get (C:\Users\BIM02\Desktop\ServerKT\restful\v0\sessions.js:158:8)
    at RestfulAPIMethods.(anonymous function) (C:\Users\BIM02\Desktop\ServerKT\routes\restful.js:32:60)
    at dispatch (C:\Users\BIM02\Desktop\ServerKT\node_modules\koa-router\node_modules\koa-compose\index.js:44:32)
    at next (C:\Users\BIM02\Desktop\ServerKT\node_modules\koa-router\node_modules\koa-compose\index.js:45:18)
    at C:\Users\BIM02\Desktop\ServerKT\node_modules\koa-router\lib\router.js:346:16
    at dispatch (C:\Users\BIM02\Desktop\ServerKT\node_modules\koa-router\node_modules\koa-compose\index.js:44:32)
    at next (C:\Users\BIM02\Desktop\ServerKT\node_modules\koa-router\node_modules\koa-compose\index.js:45:18)
    at route.use (C:\Users\BIM02\Desktop\ServerKT\routes\restful.js:97:19)
From previous event:
    at Sync.<anonymous> (C:\Users\BIM02\Desktop\ServerKT\node_modules\bookshelf\lib\sync.js:66:17)
From previous event:
    at Child.<anonymous> (C:\Users\BIM02\Desktop\ServerKT\node_modules\bookshelf\lib\model.js:713:12)
From previous event:
    at Child.fetch (C:\Users\BIM02\Desktop\ServerKT\node_modules\bookshelf\lib\model.js:702:19)
    at Object.out.Get (C:\Users\BIM02\Desktop\ServerKT\restful\v0\sessions.js:158:8)
    at RestfulAPIMethods.(anonymous function) (C:\Users\BIM02\Desktop\ServerKT\routes\restful.js:32:60)
    at dispatch (C:\Users\BIM02\Desktop\ServerKT\node_modules\koa-router\node_modules\koa-compose\index.js:44:32)
    at next (C:\Users\BIM02\Desktop\ServerKT\node_modules\koa-router\node_modules\koa-compose\index.js:45:18)
    at C:\Users\BIM02\Desktop\ServerKT\node_modules\koa-router\lib\router.js:346:16
    at dispatch (C:\Users\BIM02\Desktop\ServerKT\node_modules\koa-router\node_modules\koa-compose\index.js:44:32)
    at next (C:\Users\BIM02\Desktop\ServerKT\node_modules\koa-router\node_modules\koa-compose\index.js:45:18)
    at route.use (C:\Users\BIM02\Desktop\ServerKT\routes\restful.js:97:19)
    at dispatch (C:\Users\BIM02\Desktop\ServerKT\node_modules\koa-router\node_modules\koa-compose\index.js:44:32)
    at next (C:\Users\BIM02\Desktop\ServerKT\node_modules\koa-router\node_modules\koa-compose\index.js:45:18)
    at C:\Users\BIM02\Desktop\ServerKT\node_modules\koa-router\lib\router.js:346:16
    at dispatch (C:\Users\BIM02\Desktop\ServerKT\node_modules\koa-router\node_modules\koa-compose\index.js:44:32)
    at C:\Users\BIM02\Desktop\ServerKT\node_modules\koa-router\node_modules\koa-compose\index.js:36:12
    at dispatch (C:\Users\BIM02\Desktop\ServerKT\node_modules\koa-router\lib\router.js:351:31)
    at dispatch (C:\Users\BIM02\Desktop\ServerKT\node_modules\koa-compose\index.js:42:32)
    at parseBody.then.body (C:\Users\BIM02\Desktop\ServerKT\node_modules\koa-bodyparser\index.js:74:14)
    at process._tickCallback (internal/process/next_tick.js:68:7)
[2020-07-07T10:35:00.163] [ERROR] app - 
[2020-07-07T10:35:56.161] [ERROR] app - Error: Undefined binding(s) detected when compiling SELECT. Undefined column(s): [user.id] query: select `avatar`, `phone`, `name` from `user` where `user`.`id` = ? limit ?
    at QueryCompiler_MySQL.toSQL (C:\Users\BIM02\Desktop\ServerKT\node_modules\knex\lib\query\compiler.js:99:13)
    at Builder.toSQL (C:\Users\BIM02\Desktop\ServerKT\node_modules\knex\lib\query\builder.js:72:44)
    at C:\Users\BIM02\Desktop\ServerKT\node_modules\knex\lib\runner.js:31:36
    at client.acquireConnection.catch.then (C:\Users\BIM02\Desktop\ServerKT\node_modules\knex\lib\runner.js:260:24)
    at process._tickCallback (internal/process/next_tick.js:68:7)
From previous event:
    at runCallback (timers.js:694:18)
    at tryOnImmediate (timers.js:665:5)
    at processImmediate (timers.js:647:5)
From previous event:
    at Sync.<anonymous> (C:\Users\BIM02\Desktop\ServerKT\node_modules\bookshelf\lib\sync.js:204:8)
    at Sync.<anonymous> (C:\Users\BIM02\Desktop\ServerKT\node_modules\bookshelf\lib\sync.js:66:17)
    at Child.<anonymous> (C:\Users\BIM02\Desktop\ServerKT\node_modules\bookshelf\lib\model.js:713:12)
    at Child.fetch (C:\Users\BIM02\Desktop\ServerKT\node_modules\bookshelf\lib\model.js:702:19)
    at Object.out.Get (C:\Users\BIM02\Desktop\ServerKT\restful\v0\sessions.js:158:8)
    at RestfulAPIMethods.(anonymous function) (C:\Users\BIM02\Desktop\ServerKT\routes\restful.js:32:60)
    at dispatch (C:\Users\BIM02\Desktop\ServerKT\node_modules\koa-router\node_modules\koa-compose\index.js:44:32)
    at next (C:\Users\BIM02\Desktop\ServerKT\node_modules\koa-router\node_modules\koa-compose\index.js:45:18)
    at C:\Users\BIM02\Desktop\ServerKT\node_modules\koa-router\lib\router.js:346:16
    at dispatch (C:\Users\BIM02\Desktop\ServerKT\node_modules\koa-router\node_modules\koa-compose\index.js:44:32)
    at next (C:\Users\BIM02\Desktop\ServerKT\node_modules\koa-router\node_modules\koa-compose\index.js:45:18)
    at route.use (C:\Users\BIM02\Desktop\ServerKT\routes\restful.js:97:19)
From previous event:
    at Sync.<anonymous> (C:\Users\BIM02\Desktop\ServerKT\node_modules\bookshelf\lib\sync.js:66:17)
From previous event:
    at Child.<anonymous> (C:\Users\BIM02\Desktop\ServerKT\node_modules\bookshelf\lib\model.js:713:12)
From previous event:
    at Child.fetch (C:\Users\BIM02\Desktop\ServerKT\node_modules\bookshelf\lib\model.js:702:19)
    at Object.out.Get (C:\Users\BIM02\Desktop\ServerKT\restful\v0\sessions.js:158:8)
    at RestfulAPIMethods.(anonymous function) (C:\Users\BIM02\Desktop\ServerKT\routes\restful.js:32:60)
    at dispatch (C:\Users\BIM02\Desktop\ServerKT\node_modules\koa-router\node_modules\koa-compose\index.js:44:32)
    at next (C:\Users\BIM02\Desktop\ServerKT\node_modules\koa-router\node_modules\koa-compose\index.js:45:18)
    at C:\Users\BIM02\Desktop\ServerKT\node_modules\koa-router\lib\router.js:346:16
    at dispatch (C:\Users\BIM02\Desktop\ServerKT\node_modules\koa-router\node_modules\koa-compose\index.js:44:32)
    at next (C:\Users\BIM02\Desktop\ServerKT\node_modules\koa-router\node_modules\koa-compose\index.js:45:18)
    at route.use (C:\Users\BIM02\Desktop\ServerKT\routes\restful.js:97:19)
    at dispatch (C:\Users\BIM02\Desktop\ServerKT\node_modules\koa-router\node_modules\koa-compose\index.js:44:32)
    at next (C:\Users\BIM02\Desktop\ServerKT\node_modules\koa-router\node_modules\koa-compose\index.js:45:18)
    at C:\Users\BIM02\Desktop\ServerKT\node_modules\koa-router\lib\router.js:346:16
    at dispatch (C:\Users\BIM02\Desktop\ServerKT\node_modules\koa-router\node_modules\koa-compose\index.js:44:32)
    at C:\Users\BIM02\Desktop\ServerKT\node_modules\koa-router\node_modules\koa-compose\index.js:36:12
    at dispatch (C:\Users\BIM02\Desktop\ServerKT\node_modules\koa-router\lib\router.js:351:31)
    at dispatch (C:\Users\BIM02\Desktop\ServerKT\node_modules\koa-compose\index.js:42:32)
    at parseBody.then.body (C:\Users\BIM02\Desktop\ServerKT\node_modules\koa-bodyparser\index.js:74:14)
    at process._tickCallback (internal/process/next_tick.js:68:7)
[2020-07-07T10:36:00.974] [ERROR] app - Error: Undefined binding(s) detected when compiling SELECT. Undefined column(s): [user.id] query: select `avatar`, `phone`, `name` from `user` where `user`.`id` = ? limit ?
    at QueryCompiler_MySQL.toSQL (C:\Users\BIM02\Desktop\ServerKT\node_modules\knex\lib\query\compiler.js:99:13)
    at Builder.toSQL (C:\Users\BIM02\Desktop\ServerKT\node_modules\knex\lib\query\builder.js:72:44)
    at C:\Users\BIM02\Desktop\ServerKT\node_modules\knex\lib\runner.js:31:36
    at client.acquireConnection.catch.then (C:\Users\BIM02\Desktop\ServerKT\node_modules\knex\lib\runner.js:260:24)
From previous event:
    at runCallback (timers.js:694:18)
    at tryOnImmediate (timers.js:665:5)
    at processImmediate (timers.js:647:5)
From previous event:
    at Sync.<anonymous> (C:\Users\BIM02\Desktop\ServerKT\node_modules\bookshelf\lib\sync.js:204:8)
    at Sync.<anonymous> (C:\Users\BIM02\Desktop\ServerKT\node_modules\bookshelf\lib\sync.js:66:17)
    at Child.<anonymous> (C:\Users\BIM02\Desktop\ServerKT\node_modules\bookshelf\lib\model.js:713:12)
    at Child.fetch (C:\Users\BIM02\Desktop\ServerKT\node_modules\bookshelf\lib\model.js:702:19)
    at Object.out.Get (C:\Users\BIM02\Desktop\ServerKT\restful\v0\sessions.js:158:8)
    at RestfulAPIMethods.(anonymous function) (C:\Users\BIM02\Desktop\ServerKT\routes\restful.js:32:60)
    at dispatch (C:\Users\BIM02\Desktop\ServerKT\node_modules\koa-router\node_modules\koa-compose\index.js:44:32)
    at next (C:\Users\BIM02\Desktop\ServerKT\node_modules\koa-router\node_modules\koa-compose\index.js:45:18)
    at C:\Users\BIM02\Desktop\ServerKT\node_modules\koa-router\lib\router.js:346:16
    at dispatch (C:\Users\BIM02\Desktop\ServerKT\node_modules\koa-router\node_modules\koa-compose\index.js:44:32)
    at next (C:\Users\BIM02\Desktop\ServerKT\node_modules\koa-router\node_modules\koa-compose\index.js:45:18)
    at route.use (C:\Users\BIM02\Desktop\ServerKT\routes\restful.js:97:19)
From previous event:
    at Sync.<anonymous> (C:\Users\BIM02\Desktop\ServerKT\node_modules\bookshelf\lib\sync.js:66:17)
From previous event:
    at Child.<anonymous> (C:\Users\BIM02\Desktop\ServerKT\node_modules\bookshelf\lib\model.js:713:12)
From previous event:
    at Child.fetch (C:\Users\BIM02\Desktop\ServerKT\node_modules\bookshelf\lib\model.js:702:19)
    at Object.out.Get (C:\Users\BIM02\Desktop\ServerKT\restful\v0\sessions.js:158:8)
    at RestfulAPIMethods.(anonymous function) (C:\Users\BIM02\Desktop\ServerKT\routes\restful.js:32:60)
    at dispatch (C:\Users\BIM02\Desktop\ServerKT\node_modules\koa-router\node_modules\koa-compose\index.js:44:32)
    at next (C:\Users\BIM02\Desktop\ServerKT\node_modules\koa-router\node_modules\koa-compose\index.js:45:18)
    at C:\Users\BIM02\Desktop\ServerKT\node_modules\koa-router\lib\router.js:346:16
    at dispatch (C:\Users\BIM02\Desktop\ServerKT\node_modules\koa-router\node_modules\koa-compose\index.js:44:32)
    at next (C:\Users\BIM02\Desktop\ServerKT\node_modules\koa-router\node_modules\koa-compose\index.js:45:18)
    at route.use (C:\Users\BIM02\Desktop\ServerKT\routes\restful.js:97:19)
    at dispatch (C:\Users\BIM02\Desktop\ServerKT\node_modules\koa-router\node_modules\koa-compose\index.js:44:32)
    at next (C:\Users\BIM02\Desktop\ServerKT\node_modules\koa-router\node_modules\koa-compose\index.js:45:18)
    at C:\Users\BIM02\Desktop\ServerKT\node_modules\koa-router\lib\router.js:346:16
    at dispatch (C:\Users\BIM02\Desktop\ServerKT\node_modules\koa-router\node_modules\koa-compose\index.js:44:32)
    at C:\Users\BIM02\Desktop\ServerKT\node_modules\koa-router\node_modules\koa-compose\index.js:36:12
    at dispatch (C:\Users\BIM02\Desktop\ServerKT\node_modules\koa-router\lib\router.js:351:31)
    at dispatch (C:\Users\BIM02\Desktop\ServerKT\node_modules\koa-compose\index.js:42:32)
    at parseBody.then.body (C:\Users\BIM02\Desktop\ServerKT\node_modules\koa-bodyparser\index.js:74:14)
    at process._tickCallback (internal/process/next_tick.js:68:7)
[2020-07-07T10:36:26.233] [ERROR] app - Error: Undefined binding(s) detected when compiling SELECT. Undefined column(s): [user.id] query: select `avatar`, `phone`, `name` from `user` where `user`.`id` = ? limit ?
    at QueryCompiler_MySQL.toSQL (C:\Users\BIM02\Desktop\ServerKT\node_modules\knex\lib\query\compiler.js:99:13)
    at Builder.toSQL (C:\Users\BIM02\Desktop\ServerKT\node_modules\knex\lib\query\builder.js:72:44)
    at C:\Users\BIM02\Desktop\ServerKT\node_modules\knex\lib\runner.js:31:36
    at client.acquireConnection.catch.then (C:\Users\BIM02\Desktop\ServerKT\node_modules\knex\lib\runner.js:260:24)
From previous event:
    at runCallback (timers.js:694:18)
    at tryOnImmediate (timers.js:665:5)
    at processImmediate (timers.js:647:5)
From previous event:
    at Sync.<anonymous> (C:\Users\BIM02\Desktop\ServerKT\node_modules\bookshelf\lib\sync.js:204:8)
    at Sync.<anonymous> (C:\Users\BIM02\Desktop\ServerKT\node_modules\bookshelf\lib\sync.js:66:17)
    at Child.<anonymous> (C:\Users\BIM02\Desktop\ServerKT\node_modules\bookshelf\lib\model.js:713:12)
    at Child.fetch (C:\Users\BIM02\Desktop\ServerKT\node_modules\bookshelf\lib\model.js:702:19)
    at Object.out.Get (C:\Users\BIM02\Desktop\ServerKT\restful\v0\sessions.js:158:8)
    at RestfulAPIMethods.(anonymous function) (C:\Users\BIM02\Desktop\ServerKT\routes\restful.js:32:60)
    at dispatch (C:\Users\BIM02\Desktop\ServerKT\node_modules\koa-router\node_modules\koa-compose\index.js:44:32)
    at next (C:\Users\BIM02\Desktop\ServerKT\node_modules\koa-router\node_modules\koa-compose\index.js:45:18)
    at C:\Users\BIM02\Desktop\ServerKT\node_modules\koa-router\lib\router.js:346:16
    at dispatch (C:\Users\BIM02\Desktop\ServerKT\node_modules\koa-router\node_modules\koa-compose\index.js:44:32)
    at next (C:\Users\BIM02\Desktop\ServerKT\node_modules\koa-router\node_modules\koa-compose\index.js:45:18)
    at route.use (C:\Users\BIM02\Desktop\ServerKT\routes\restful.js:97:19)
From previous event:
    at Sync.<anonymous> (C:\Users\BIM02\Desktop\ServerKT\node_modules\bookshelf\lib\sync.js:66:17)
From previous event:
    at Child.<anonymous> (C:\Users\BIM02\Desktop\ServerKT\node_modules\bookshelf\lib\model.js:713:12)
From previous event:
    at Child.fetch (C:\Users\BIM02\Desktop\ServerKT\node_modules\bookshelf\lib\model.js:702:19)
    at Object.out.Get (C:\Users\BIM02\Desktop\ServerKT\restful\v0\sessions.js:158:8)
    at RestfulAPIMethods.(anonymous function) (C:\Users\BIM02\Desktop\ServerKT\routes\restful.js:32:60)
    at dispatch (C:\Users\BIM02\Desktop\ServerKT\node_modules\koa-router\node_modules\koa-compose\index.js:44:32)
    at next (C:\Users\BIM02\Desktop\ServerKT\node_modules\koa-router\node_modules\koa-compose\index.js:45:18)
    at C:\Users\BIM02\Desktop\ServerKT\node_modules\koa-router\lib\router.js:346:16
    at dispatch (C:\Users\BIM02\Desktop\ServerKT\node_modules\koa-router\node_modules\koa-compose\index.js:44:32)
    at next (C:\Users\BIM02\Desktop\ServerKT\node_modules\koa-router\node_modules\koa-compose\index.js:45:18)
    at route.use (C:\Users\BIM02\Desktop\ServerKT\routes\restful.js:97:19)
    at dispatch (C:\Users\BIM02\Desktop\ServerKT\node_modules\koa-router\node_modules\koa-compose\index.js:44:32)
    at next (C:\Users\BIM02\Desktop\ServerKT\node_modules\koa-router\node_modules\koa-compose\index.js:45:18)
    at C:\Users\BIM02\Desktop\ServerKT\node_modules\koa-router\lib\router.js:346:16
    at dispatch (C:\Users\BIM02\Desktop\ServerKT\node_modules\koa-router\node_modules\koa-compose\index.js:44:32)
    at C:\Users\BIM02\Desktop\ServerKT\node_modules\koa-router\node_modules\koa-compose\index.js:36:12
    at dispatch (C:\Users\BIM02\Desktop\ServerKT\node_modules\koa-router\lib\router.js:351:31)
    at dispatch (C:\Users\BIM02\Desktop\ServerKT\node_modules\koa-compose\index.js:42:32)
    at parseBody.then.body (C:\Users\BIM02\Desktop\ServerKT\node_modules\koa-bodyparser\index.js:74:14)
    at process._tickCallback (internal/process/next_tick.js:68:7)
[2020-07-07T10:36:49.805] [ERROR] app - Error: Undefined binding(s) detected when compiling SELECT. Undefined column(s): [user.id] query: select `avatar`, `phone`, `name` from `user` where `user`.`id` = ? limit ?
    at QueryCompiler_MySQL.toSQL (C:\Users\BIM02\Desktop\ServerKT\node_modules\knex\lib\query\compiler.js:99:13)
    at Builder.toSQL (C:\Users\BIM02\Desktop\ServerKT\node_modules\knex\lib\query\builder.js:72:44)
    at C:\Users\BIM02\Desktop\ServerKT\node_modules\knex\lib\runner.js:31:36
    at client.acquireConnection.catch.then (C:\Users\BIM02\Desktop\ServerKT\node_modules\knex\lib\runner.js:260:24)
From previous event:
    at runCallback (timers.js:694:18)
    at tryOnImmediate (timers.js:665:5)
    at processImmediate (timers.js:647:5)
From previous event:
    at Sync.<anonymous> (C:\Users\BIM02\Desktop\ServerKT\node_modules\bookshelf\lib\sync.js:204:8)
    at Sync.<anonymous> (C:\Users\BIM02\Desktop\ServerKT\node_modules\bookshelf\lib\sync.js:66:17)
    at Child.<anonymous> (C:\Users\BIM02\Desktop\ServerKT\node_modules\bookshelf\lib\model.js:713:12)
    at Child.fetch (C:\Users\BIM02\Desktop\ServerKT\node_modules\bookshelf\lib\model.js:702:19)
    at Object.out.Get (C:\Users\BIM02\Desktop\ServerKT\restful\v0\sessions.js:158:8)
    at RestfulAPIMethods.(anonymous function) (C:\Users\BIM02\Desktop\ServerKT\routes\restful.js:32:60)
    at dispatch (C:\Users\BIM02\Desktop\ServerKT\node_modules\koa-router\node_modules\koa-compose\index.js:44:32)
    at next (C:\Users\BIM02\Desktop\ServerKT\node_modules\koa-router\node_modules\koa-compose\index.js:45:18)
    at C:\Users\BIM02\Desktop\ServerKT\node_modules\koa-router\lib\router.js:346:16
    at dispatch (C:\Users\BIM02\Desktop\ServerKT\node_modules\koa-router\node_modules\koa-compose\index.js:44:32)
    at next (C:\Users\BIM02\Desktop\ServerKT\node_modules\koa-router\node_modules\koa-compose\index.js:45:18)
    at route.use (C:\Users\BIM02\Desktop\ServerKT\routes\restful.js:97:19)
From previous event:
    at Sync.<anonymous> (C:\Users\BIM02\Desktop\ServerKT\node_modules\bookshelf\lib\sync.js:66:17)
From previous event:
    at Child.<anonymous> (C:\Users\BIM02\Desktop\ServerKT\node_modules\bookshelf\lib\model.js:713:12)
From previous event:
    at Child.fetch (C:\Users\BIM02\Desktop\ServerKT\node_modules\bookshelf\lib\model.js:702:19)
    at Object.out.Get (C:\Users\BIM02\Desktop\ServerKT\restful\v0\sessions.js:158:8)
    at RestfulAPIMethods.(anonymous function) (C:\Users\BIM02\Desktop\ServerKT\routes\restful.js:32:60)
    at dispatch (C:\Users\BIM02\Desktop\ServerKT\node_modules\koa-router\node_modules\koa-compose\index.js:44:32)
    at next (C:\Users\BIM02\Desktop\ServerKT\node_modules\koa-router\node_modules\koa-compose\index.js:45:18)
    at C:\Users\BIM02\Desktop\ServerKT\node_modules\koa-router\lib\router.js:346:16
    at dispatch (C:\Users\BIM02\Desktop\ServerKT\node_modules\koa-router\node_modules\koa-compose\index.js:44:32)
    at next (C:\Users\BIM02\Desktop\ServerKT\node_modules\koa-router\node_modules\koa-compose\index.js:45:18)
    at route.use (C:\Users\BIM02\Desktop\ServerKT\routes\restful.js:97:19)
    at dispatch (C:\Users\BIM02\Desktop\ServerKT\node_modules\koa-router\node_modules\koa-compose\index.js:44:32)
    at next (C:\Users\BIM02\Desktop\ServerKT\node_modules\koa-router\node_modules\koa-compose\index.js:45:18)
    at C:\Users\BIM02\Desktop\ServerKT\node_modules\koa-router\lib\router.js:346:16
    at dispatch (C:\Users\BIM02\Desktop\ServerKT\node_modules\koa-router\node_modules\koa-compose\index.js:44:32)
    at C:\Users\BIM02\Desktop\ServerKT\node_modules\koa-router\node_modules\koa-compose\index.js:36:12
    at dispatch (C:\Users\BIM02\Desktop\ServerKT\node_modules\koa-router\lib\router.js:351:31)
    at dispatch (C:\Users\BIM02\Desktop\ServerKT\node_modules\koa-compose\index.js:42:32)
    at parseBody.then.body (C:\Users\BIM02\Desktop\ServerKT\node_modules\koa-bodyparser\index.js:74:14)
    at process._tickCallback (internal/process/next_tick.js:68:7)
[2020-07-07T10:36:54.325] [ERROR] app - Error: Undefined binding(s) detected when compiling SELECT. Undefined column(s): [user.id] query: select `avatar`, `phone`, `name` from `user` where `user`.`id` = ? limit ?
    at QueryCompiler_MySQL.toSQL (C:\Users\BIM02\Desktop\ServerKT\node_modules\knex\lib\query\compiler.js:99:13)
    at Builder.toSQL (C:\Users\BIM02\Desktop\ServerKT\node_modules\knex\lib\query\builder.js:72:44)
    at C:\Users\BIM02\Desktop\ServerKT\node_modules\knex\lib\runner.js:31:36
    at client.acquireConnection.catch.then (C:\Users\BIM02\Desktop\ServerKT\node_modules\knex\lib\runner.js:260:24)
From previous event:
    at runCallback (timers.js:694:18)
    at tryOnImmediate (timers.js:665:5)
    at processImmediate (timers.js:647:5)
From previous event:
    at Sync.<anonymous> (C:\Users\BIM02\Desktop\ServerKT\node_modules\bookshelf\lib\sync.js:204:8)
    at Sync.<anonymous> (C:\Users\BIM02\Desktop\ServerKT\node_modules\bookshelf\lib\sync.js:66:17)
    at Child.<anonymous> (C:\Users\BIM02\Desktop\ServerKT\node_modules\bookshelf\lib\model.js:713:12)
    at Child.fetch (C:\Users\BIM02\Desktop\ServerKT\node_modules\bookshelf\lib\model.js:702:19)
    at Object.out.Get (C:\Users\BIM02\Desktop\ServerKT\restful\v0\sessions.js:158:8)
    at RestfulAPIMethods.(anonymous function) (C:\Users\BIM02\Desktop\ServerKT\routes\restful.js:32:60)
    at dispatch (C:\Users\BIM02\Desktop\ServerKT\node_modules\koa-router\node_modules\koa-compose\index.js:44:32)
    at next (C:\Users\BIM02\Desktop\ServerKT\node_modules\koa-router\node_modules\koa-compose\index.js:45:18)
    at C:\Users\BIM02\Desktop\ServerKT\node_modules\koa-router\lib\router.js:346:16
    at dispatch (C:\Users\BIM02\Desktop\ServerKT\node_modules\koa-router\node_modules\koa-compose\index.js:44:32)
    at next (C:\Users\BIM02\Desktop\ServerKT\node_modules\koa-router\node_modules\koa-compose\index.js:45:18)
    at route.use (C:\Users\BIM02\Desktop\ServerKT\routes\restful.js:97:19)
From previous event:
    at Sync.<anonymous> (C:\Users\BIM02\Desktop\ServerKT\node_modules\bookshelf\lib\sync.js:66:17)
From previous event:
    at Child.<anonymous> (C:\Users\BIM02\Desktop\ServerKT\node_modules\bookshelf\lib\model.js:713:12)
From previous event:
    at Child.fetch (C:\Users\BIM02\Desktop\ServerKT\node_modules\bookshelf\lib\model.js:702:19)
    at Object.out.Get (C:\Users\BIM02\Desktop\ServerKT\restful\v0\sessions.js:158:8)
    at RestfulAPIMethods.(anonymous function) (C:\Users\BIM02\Desktop\ServerKT\routes\restful.js:32:60)
    at dispatch (C:\Users\BIM02\Desktop\ServerKT\node_modules\koa-router\node_modules\koa-compose\index.js:44:32)
    at next (C:\Users\BIM02\Desktop\ServerKT\node_modules\koa-router\node_modules\koa-compose\index.js:45:18)
    at C:\Users\BIM02\Desktop\ServerKT\node_modules\koa-router\lib\router.js:346:16
    at dispatch (C:\Users\BIM02\Desktop\ServerKT\node_modules\koa-router\node_modules\koa-compose\index.js:44:32)
    at next (C:\Users\BIM02\Desktop\ServerKT\node_modules\koa-router\node_modules\koa-compose\index.js:45:18)
    at route.use (C:\Users\BIM02\Desktop\ServerKT\routes\restful.js:97:19)
    at dispatch (C:\Users\BIM02\Desktop\ServerKT\node_modules\koa-router\node_modules\koa-compose\index.js:44:32)
    at next (C:\Users\BIM02\Desktop\ServerKT\node_modules\koa-router\node_modules\koa-compose\index.js:45:18)
    at C:\Users\BIM02\Desktop\ServerKT\node_modules\koa-router\lib\router.js:346:16
    at dispatch (C:\Users\BIM02\Desktop\ServerKT\node_modules\koa-router\node_modules\koa-compose\index.js:44:32)
    at C:\Users\BIM02\Desktop\ServerKT\node_modules\koa-router\node_modules\koa-compose\index.js:36:12
    at dispatch (C:\Users\BIM02\Desktop\ServerKT\node_modules\koa-router\lib\router.js:351:31)
    at dispatch (C:\Users\BIM02\Desktop\ServerKT\node_modules\koa-compose\index.js:42:32)
    at parseBody.then.body (C:\Users\BIM02\Desktop\ServerKT\node_modules\koa-bodyparser\index.js:74:14)
    at process._tickCallback (internal/process/next_tick.js:68:7)
[2020-07-07T10:37:31.897] [ERROR] app - Error: Undefined binding(s) detected when compiling SELECT. Undefined column(s): [user.id] query: select `avatar`, `phone`, `name` from `user` where `user`.`id` = ? limit ?
    at QueryCompiler_MySQL.toSQL (C:\Users\BIM02\Desktop\ServerKT\node_modules\knex\lib\query\compiler.js:99:13)
    at Builder.toSQL (C:\Users\BIM02\Desktop\ServerKT\node_modules\knex\lib\query\builder.js:72:44)
    at C:\Users\BIM02\Desktop\ServerKT\node_modules\knex\lib\runner.js:31:36
    at client.acquireConnection.catch.then (C:\Users\BIM02\Desktop\ServerKT\node_modules\knex\lib\runner.js:260:24)
    at process._tickCallback (internal/process/next_tick.js:68:7)
From previous event:
    at runCallback (timers.js:694:18)
    at tryOnImmediate (timers.js:665:5)
    at processImmediate (timers.js:647:5)
From previous event:
    at Sync.<anonymous> (C:\Users\BIM02\Desktop\ServerKT\node_modules\bookshelf\lib\sync.js:204:8)
    at Sync.<anonymous> (C:\Users\BIM02\Desktop\ServerKT\node_modules\bookshelf\lib\sync.js:66:17)
    at Child.<anonymous> (C:\Users\BIM02\Desktop\ServerKT\node_modules\bookshelf\lib\model.js:713:12)
    at Child.fetch (C:\Users\BIM02\Desktop\ServerKT\node_modules\bookshelf\lib\model.js:702:19)
    at Object.out.Get (C:\Users\BIM02\Desktop\ServerKT\restful\v0\sessions.js:158:8)
    at RestfulAPIMethods.(anonymous function) (C:\Users\BIM02\Desktop\ServerKT\routes\restful.js:32:60)
    at dispatch (C:\Users\BIM02\Desktop\ServerKT\node_modules\koa-router\node_modules\koa-compose\index.js:44:32)
    at next (C:\Users\BIM02\Desktop\ServerKT\node_modules\koa-router\node_modules\koa-compose\index.js:45:18)
    at C:\Users\BIM02\Desktop\ServerKT\node_modules\koa-router\lib\router.js:346:16
    at dispatch (C:\Users\BIM02\Desktop\ServerKT\node_modules\koa-router\node_modules\koa-compose\index.js:44:32)
    at next (C:\Users\BIM02\Desktop\ServerKT\node_modules\koa-router\node_modules\koa-compose\index.js:45:18)
    at route.use (C:\Users\BIM02\Desktop\ServerKT\routes\restful.js:97:19)
From previous event:
    at Sync.<anonymous> (C:\Users\BIM02\Desktop\ServerKT\node_modules\bookshelf\lib\sync.js:66:17)
From previous event:
    at Child.<anonymous> (C:\Users\BIM02\Desktop\ServerKT\node_modules\bookshelf\lib\model.js:713:12)
From previous event:
    at Child.fetch (C:\Users\BIM02\Desktop\ServerKT\node_modules\bookshelf\lib\model.js:702:19)
    at Object.out.Get (C:\Users\BIM02\Desktop\ServerKT\restful\v0\sessions.js:158:8)
    at RestfulAPIMethods.(anonymous function) (C:\Users\BIM02\Desktop\ServerKT\routes\restful.js:32:60)
    at dispatch (C:\Users\BIM02\Desktop\ServerKT\node_modules\koa-router\node_modules\koa-compose\index.js:44:32)
    at next (C:\Users\BIM02\Desktop\ServerKT\node_modules\koa-router\node_modules\koa-compose\index.js:45:18)
    at C:\Users\BIM02\Desktop\ServerKT\node_modules\koa-router\lib\router.js:346:16
    at dispatch (C:\Users\BIM02\Desktop\ServerKT\node_modules\koa-router\node_modules\koa-compose\index.js:44:32)
    at next (C:\Users\BIM02\Desktop\ServerKT\node_modules\koa-router\node_modules\koa-compose\index.js:45:18)
    at route.use (C:\Users\BIM02\Desktop\ServerKT\routes\restful.js:97:19)
    at dispatch (C:\Users\BIM02\Desktop\ServerKT\node_modules\koa-router\node_modules\koa-compose\index.js:44:32)
    at next (C:\Users\BIM02\Desktop\ServerKT\node_modules\koa-router\node_modules\koa-compose\index.js:45:18)
    at C:\Users\BIM02\Desktop\ServerKT\node_modules\koa-router\lib\router.js:346:16
    at dispatch (C:\Users\BIM02\Desktop\ServerKT\node_modules\koa-router\node_modules\koa-compose\index.js:44:32)
    at C:\Users\BIM02\Desktop\ServerKT\node_modules\koa-router\node_modules\koa-compose\index.js:36:12
    at dispatch (C:\Users\BIM02\Desktop\ServerKT\node_modules\koa-router\lib\router.js:351:31)
    at dispatch (C:\Users\BIM02\Desktop\ServerKT\node_modules\koa-compose\index.js:42:32)
    at parseBody.then.body (C:\Users\BIM02\Desktop\ServerKT\node_modules\koa-bodyparser\index.js:74:14)
    at process._tickCallback (internal/process/next_tick.js:68:7)
[2020-07-07T10:40:09.675] [ERROR] app - Error: Undefined binding(s) detected when compiling SELECT. Undefined column(s): [user.id] query: select `avatar`, `phone`, `name` from `user` where `user`.`id` = ? limit ?
    at QueryCompiler_MySQL.toSQL (C:\Users\BIM02\Desktop\ServerKT\node_modules\knex\lib\query\compiler.js:99:13)
    at Builder.toSQL (C:\Users\BIM02\Desktop\ServerKT\node_modules\knex\lib\query\builder.js:72:44)
    at C:\Users\BIM02\Desktop\ServerKT\node_modules\knex\lib\runner.js:31:36
    at client.acquireConnection.catch.then (C:\Users\BIM02\Desktop\ServerKT\node_modules\knex\lib\runner.js:260:24)
    at process._tickCallback (internal/process/next_tick.js:68:7)
From previous event:
    at runCallback (timers.js:694:18)
    at tryOnImmediate (timers.js:665:5)
    at processImmediate (timers.js:647:5)
From previous event:
    at Sync.<anonymous> (C:\Users\BIM02\Desktop\ServerKT\node_modules\bookshelf\lib\sync.js:204:8)
    at Sync.<anonymous> (C:\Users\BIM02\Desktop\ServerKT\node_modules\bookshelf\lib\sync.js:66:17)
    at Child.<anonymous> (C:\Users\BIM02\Desktop\ServerKT\node_modules\bookshelf\lib\model.js:713:12)
    at Child.fetch (C:\Users\BIM02\Desktop\ServerKT\node_modules\bookshelf\lib\model.js:702:19)
    at Object.out.Get (C:\Users\BIM02\Desktop\ServerKT\restful\v0\sessions.js:158:8)
    at RestfulAPIMethods.(anonymous function) (C:\Users\BIM02\Desktop\ServerKT\routes\restful.js:32:60)
    at dispatch (C:\Users\BIM02\Desktop\ServerKT\node_modules\koa-router\node_modules\koa-compose\index.js:44:32)
    at next (C:\Users\BIM02\Desktop\ServerKT\node_modules\koa-router\node_modules\koa-compose\index.js:45:18)
    at C:\Users\BIM02\Desktop\ServerKT\node_modules\koa-router\lib\router.js:346:16
    at dispatch (C:\Users\BIM02\Desktop\ServerKT\node_modules\koa-router\node_modules\koa-compose\index.js:44:32)
    at next (C:\Users\BIM02\Desktop\ServerKT\node_modules\koa-router\node_modules\koa-compose\index.js:45:18)
    at route.use (C:\Users\BIM02\Desktop\ServerKT\routes\restful.js:97:19)
From previous event:
    at Sync.<anonymous> (C:\Users\BIM02\Desktop\ServerKT\node_modules\bookshelf\lib\sync.js:66:17)
From previous event:
    at Child.<anonymous> (C:\Users\BIM02\Desktop\ServerKT\node_modules\bookshelf\lib\model.js:713:12)
From previous event:
    at Child.fetch (C:\Users\BIM02\Desktop\ServerKT\node_modules\bookshelf\lib\model.js:702:19)
    at Object.out.Get (C:\Users\BIM02\Desktop\ServerKT\restful\v0\sessions.js:158:8)
    at RestfulAPIMethods.(anonymous function) (C:\Users\BIM02\Desktop\ServerKT\routes\restful.js:32:60)
    at dispatch (C:\Users\BIM02\Desktop\ServerKT\node_modules\koa-router\node_modules\koa-compose\index.js:44:32)
    at next (C:\Users\BIM02\Desktop\ServerKT\node_modules\koa-router\node_modules\koa-compose\index.js:45:18)
    at C:\Users\BIM02\Desktop\ServerKT\node_modules\koa-router\lib\router.js:346:16
    at dispatch (C:\Users\BIM02\Desktop\ServerKT\node_modules\koa-router\node_modules\koa-compose\index.js:44:32)
    at next (C:\Users\BIM02\Desktop\ServerKT\node_modules\koa-router\node_modules\koa-compose\index.js:45:18)
    at route.use (C:\Users\BIM02\Desktop\ServerKT\routes\restful.js:97:19)
    at dispatch (C:\Users\BIM02\Desktop\ServerKT\node_modules\koa-router\node_modules\koa-compose\index.js:44:32)
    at next (C:\Users\BIM02\Desktop\ServerKT\node_modules\koa-router\node_modules\koa-compose\index.js:45:18)
    at C:\Users\BIM02\Desktop\ServerKT\node_modules\koa-router\lib\router.js:346:16
    at dispatch (C:\Users\BIM02\Desktop\ServerKT\node_modules\koa-router\node_modules\koa-compose\index.js:44:32)
    at C:\Users\BIM02\Desktop\ServerKT\node_modules\koa-router\node_modules\koa-compose\index.js:36:12
    at dispatch (C:\Users\BIM02\Desktop\ServerKT\node_modules\koa-router\lib\router.js:351:31)
    at dispatch (C:\Users\BIM02\Desktop\ServerKT\node_modules\koa-compose\index.js:42:32)
    at parseBody.then.body (C:\Users\BIM02\Desktop\ServerKT\node_modules\koa-bodyparser\index.js:74:14)
    at process._tickCallback (internal/process/next_tick.js:68:7)
[2020-07-07T10:40:34.150] [ERROR] app - Error: Undefined binding(s) detected when compiling SELECT. Undefined column(s): [user.id] query: select `avatar`, `phone`, `name` from `user` where `user`.`id` = ? limit ?
    at QueryCompiler_MySQL.toSQL (C:\Users\BIM02\Desktop\ServerKT\node_modules\knex\lib\query\compiler.js:99:13)
    at Builder.toSQL (C:\Users\BIM02\Desktop\ServerKT\node_modules\knex\lib\query\builder.js:72:44)
    at C:\Users\BIM02\Desktop\ServerKT\node_modules\knex\lib\runner.js:31:36
    at client.acquireConnection.catch.then (C:\Users\BIM02\Desktop\ServerKT\node_modules\knex\lib\runner.js:260:24)
    at process._tickCallback (internal/process/next_tick.js:68:7)
From previous event:
    at runCallback (timers.js:694:18)
    at tryOnImmediate (timers.js:665:5)
    at processImmediate (timers.js:647:5)
From previous event:
    at Sync.<anonymous> (C:\Users\BIM02\Desktop\ServerKT\node_modules\bookshelf\lib\sync.js:204:8)
    at Sync.<anonymous> (C:\Users\BIM02\Desktop\ServerKT\node_modules\bookshelf\lib\sync.js:66:17)
    at Child.<anonymous> (C:\Users\BIM02\Desktop\ServerKT\node_modules\bookshelf\lib\model.js:713:12)
    at Child.fetch (C:\Users\BIM02\Desktop\ServerKT\node_modules\bookshelf\lib\model.js:702:19)
    at Object.out.Get (C:\Users\BIM02\Desktop\ServerKT\restful\v0\sessions.js:158:8)
    at RestfulAPIMethods.(anonymous function) (C:\Users\BIM02\Desktop\ServerKT\routes\restful.js:32:60)
    at dispatch (C:\Users\BIM02\Desktop\ServerKT\node_modules\koa-router\node_modules\koa-compose\index.js:44:32)
    at next (C:\Users\BIM02\Desktop\ServerKT\node_modules\koa-router\node_modules\koa-compose\index.js:45:18)
    at C:\Users\BIM02\Desktop\ServerKT\node_modules\koa-router\lib\router.js:346:16
    at dispatch (C:\Users\BIM02\Desktop\ServerKT\node_modules\koa-router\node_modules\koa-compose\index.js:44:32)
    at next (C:\Users\BIM02\Desktop\ServerKT\node_modules\koa-router\node_modules\koa-compose\index.js:45:18)
    at route.use (C:\Users\BIM02\Desktop\ServerKT\routes\restful.js:97:19)
From previous event:
    at Sync.<anonymous> (C:\Users\BIM02\Desktop\ServerKT\node_modules\bookshelf\lib\sync.js:66:17)
From previous event:
    at Child.<anonymous> (C:\Users\BIM02\Desktop\ServerKT\node_modules\bookshelf\lib\model.js:713:12)
From previous event:
    at Child.fetch (C:\Users\BIM02\Desktop\ServerKT\node_modules\bookshelf\lib\model.js:702:19)
    at Object.out.Get (C:\Users\BIM02\Desktop\ServerKT\restful\v0\sessions.js:158:8)
    at RestfulAPIMethods.(anonymous function) (C:\Users\BIM02\Desktop\ServerKT\routes\restful.js:32:60)
    at dispatch (C:\Users\BIM02\Desktop\ServerKT\node_modules\koa-router\node_modules\koa-compose\index.js:44:32)
    at next (C:\Users\BIM02\Desktop\ServerKT\node_modules\koa-router\node_modules\koa-compose\index.js:45:18)
    at C:\Users\BIM02\Desktop\ServerKT\node_modules\koa-router\lib\router.js:346:16
    at dispatch (C:\Users\BIM02\Desktop\ServerKT\node_modules\koa-router\node_modules\koa-compose\index.js:44:32)
    at next (C:\Users\BIM02\Desktop\ServerKT\node_modules\koa-router\node_modules\koa-compose\index.js:45:18)
    at route.use (C:\Users\BIM02\Desktop\ServerKT\routes\restful.js:97:19)
    at dispatch (C:\Users\BIM02\Desktop\ServerKT\node_modules\koa-router\node_modules\koa-compose\index.js:44:32)
    at next (C:\Users\BIM02\Desktop\ServerKT\node_modules\koa-router\node_modules\koa-compose\index.js:45:18)
    at C:\Users\BIM02\Desktop\ServerKT\node_modules\koa-router\lib\router.js:346:16
    at dispatch (C:\Users\BIM02\Desktop\ServerKT\node_modules\koa-router\node_modules\koa-compose\index.js:44:32)
    at C:\Users\BIM02\Desktop\ServerKT\node_modules\koa-router\node_modules\koa-compose\index.js:36:12
    at dispatch (C:\Users\BIM02\Desktop\ServerKT\node_modules\koa-router\lib\router.js:351:31)
    at dispatch (C:\Users\BIM02\Desktop\ServerKT\node_modules\koa-compose\index.js:42:32)
    at parseBody.then.body (C:\Users\BIM02\Desktop\ServerKT\node_modules\koa-bodyparser\index.js:74:14)
    at process._tickCallback (internal/process/next_tick.js:68:7)
[2020-07-07T10:43:39.998] [ERROR] app - 
[2020-07-07T10:43:42.633] [ERROR] app - 
[2020-07-07T15:59:36.364] [ERROR] app - Error: Empty .update() call detected! Update data does not contain any values to update. This will result in a faulty query. Table: user. Columns: .
    at QueryCompiler_MySQL._prepUpdate (C:\Users\BIM02\Desktop\ServerKT\node_modules\knex\lib\query\compiler.js:820:13)
    at QueryCompiler_MySQL.update (C:\Users\BIM02\Desktop\ServerKT\node_modules\knex\lib\dialects\mysql\query\compiler.js:24:26)
    at QueryCompiler_MySQL.toSQL (C:\Users\BIM02\Desktop\ServerKT\node_modules\knex\lib\query\compiler.js:62:29)
    at Builder.toSQL (C:\Users\BIM02\Desktop\ServerKT\node_modules\knex\lib\query\builder.js:72:44)
    at C:\Users\BIM02\Desktop\ServerKT\node_modules\knex\lib\runner.js:31:36
    at client.acquireConnection.catch.then (C:\Users\BIM02\Desktop\ServerKT\node_modules\knex\lib\runner.js:260:24)
From previous event:
    at Child.<anonymous> (C:\Users\BIM02\Desktop\ServerKT\node_modules\bookshelf\lib\model.js:1160:42)
From previous event:
    at Child.<anonymous> (C:\Users\BIM02\Desktop\ServerKT\node_modules\bookshelf\lib\model.js:1159:14)
    at runCallback (timers.js:694:18)
    at tryOnImmediate (timers.js:665:5)
    at processImmediate (timers.js:647:5)
From previous event:
    at Child.<anonymous> (C:\Users\BIM02\Desktop\ServerKT\node_modules\bookshelf\lib\model.js:1060:10)
From previous event:
    at B.transaction.trx (C:\Users\BIM02\Desktop\ServerKT\restful\v0\users.js:106:33)
    at init.then.then (C:\Users\BIM02\Desktop\ServerKT\node_modules\knex\lib\transaction.js:184:22)
    at process._tickCallback (internal/process/next_tick.js:68:7)
[2020-07-07T16:01:03.194] [ERROR] app - ReferenceError: users is not defined
    at Child.User.forge.save.then (C:\Users\BIM02\Desktop\ServerKT\restful\v0\users.js:112:28)
    at runCallback (timers.js:694:18)
    at tryOnImmediate (timers.js:665:5)
    at processImmediate (timers.js:647:5)
From previous event:
    at B.transaction.trx (C:\Users\BIM02\Desktop\ServerKT\restful\v0\users.js:108:12)
    at init.then.then (C:\Users\BIM02\Desktop\ServerKT\node_modules\knex\lib\transaction.js:184:22)
    at process._tickCallback (internal/process/next_tick.js:68:7)
[2020-07-07T16:01:55.309] [ERROR] app - Error: Empty .update() call detected! Update data does not contain any values to update. This will result in a faulty query. Table: user. Columns: .
    at QueryCompiler_MySQL._prepUpdate (C:\Users\BIM02\Desktop\ServerKT\node_modules\knex\lib\query\compiler.js:820:13)
    at QueryCompiler_MySQL.update (C:\Users\BIM02\Desktop\ServerKT\node_modules\knex\lib\dialects\mysql\query\compiler.js:24:26)
    at QueryCompiler_MySQL.toSQL (C:\Users\BIM02\Desktop\ServerKT\node_modules\knex\lib\query\compiler.js:62:29)
    at Builder.toSQL (C:\Users\BIM02\Desktop\ServerKT\node_modules\knex\lib\query\builder.js:72:44)
    at C:\Users\BIM02\Desktop\ServerKT\node_modules\knex\lib\runner.js:31:36
    at client.acquireConnection.catch.then (C:\Users\BIM02\Desktop\ServerKT\node_modules\knex\lib\runner.js:260:24)
From previous event:
    at Child.<anonymous> (C:\Users\BIM02\Desktop\ServerKT\node_modules\bookshelf\lib\model.js:1160:42)
From previous event:
    at Child.<anonymous> (C:\Users\BIM02\Desktop\ServerKT\node_modules\bookshelf\lib\model.js:1159:14)
    at runCallback (timers.js:694:18)
    at tryOnImmediate (timers.js:665:5)
    at processImmediate (timers.js:647:5)
From previous event:
    at Child.<anonymous> (C:\Users\BIM02\Desktop\ServerKT\node_modules\bookshelf\lib\model.js:1060:10)
From previous event:
    at B.transaction.trx (C:\Users\BIM02\Desktop\ServerKT\restful\v0\users.js:106:33)
    at init.then.then (C:\Users\BIM02\Desktop\ServerKT\node_modules\knex\lib\transaction.js:184:22)
    at process._tickCallback (internal/process/next_tick.js:68:7)
[2020-07-07T16:11:04.116] [ERROR] app - ReferenceError: promise is not defined
    at B.transaction.trx (C:\Users\BIM02\Desktop\ServerKT\restful\v0\users.js:127:11)
    at init.then.then (C:\Users\BIM02\Desktop\ServerKT\node_modules\knex\lib\transaction.js:184:22)
    at process._tickCallback (internal/process/next_tick.js:68:7)
[2020-07-07T16:11:38.539] [ERROR] app - ReferenceError: promise is not defined
    at B.transaction.trx (C:\Users\BIM02\Desktop\ServerKT\restful\v0\users.js:127:11)
    at init.then.then (C:\Users\BIM02\Desktop\ServerKT\node_modules\knex\lib\transaction.js:184:22)
    at process._tickCallback (internal/process/next_tick.js:68:7)
[2020-07-07T16:12:07.473] [ERROR] app - Error: Empty .update() call detected! Update data does not contain any values to update. This will result in a faulty query. Table: user. Columns: .
    at QueryCompiler_MySQL._prepUpdate (C:\Users\BIM02\Desktop\ServerKT\node_modules\knex\lib\query\compiler.js:820:13)
    at QueryCompiler_MySQL.update (C:\Users\BIM02\Desktop\ServerKT\node_modules\knex\lib\dialects\mysql\query\compiler.js:24:26)
    at QueryCompiler_MySQL.toSQL (C:\Users\BIM02\Desktop\ServerKT\node_modules\knex\lib\query\compiler.js:62:29)
    at Builder.toSQL (C:\Users\BIM02\Desktop\ServerKT\node_modules\knex\lib\query\builder.js:72:44)
    at C:\Users\BIM02\Desktop\ServerKT\node_modules\knex\lib\runner.js:31:36
    at client.acquireConnection.catch.then (C:\Users\BIM02\Desktop\ServerKT\node_modules\knex\lib\runner.js:260:24)
From previous event:
    at Child.<anonymous> (C:\Users\BIM02\Desktop\ServerKT\node_modules\bookshelf\lib\model.js:1160:42)
From previous event:
    at Child.<anonymous> (C:\Users\BIM02\Desktop\ServerKT\node_modules\bookshelf\lib\model.js:1159:14)
    at runCallback (timers.js:694:18)
    at tryOnImmediate (timers.js:665:5)
    at processImmediate (timers.js:647:5)
From previous event:
    at Child.<anonymous> (C:\Users\BIM02\Desktop\ServerKT\node_modules\bookshelf\lib\model.js:1060:10)
From previous event:
    at B.transaction.trx (C:\Users\BIM02\Desktop\ServerKT\restful\v0\users.js:127:42)
    at init.then.then (C:\Users\BIM02\Desktop\ServerKT\node_modules\knex\lib\transaction.js:184:22)
    at process._tickCallback (internal/process/next_tick.js:68:7)
[2020-07-07T16:19:02.870] [ERROR] app - Error: Empty .update() call detected! Update data does not contain any values to update. This will result in a faulty query. Table: user. Columns: .
    at QueryCompiler_MySQL._prepUpdate (C:\Users\BIM02\Desktop\ServerKT\node_modules\knex\lib\query\compiler.js:820:13)
    at QueryCompiler_MySQL.update (C:\Users\BIM02\Desktop\ServerKT\node_modules\knex\lib\dialects\mysql\query\compiler.js:24:26)
    at QueryCompiler_MySQL.toSQL (C:\Users\BIM02\Desktop\ServerKT\node_modules\knex\lib\query\compiler.js:62:29)
    at Builder.toSQL (C:\Users\BIM02\Desktop\ServerKT\node_modules\knex\lib\query\builder.js:72:44)
    at C:\Users\BIM02\Desktop\ServerKT\node_modules\knex\lib\runner.js:31:36
    at client.acquireConnection.catch.then (C:\Users\BIM02\Desktop\ServerKT\node_modules\knex\lib\runner.js:260:24)
From previous event:
    at Child.<anonymous> (C:\Users\BIM02\Desktop\ServerKT\node_modules\bookshelf\lib\model.js:1160:42)
From previous event:
    at Child.<anonymous> (C:\Users\BIM02\Desktop\ServerKT\node_modules\bookshelf\lib\model.js:1159:14)
    at runCallback (timers.js:694:18)
    at tryOnImmediate (timers.js:665:5)
    at processImmediate (timers.js:647:5)
From previous event:
    at Child.<anonymous> (C:\Users\BIM02\Desktop\ServerKT\node_modules\bookshelf\lib\model.js:1060:10)
From previous event:
    at B.transaction.trx (C:\Users\BIM02\Desktop\ServerKT\restful\v0\users.js:127:42)
    at init.then.then (C:\Users\BIM02\Desktop\ServerKT\node_modules\knex\lib\transaction.js:184:22)
    at process._tickCallback (internal/process/next_tick.js:68:7)
[2020-07-07T16:19:22.533] [ERROR] app - Error: Empty .update() call detected! Update data does not contain any values to update. This will result in a faulty query. Table: user. Columns: .
    at QueryCompiler_MySQL._prepUpdate (C:\Users\BIM02\Desktop\ServerKT\node_modules\knex\lib\query\compiler.js:820:13)
    at QueryCompiler_MySQL.update (C:\Users\BIM02\Desktop\ServerKT\node_modules\knex\lib\dialects\mysql\query\compiler.js:24:26)
    at QueryCompiler_MySQL.toSQL (C:\Users\BIM02\Desktop\ServerKT\node_modules\knex\lib\query\compiler.js:62:29)
    at Builder.toSQL (C:\Users\BIM02\Desktop\ServerKT\node_modules\knex\lib\query\builder.js:72:44)
    at C:\Users\BIM02\Desktop\ServerKT\node_modules\knex\lib\runner.js:31:36
    at client.acquireConnection.catch.then (C:\Users\BIM02\Desktop\ServerKT\node_modules\knex\lib\runner.js:260:24)
From previous event:
    at Child.<anonymous> (C:\Users\BIM02\Desktop\ServerKT\node_modules\bookshelf\lib\model.js:1160:42)
From previous event:
    at Child.<anonymous> (C:\Users\BIM02\Desktop\ServerKT\node_modules\bookshelf\lib\model.js:1159:14)
    at runCallback (timers.js:694:18)
    at tryOnImmediate (timers.js:665:5)
    at processImmediate (timers.js:647:5)
From previous event:
    at Child.<anonymous> (C:\Users\BIM02\Desktop\ServerKT\node_modules\bookshelf\lib\model.js:1060:10)
From previous event:
    at B.transaction.trx (C:\Users\BIM02\Desktop\ServerKT\restful\v0\users.js:128:42)
    at init.then.then (C:\Users\BIM02\Desktop\ServerKT\node_modules\knex\lib\transaction.js:184:22)
    at process._tickCallback (internal/process/next_tick.js:68:7)
[2020-07-07T16:23:39.825] [ERROR] app - Error: users is not defined on the model.
    at EagerRelation.<anonymous> (C:\Users\BIM02\Desktop\ServerKT\node_modules\bookshelf\lib\base\eager.js:50:15)
From previous event:
    at Child._handleEager (C:\Users\BIM02\Desktop\ServerKT\node_modules\bookshelf\lib\collection.js:527:73)
    at Child.<anonymous> (C:\Users\BIM02\Desktop\ServerKT\node_modules\bookshelf\lib\collection.js:179:27)
    at runCallback (timers.js:694:18)
    at tryOnImmediate (timers.js:665:5)
    at processImmediate (timers.js:647:5)
From previous event:
    at Child.<anonymous> (C:\Users\BIM02\Desktop\ServerKT\node_modules\bookshelf\lib\collection.js:177:12)
From previous event:
    at Child.fetchAll (C:\Users\BIM02\Desktop\ServerKT\node_modules\bookshelf\lib\model.js:878:10)
    at Function.fetchAll (C:\Users\BIM02\Desktop\ServerKT\node_modules\bookshelf\lib\bookshelf.js:287:29)
    at Object.out.List (C:\Users\BIM02\Desktop\ServerKT\restful\v0\users.js:14:22)
    at RestfulAPIMethods.(anonymous function) (C:\Users\BIM02\Desktop\ServerKT\routes\restful.js:32:60)
    at dispatch (C:\Users\BIM02\Desktop\ServerKT\node_modules\koa-router\node_modules\koa-compose\index.js:44:32)
    at next (C:\Users\BIM02\Desktop\ServerKT\node_modules\koa-router\node_modules\koa-compose\index.js:45:18)
    at C:\Users\BIM02\Desktop\ServerKT\node_modules\koa-router\lib\router.js:346:16
    at dispatch (C:\Users\BIM02\Desktop\ServerKT\node_modules\koa-router\node_modules\koa-compose\index.js:44:32)
    at next (C:\Users\BIM02\Desktop\ServerKT\node_modules\koa-router\node_modules\koa-compose\index.js:45:18)
    at route.use (C:\Users\BIM02\Desktop\ServerKT\routes\restful.js:97:19)
    at dispatch (C:\Users\BIM02\Desktop\ServerKT\node_modules\koa-router\node_modules\koa-compose\index.js:44:32)
    at next (C:\Users\BIM02\Desktop\ServerKT\node_modules\koa-router\node_modules\koa-compose\index.js:45:18)
    at C:\Users\BIM02\Desktop\ServerKT\node_modules\koa-router\lib\router.js:346:16
    at dispatch (C:\Users\BIM02\Desktop\ServerKT\node_modules\koa-router\node_modules\koa-compose\index.js:44:32)
    at C:\Users\BIM02\Desktop\ServerKT\node_modules\koa-router\node_modules\koa-compose\index.js:36:12
    at dispatch (C:\Users\BIM02\Desktop\ServerKT\node_modules\koa-router\lib\router.js:351:31)
    at dispatch (C:\Users\BIM02\Desktop\ServerKT\node_modules\koa-compose\index.js:42:32)
    at module.exports (C:\Users\BIM02\Desktop\ServerKT\middlewares\auth.js:76:9)
[2020-07-07T16:24:13.107] [ERROR] app - Error: users is not defined on the model.
    at EagerRelation.<anonymous> (C:\Users\BIM02\Desktop\ServerKT\node_modules\bookshelf\lib\base\eager.js:50:15)
From previous event:
    at Child._handleEager (C:\Users\BIM02\Desktop\ServerKT\node_modules\bookshelf\lib\collection.js:527:73)
    at Child.<anonymous> (C:\Users\BIM02\Desktop\ServerKT\node_modules\bookshelf\lib\collection.js:179:27)
    at runCallback (timers.js:694:18)
    at tryOnImmediate (timers.js:665:5)
    at processImmediate (timers.js:647:5)
From previous event:
    at Child.<anonymous> (C:\Users\BIM02\Desktop\ServerKT\node_modules\bookshelf\lib\collection.js:177:12)
From previous event:
    at Child.fetchAll (C:\Users\BIM02\Desktop\ServerKT\node_modules\bookshelf\lib\model.js:878:10)
    at Function.fetchAll (C:\Users\BIM02\Desktop\ServerKT\node_modules\bookshelf\lib\bookshelf.js:287:29)
    at Object.out.List (C:\Users\BIM02\Desktop\ServerKT\restful\v0\users.js:14:22)
    at RestfulAPIMethods.(anonymous function) (C:\Users\BIM02\Desktop\ServerKT\routes\restful.js:32:60)
    at dispatch (C:\Users\BIM02\Desktop\ServerKT\node_modules\koa-router\node_modules\koa-compose\index.js:44:32)
    at next (C:\Users\BIM02\Desktop\ServerKT\node_modules\koa-router\node_modules\koa-compose\index.js:45:18)
    at C:\Users\BIM02\Desktop\ServerKT\node_modules\koa-router\lib\router.js:346:16
    at dispatch (C:\Users\BIM02\Desktop\ServerKT\node_modules\koa-router\node_modules\koa-compose\index.js:44:32)
    at next (C:\Users\BIM02\Desktop\ServerKT\node_modules\koa-router\node_modules\koa-compose\index.js:45:18)
    at route.use (C:\Users\BIM02\Desktop\ServerKT\routes\restful.js:97:19)
    at dispatch (C:\Users\BIM02\Desktop\ServerKT\node_modules\koa-router\node_modules\koa-compose\index.js:44:32)
    at next (C:\Users\BIM02\Desktop\ServerKT\node_modules\koa-router\node_modules\koa-compose\index.js:45:18)
    at C:\Users\BIM02\Desktop\ServerKT\node_modules\koa-router\lib\router.js:346:16
    at dispatch (C:\Users\BIM02\Desktop\ServerKT\node_modules\koa-router\node_modules\koa-compose\index.js:44:32)
    at C:\Users\BIM02\Desktop\ServerKT\node_modules\koa-router\node_modules\koa-compose\index.js:36:12
    at dispatch (C:\Users\BIM02\Desktop\ServerKT\node_modules\koa-router\lib\router.js:351:31)
    at dispatch (C:\Users\BIM02\Desktop\ServerKT\node_modules\koa-compose\index.js:42:32)
    at module.exports (C:\Users\BIM02\Desktop\ServerKT\middlewares\auth.js:76:9)
[2020-07-07T16:53:08.693] [ERROR] app - 401
[2020-07-07T16:55:02.797] [ERROR] app - 
[2020-07-07T16:57:01.249] [ERROR] app - 
[2020-07-07T16:57:12.283] [ERROR] app - TypeError: user.related(...).related is not a function
    at Object.out.Get (C:\Users\BIM02\Desktop\ServerKT\restful\v0\sessions.js:174:69)
[2020-07-07T16:57:25.929] [ERROR] app - TypeError: user.related(...).related is not a function
    at Object.out.Get (C:\Users\BIM02\Desktop\ServerKT\restful\v0\sessions.js:174:69)
[2020-07-07T16:59:00.811] [ERROR] app - TypeError: user.related is not a function
    at Object.out.Get (C:\Users\BIM02\Desktop\ServerKT\restful\v0\sessions.js:174:17)
[2020-07-07T16:59:05.555] [ERROR] app - TypeError: user.related is not a function
    at Object.out.Get (C:\Users\BIM02\Desktop\ServerKT\restful\v0\sessions.js:174:17)
[2020-07-07T17:00:48.453] [ERROR] app - { Error: select `deps`, `roles`, `avatar`, `phone`, `name` from `user` - ER_BAD_FIELD_ERROR: Unknown column 'deps' in 'field list'
    at Query.Sequence._packetToError (C:\Users\BIM02\Desktop\ServerKT\node_modules\mysql\lib\protocol\sequences\Sequence.js:47:14)
    at Query.ErrorPacket (C:\Users\BIM02\Desktop\ServerKT\node_modules\mysql\lib\protocol\sequences\Query.js:79:18)
    at Protocol._parsePacket (C:\Users\BIM02\Desktop\ServerKT\node_modules\mysql\lib\protocol\Protocol.js:291:23)
    at Parser._parsePacket (C:\Users\BIM02\Desktop\ServerKT\node_modules\mysql\lib\protocol\Parser.js:433:10)
    at Parser.write (C:\Users\BIM02\Desktop\ServerKT\node_modules\mysql\lib\protocol\Parser.js:43:10)
    at Protocol.write (C:\Users\BIM02\Desktop\ServerKT\node_modules\mysql\lib\protocol\Protocol.js:38:16)
    at Socket.<anonymous> (C:\Users\BIM02\Desktop\ServerKT\node_modules\mysql\lib\Connection.js:88:28)
    at Socket.<anonymous> (C:\Users\BIM02\Desktop\ServerKT\node_modules\mysql\lib\Connection.js:526:10)
    at Socket.emit (events.js:182:13)
    at addChunk (_stream_readable.js:283:12)
    at readableAddChunk (_stream_readable.js:264:11)
    at Socket.Readable.push (_stream_readable.js:219:10)
    at TCP.onStreamRead [as onread] (internal/stream_base_commons.js:94:17)
    at Protocol._enqueue (C:\Users\BIM02\Desktop\ServerKT\node_modules\mysql\lib\protocol\Protocol.js:144:48)
    at Connection.query (C:\Users\BIM02\Desktop\ServerKT\node_modules\mysql\lib\Connection.js:198:25)
    at C:\Users\BIM02\Desktop\ServerKT\node_modules\knex\lib\dialects\mysql\index.js:135:18
    at new Promise (<anonymous>)
    at Client_MySQL._query (C:\Users\BIM02\Desktop\ServerKT\node_modules\knex\lib\dialects\mysql\index.js:129:12)
    at Client_MySQL.query (C:\Users\BIM02\Desktop\ServerKT\node_modules\knex\lib\client.js:169:17)
    at Runner.query (C:\Users\BIM02\Desktop\ServerKT\node_modules\knex\lib\runner.js:134:36)
    at C:\Users\BIM02\Desktop\ServerKT\node_modules\knex\lib\runner.js:40:23
    at client.acquireConnection.catch.then (C:\Users\BIM02\Desktop\ServerKT\node_modules\knex\lib\runner.js:260:24)
From previous event:
    at runCallback (timers.js:694:18)
    at tryOnImmediate (timers.js:665:5)
    at processImmediate (timers.js:647:5)
From previous event:
    at Sync.<anonymous> (C:\Users\BIM02\Desktop\ServerKT\node_modules\bookshelf\lib\sync.js:204:8)
From previous event:
    at Child.<anonymous> (C:\Users\BIM02\Desktop\ServerKT\node_modules\bookshelf\lib\collection.js:160:12)
From previous event:
    at Child.fetchAll (C:\Users\BIM02\Desktop\ServerKT\node_modules\bookshelf\lib\model.js:878:10)
    at Object.out.Get (C:\Users\BIM02\Desktop\ServerKT\restful\v0\sessions.js:158:8)
    at RestfulAPIMethods.(anonymous function) (C:\Users\BIM02\Desktop\ServerKT\routes\restful.js:32:60)
    at dispatch (C:\Users\BIM02\Desktop\ServerKT\node_modules\koa-router\node_modules\koa-compose\index.js:44:32)
    at next (C:\Users\BIM02\Desktop\ServerKT\node_modules\koa-router\node_modules\koa-compose\index.js:45:18)
    at C:\Users\BIM02\Desktop\ServerKT\node_modules\koa-router\lib\router.js:346:16
    at dispatch (C:\Users\BIM02\Desktop\ServerKT\node_modules\koa-router\node_modules\koa-compose\index.js:44:32)
    at next (C:\Users\BIM02\Desktop\ServerKT\node_modules\koa-router\node_modules\koa-compose\index.js:45:18)
    at route.use (C:\Users\BIM02\Desktop\ServerKT\routes\restful.js:97:19)
    at dispatch (C:\Users\BIM02\Desktop\ServerKT\node_modules\koa-router\node_modules\koa-compose\index.js:44:32)
    at next (C:\Users\BIM02\Desktop\ServerKT\node_modules\koa-router\node_modules\koa-compose\index.js:45:18)
    at C:\Users\BIM02\Desktop\ServerKT\node_modules\koa-router\lib\router.js:346:16
    at dispatch (C:\Users\BIM02\Desktop\ServerKT\node_modules\koa-router\node_modules\koa-compose\index.js:44:32)
    at C:\Users\BIM02\Desktop\ServerKT\node_modules\koa-router\node_modules\koa-compose\index.js:36:12
    at dispatch (C:\Users\BIM02\Desktop\ServerKT\node_modules\koa-router\lib\router.js:351:31)
    at dispatch (C:\Users\BIM02\Desktop\ServerKT\node_modules\koa-compose\index.js:42:32)
    at module.exports (C:\Users\BIM02\Desktop\ServerKT\middlewares\auth.js:76:9)
  code: 'ER_BAD_FIELD_ERROR',
  errno: 1054,
  sqlMessage: 'Unknown column \'deps\' in \'field list\'',
  sqlState: '42S22',
  index: 0,
  sql:
   'select `deps`, `roles`, `avatar`, `phone`, `name` from `user`' }
[2020-07-07T17:01:05.657] [ERROR] app - { Error: select `deps`, `roles`, `avatar`, `phone`, `name` from `user` where `user`.`id` = 'ADMIN' limit 1 - ER_BAD_FIELD_ERROR: Unknown column 'deps' in 'field list'
    at Query.Sequence._packetToError (C:\Users\BIM02\Desktop\ServerKT\node_modules\mysql\lib\protocol\sequences\Sequence.js:47:14)
    at Query.ErrorPacket (C:\Users\BIM02\Desktop\ServerKT\node_modules\mysql\lib\protocol\sequences\Query.js:79:18)
    at Protocol._parsePacket (C:\Users\BIM02\Desktop\ServerKT\node_modules\mysql\lib\protocol\Protocol.js:291:23)
    at Parser._parsePacket (C:\Users\BIM02\Desktop\ServerKT\node_modules\mysql\lib\protocol\Parser.js:433:10)
    at Parser.write (C:\Users\BIM02\Desktop\ServerKT\node_modules\mysql\lib\protocol\Parser.js:43:10)
    at Protocol.write (C:\Users\BIM02\Desktop\ServerKT\node_modules\mysql\lib\protocol\Protocol.js:38:16)
    at Socket.<anonymous> (C:\Users\BIM02\Desktop\ServerKT\node_modules\mysql\lib\Connection.js:88:28)
    at Socket.<anonymous> (C:\Users\BIM02\Desktop\ServerKT\node_modules\mysql\lib\Connection.js:526:10)
    at Socket.emit (events.js:182:13)
    at addChunk (_stream_readable.js:283:12)
    at readableAddChunk (_stream_readable.js:264:11)
    at Socket.Readable.push (_stream_readable.js:219:10)
    at TCP.onStreamRead [as onread] (internal/stream_base_commons.js:94:17)
    at Protocol._enqueue (C:\Users\BIM02\Desktop\ServerKT\node_modules\mysql\lib\protocol\Protocol.js:144:48)
    at Connection.query (C:\Users\BIM02\Desktop\ServerKT\node_modules\mysql\lib\Connection.js:198:25)
    at C:\Users\BIM02\Desktop\ServerKT\node_modules\knex\lib\dialects\mysql\index.js:135:18
    at new Promise (<anonymous>)
    at Client_MySQL._query (C:\Users\BIM02\Desktop\ServerKT\node_modules\knex\lib\dialects\mysql\index.js:129:12)
    at Client_MySQL.query (C:\Users\BIM02\Desktop\ServerKT\node_modules\knex\lib\client.js:169:17)
    at Runner.query (C:\Users\BIM02\Desktop\ServerKT\node_modules\knex\lib\runner.js:134:36)
    at C:\Users\BIM02\Desktop\ServerKT\node_modules\knex\lib\runner.js:40:23
    at client.acquireConnection.catch.then (C:\Users\BIM02\Desktop\ServerKT\node_modules\knex\lib\runner.js:260:24)
From previous event:
    at runCallback (timers.js:694:18)
    at tryOnImmediate (timers.js:665:5)
    at processImmediate (timers.js:647:5)
From previous event:
    at Sync.<anonymous> (C:\Users\BIM02\Desktop\ServerKT\node_modules\bookshelf\lib\sync.js:204:8)
    at Sync.<anonymous> (C:\Users\BIM02\Desktop\ServerKT\node_modules\bookshelf\lib\sync.js:66:17)
    at Child.<anonymous> (C:\Users\BIM02\Desktop\ServerKT\node_modules\bookshelf\lib\model.js:713:12)
    at Child.fetch (C:\Users\BIM02\Desktop\ServerKT\node_modules\bookshelf\lib\model.js:702:19)
    at Object.out.Get (C:\Users\BIM02\Desktop\ServerKT\restful\v0\sessions.js:158:8)
    at RestfulAPIMethods.(anonymous function) (C:\Users\BIM02\Desktop\ServerKT\routes\restful.js:32:60)
    at dispatch (C:\Users\BIM02\Desktop\ServerKT\node_modules\koa-router\node_modules\koa-compose\index.js:44:32)
    at next (C:\Users\BIM02\Desktop\ServerKT\node_modules\koa-router\node_modules\koa-compose\index.js:45:18)
    at C:\Users\BIM02\Desktop\ServerKT\node_modules\koa-router\lib\router.js:346:16
    at dispatch (C:\Users\BIM02\Desktop\ServerKT\node_modules\koa-router\node_modules\koa-compose\index.js:44:32)
    at next (C:\Users\BIM02\Desktop\ServerKT\node_modules\koa-router\node_modules\koa-compose\index.js:45:18)
    at route.use (C:\Users\BIM02\Desktop\ServerKT\routes\restful.js:97:19)
From previous event:
    at Sync.<anonymous> (C:\Users\BIM02\Desktop\ServerKT\node_modules\bookshelf\lib\sync.js:66:17)
From previous event:
    at Child.<anonymous> (C:\Users\BIM02\Desktop\ServerKT\node_modules\bookshelf\lib\model.js:713:12)
From previous event:
    at Child.fetch (C:\Users\BIM02\Desktop\ServerKT\node_modules\bookshelf\lib\model.js:702:19)
    at Object.out.Get (C:\Users\BIM02\Desktop\ServerKT\restful\v0\sessions.js:158:8)
    at RestfulAPIMethods.(anonymous function) (C:\Users\BIM02\Desktop\ServerKT\routes\restful.js:32:60)
    at dispatch (C:\Users\BIM02\Desktop\ServerKT\node_modules\koa-router\node_modules\koa-compose\index.js:44:32)
    at next (C:\Users\BIM02\Desktop\ServerKT\node_modules\koa-router\node_modules\koa-compose\index.js:45:18)
    at C:\Users\BIM02\Desktop\ServerKT\node_modules\koa-router\lib\router.js:346:16
    at dispatch (C:\Users\BIM02\Desktop\ServerKT\node_modules\koa-router\node_modules\koa-compose\index.js:44:32)
    at next (C:\Users\BIM02\Desktop\ServerKT\node_modules\koa-router\node_modules\koa-compose\index.js:45:18)
    at route.use (C:\Users\BIM02\Desktop\ServerKT\routes\restful.js:97:19)
    at dispatch (C:\Users\BIM02\Desktop\ServerKT\node_modules\koa-router\node_modules\koa-compose\index.js:44:32)
    at next (C:\Users\BIM02\Desktop\ServerKT\node_modules\koa-router\node_modules\koa-compose\index.js:45:18)
    at C:\Users\BIM02\Desktop\ServerKT\node_modules\koa-router\lib\router.js:346:16
    at dispatch (C:\Users\BIM02\Desktop\ServerKT\node_modules\koa-router\node_modules\koa-compose\index.js:44:32)
    at C:\Users\BIM02\Desktop\ServerKT\node_modules\koa-router\node_modules\koa-compose\index.js:36:12
    at dispatch (C:\Users\BIM02\Desktop\ServerKT\node_modules\koa-router\lib\router.js:351:31)
    at dispatch (C:\Users\BIM02\Desktop\ServerKT\node_modules\koa-compose\index.js:42:32)
    at module.exports (C:\Users\BIM02\Desktop\ServerKT\middlewares\auth.js:76:9)
  code: 'ER_BAD_FIELD_ERROR',
  errno: 1054,
  sqlMessage: 'Unknown column \'deps\' in \'field list\'',
  sqlState: '42S22',
  index: 0,
  sql:
   'select `deps`, `roles`, `avatar`, `phone`, `name` from `user` where `user`.`id` = \'ADMIN\' limit 1' }
